-- Found ament_cmake: 1.3.11 (/opt/ros/humble/share/ament_cmake/cmake)
-- Found rosidl_default_generators: 1.2.0 (/opt/ros/humble/share/rosidl_default_generators/cmake)
-- Using all available rosidl_typesupport_c: rosidl_typesupport_fastrtps_c;rosidl_typesupport_introspection_c
-- Found rosidl_adapter: 3.1.6 (/opt/ros/humble/share/rosidl_adapter/cmake)
-- Using all available rosidl_typesupport_cpp: rosidl_typesupport_fastrtps_cpp;rosidl_typesupport_introspection_cpp
-- Found Python3: /usr/bin/python3 (found version "3.10.12") found components: Interpreter Development Development.Module Development.Embed 
-- Found Python3: /usr/bin/python3 (found version "3.10.12") found components: Interpreter 
-- Found ament_cmake_ros: 0.10.0 (/opt/ros/humble/share/ament_cmake_ros/cmake)
-- Using all available rosidl_typesupport_c: rosidl_typesupport_fastrtps_c;rosidl_typesupport_introspection_c
-- Using all available rosidl_typesupport_cpp: rosidl_typesupport_fastrtps_cpp;rosidl_typesupport_introspection_cpp
-- Found python_cmake_module: 0.10.0 (/opt/ros/humble/share/python_cmake_module/cmake)
-- Using PYTHON_EXECUTABLE: /usr/bin/python3
-- Using PYTHON_INCLUDE_DIRS: /usr/include/python3.10
-- Using PYTHON_LIBRARIES: /usr/lib/x86_64-linux-gnu/libpython3.10.so
-- Found ament_lint_auto: 0.12.11 (/opt/ros/humble/share/ament_lint_auto/cmake)
-- Added test 'copyright' to check source files copyright and LICENSE
-- Added test 'lint_cmake' to check CMake code style
-- Added test 'xmllint' to check XML markup files
-- Configuring done
-- Generating done
-- Build files have been written to: /home/tronsoc/baseStation/ARCh2025-BaseStation/ros2_ws/build/custom_msgs
[  1%] [34m[1mGenerating C code for ROS interfaces[0m
[  3%] [34m[1mGenerating C++ code for ROS interfaces[0m
[  3%] Built target ament_cmake_python_copy_custom_msgs
running egg_info
writing custom_msgs.egg-info/PKG-INFO
writing dependency_links to custom_msgs.egg-info/dependency_links.txt
writing top-level names to custom_msgs.egg-info/top_level.txt
reading manifest file 'custom_msgs.egg-info/SOURCES.txt'
writing manifest file 'custom_msgs.egg-info/SOURCES.txt'
[  3%] Built target ament_cmake_python_build_custom_msgs_egg
[35m[1mConsolidate compiler generated dependencies of target custom_msgs__rosidl_generator_c[0m
[  3%] Built target custom_msgs__cpp
[  5%] [32mBuilding C object CMakeFiles/custom_msgs__rosidl_generator_c.dir/rosidl_generator_c/custom_msgs/msg/detail/drivetrain_control__functions.c.o[0m
[  7%] [32mBuilding C object CMakeFiles/custom_msgs__rosidl_generator_c.dir/rosidl_generator_c/custom_msgs/msg/detail/drivetrain_feedback__functions.c.o[0m
[  9%] [32mBuilding C object CMakeFiles/custom_msgs__rosidl_generator_c.dir/rosidl_generator_c/custom_msgs/msg/detail/science_control__functions.c.o[0m
[ 10%] [32mBuilding C object CMakeFiles/custom_msgs__rosidl_generator_c.dir/rosidl_generator_c/custom_msgs/msg/detail/science_feedback__functions.c.o[0m
[ 14%] [34m[1mGenerating C++ type support dispatch for ROS interfaces[0m
[ 14%] [34m[1mGenerating C++ type support for eProsima Fast-RTPS[0m
[ 16%] [34m[1mGenerating C++ introspection for ROS interfaces[0m
[ 18%] [32m[1mLinking C shared library libcustom_msgs__rosidl_generator_c.so[0m
[ 18%] Built target custom_msgs__rosidl_generator_c
[ 23%] [34m[1mGenerating C introspection for ROS interfaces[0m
[ 23%] [34m[1mGenerating C type support for eProsima Fast-RTPS[0m
[ 23%] [34m[1mGenerating C type support dispatch for ROS interfaces[0m
[35m[1mConsolidate compiler generated dependencies of target custom_msgs__rosidl_typesupport_cpp[0m
[ 25%] [32mBuilding CXX object CMakeFiles/custom_msgs__rosidl_typesupport_cpp.dir/rosidl_typesupport_cpp/custom_msgs/msg/science_feedback__type_support.cpp.o[0m
[ 27%] [32mBuilding CXX object CMakeFiles/custom_msgs__rosidl_typesupport_cpp.dir/rosidl_typesupport_cpp/custom_msgs/msg/science_control__type_support.cpp.o[0m
[ 29%] [32mBuilding CXX object CMakeFiles/custom_msgs__rosidl_typesupport_cpp.dir/rosidl_typesupport_cpp/custom_msgs/msg/drivetrain_control__type_support.cpp.o[0m
[ 30%] [32mBuilding CXX object CMakeFiles/custom_msgs__rosidl_typesupport_cpp.dir/rosidl_typesupport_cpp/custom_msgs/msg/drivetrain_feedback__type_support.cpp.o[0m
[35m[1mConsolidate compiler generated dependencies of target custom_msgs__rosidl_typesupport_introspection_cpp[0m
[ 32%] [32mBuilding CXX object CMakeFiles/custom_msgs__rosidl_typesupport_introspection_cpp.dir/rosidl_typesupport_introspection_cpp/custom_msgs/msg/detail/science_feedback__type_support.cpp.o[0m
[ 34%] [32mBuilding CXX object CMakeFiles/custom_msgs__rosidl_typesupport_introspection_cpp.dir/rosidl_typesupport_introspection_cpp/custom_msgs/msg/detail/drivetrain_feedback__type_support.cpp.o[0m
[ 36%] [32mBuilding CXX object CMakeFiles/custom_msgs__rosidl_typesupport_introspection_cpp.dir/rosidl_typesupport_introspection_cpp/custom_msgs/msg/detail/drivetrain_control__type_support.cpp.o[0m
[ 38%] [32mBuilding CXX object CMakeFiles/custom_msgs__rosidl_typesupport_introspection_cpp.dir/rosidl_typesupport_introspection_cpp/custom_msgs/msg/detail/science_control__type_support.cpp.o[0m
[35m[1mConsolidate compiler generated dependencies of target custom_msgs__rosidl_typesupport_fastrtps_cpp[0m
[35m[1mConsolidate compiler generated dependencies of target custom_msgs__rosidl_typesupport_c[0m
[ 41%] [32mBuilding CXX object CMakeFiles/custom_msgs__rosidl_typesupport_fastrtps_cpp.dir/rosidl_typesupport_fastrtps_cpp/custom_msgs/msg/detail/dds_fastrtps/drivetrain_control__type_support.cpp.o[0m
[ 41%] [32mBuilding CXX object CMakeFiles/custom_msgs__rosidl_typesupport_fastrtps_cpp.dir/rosidl_typesupport_fastrtps_cpp/custom_msgs/msg/detail/dds_fastrtps/drivetrain_feedback__type_support.cpp.o[0m
[ 43%] [32mBuilding CXX object CMakeFiles/custom_msgs__rosidl_typesupport_fastrtps_cpp.dir/rosidl_typesupport_fastrtps_cpp/custom_msgs/msg/detail/dds_fastrtps/science_feedback__type_support.cpp.o[0m
[ 45%] [32mBuilding CXX object CMakeFiles/custom_msgs__rosidl_typesupport_fastrtps_cpp.dir/rosidl_typesupport_fastrtps_cpp/custom_msgs/msg/detail/dds_fastrtps/science_control__type_support.cpp.o[0m
[ 47%] [32mBuilding CXX object CMakeFiles/custom_msgs__rosidl_typesupport_c.dir/rosidl_typesupport_c/custom_msgs/msg/drivetrain_feedback__type_support.cpp.o[0m
[ 49%] [32mBuilding CXX object CMakeFiles/custom_msgs__rosidl_typesupport_c.dir/rosidl_typesupport_c/custom_msgs/msg/drivetrain_control__type_support.cpp.o[0m
[ 50%] [32mBuilding CXX object CMakeFiles/custom_msgs__rosidl_typesupport_c.dir/rosidl_typesupport_c/custom_msgs/msg/science_feedback__type_support.cpp.o[0m
[ 52%] [32mBuilding CXX object CMakeFiles/custom_msgs__rosidl_typesupport_c.dir/rosidl_typesupport_c/custom_msgs/msg/science_control__type_support.cpp.o[0m
[ 54%] [32m[1mLinking CXX shared library libcustom_msgs__rosidl_typesupport_c.so[0m
[35m[1mConsolidate compiler generated dependencies of target custom_msgs__rosidl_typesupport_introspection_c[0m
[ 56%] [32mBuilding C object CMakeFiles/custom_msgs__rosidl_typesupport_introspection_c.dir/rosidl_typesupport_introspection_c/custom_msgs/msg/detail/drivetrain_feedback__type_support.c.o[0m
[ 58%] [32mBuilding C object CMakeFiles/custom_msgs__rosidl_typesupport_introspection_c.dir/rosidl_typesupport_introspection_c/custom_msgs/msg/detail/drivetrain_control__type_support.c.o[0m
[35m[1mConsolidate compiler generated dependencies of target custom_msgs__rosidl_typesupport_fastrtps_c[0m
[ 60%] [32mBuilding CXX object CMakeFiles/custom_msgs__rosidl_typesupport_fastrtps_c.dir/rosidl_typesupport_fastrtps_c/custom_msgs/msg/detail/drivetrain_control__type_support_c.cpp.o[0m
[ 60%] Built target custom_msgs__rosidl_typesupport_c
[ 63%] [32mBuilding C object CMakeFiles/custom_msgs__rosidl_typesupport_introspection_c.dir/rosidl_typesupport_introspection_c/custom_msgs/msg/detail/science_control__type_support.c.o[0m
[ 63%] [32mBuilding C object CMakeFiles/custom_msgs__rosidl_typesupport_introspection_c.dir/rosidl_typesupport_introspection_c/custom_msgs/msg/detail/science_feedback__type_support.c.o[0m
[ 65%] [32mBuilding CXX object CMakeFiles/custom_msgs__rosidl_typesupport_fastrtps_c.dir/rosidl_typesupport_fastrtps_c/custom_msgs/msg/detail/drivetrain_feedback__type_support_c.cpp.o[0m
[ 67%] [32mBuilding CXX object CMakeFiles/custom_msgs__rosidl_typesupport_fastrtps_c.dir/rosidl_typesupport_fastrtps_c/custom_msgs/msg/detail/science_feedback__type_support_c.cpp.o[0m
[ 70%] [32m[1mLinking C shared library libcustom_msgs__rosidl_typesupport_introspection_c.so[0m
[ 70%] [32mBuilding CXX object CMakeFiles/custom_msgs__rosidl_typesupport_fastrtps_c.dir/rosidl_typesupport_fastrtps_c/custom_msgs/msg/detail/science_control__type_support_c.cpp.o[0m
[ 72%] [32m[1mLinking CXX shared library libcustom_msgs__rosidl_typesupport_cpp.so[0m
[ 72%] Built target custom_msgs__rosidl_typesupport_introspection_c
[ 72%] Built target custom_msgs__rosidl_typesupport_cpp
[ 74%] [32m[1mLinking CXX shared library libcustom_msgs__rosidl_typesupport_introspection_cpp.so[0m
[ 76%] [32m[1mLinking CXX shared library libcustom_msgs__rosidl_typesupport_fastrtps_cpp.so[0m
[ 76%] Built target custom_msgs__rosidl_typesupport_introspection_cpp
[ 76%] Built target custom_msgs__rosidl_typesupport_fastrtps_cpp
[ 78%] [32m[1mLinking CXX shared library libcustom_msgs__rosidl_typesupport_fastrtps_c.so[0m
[ 78%] Built target custom_msgs__rosidl_typesupport_fastrtps_c
[ 78%] Built target custom_msgs
[ 80%] [34m[1mGenerating Python code for ROS interfaces[0m
[ 80%] Built target custom_msgs__py
[35m[1mConsolidate compiler generated dependencies of target custom_msgs__rosidl_generator_py[0m
[ 81%] [32mBuilding C object CMakeFiles/custom_msgs__rosidl_generator_py.dir/rosidl_generator_py/custom_msgs/msg/_drivetrain_control_s.c.o[0m
[ 83%] [32mBuilding C object CMakeFiles/custom_msgs__rosidl_generator_py.dir/rosidl_generator_py/custom_msgs/msg/_drivetrain_feedback_s.c.o[0m
[ 85%] [32mBuilding C object CMakeFiles/custom_msgs__rosidl_generator_py.dir/rosidl_generator_py/custom_msgs/msg/_science_feedback_s.c.o[0m
[ 87%] [32mBuilding C object CMakeFiles/custom_msgs__rosidl_generator_py.dir/rosidl_generator_py/custom_msgs/msg/_science_control_s.c.o[0m
[ 89%] [32m[1mLinking C shared library rosidl_generator_py/custom_msgs/libcustom_msgs__rosidl_generator_py.so[0m
[ 89%] Built target custom_msgs__rosidl_generator_py
[35m[1mConsolidate compiler generated dependencies of target custom_msgs__rosidl_typesupport_fastrtps_c__pyext[0m
[35m[1mConsolidate compiler generated dependencies of target custom_msgs__rosidl_typesupport_introspection_c__pyext[0m
[35m[1mConsolidate compiler generated dependencies of target custom_msgs__rosidl_typesupport_c__pyext[0m
[ 90%] [32mBuilding C object CMakeFiles/custom_msgs__rosidl_typesupport_fastrtps_c__pyext.dir/rosidl_generator_py/custom_msgs/_custom_msgs_s.ep.rosidl_typesupport_fastrtps_c.c.o[0m
[ 92%] [32mBuilding C object CMakeFiles/custom_msgs__rosidl_typesupport_introspection_c__pyext.dir/rosidl_generator_py/custom_msgs/_custom_msgs_s.ep.rosidl_typesupport_introspection_c.c.o[0m
[ 94%] [32mBuilding C object CMakeFiles/custom_msgs__rosidl_typesupport_c__pyext.dir/rosidl_generator_py/custom_msgs/_custom_msgs_s.ep.rosidl_typesupport_c.c.o[0m
[ 96%] [32m[1mLinking C shared library rosidl_generator_py/custom_msgs/custom_msgs_s__rosidl_typesupport_c.cpython-310-x86_64-linux-gnu.so[0m
[ 98%] [32m[1mLinking C shared library rosidl_generator_py/custom_msgs/custom_msgs_s__rosidl_typesupport_introspection_c.cpython-310-x86_64-linux-gnu.so[0m
[100%] [32m[1mLinking C shared library rosidl_generator_py/custom_msgs/custom_msgs_s__rosidl_typesupport_fastrtps_c.cpython-310-x86_64-linux-gnu.so[0m
[100%] Built target custom_msgs__rosidl_typesupport_c__pyext
[100%] Built target custom_msgs__rosidl_typesupport_introspection_c__pyext
[100%] Built target custom_msgs__rosidl_typesupport_fastrtps_c__pyext
-- Install configuration: ""
-- Up-to-date: /home/tronsoc/baseStation/ARCh2025-BaseStation/ros2_ws/install/custom_msgs/share/ament_index/resource_index/rosidl_interfaces/custom_msgs
-- Up-to-date: /home/tronsoc/baseStation/ARCh2025-BaseStation/ros2_ws/install/custom_msgs/include/custom_msgs/custom_msgs
-- Up-to-date: /home/tronsoc/baseStation/ARCh2025-BaseStation/ros2_ws/install/custom_msgs/include/custom_msgs/custom_msgs/msg
-- Up-to-date: /home/tronsoc/baseStation/ARCh2025-BaseStation/ros2_ws/install/custom_msgs/include/custom_msgs/custom_msgs/msg/rosidl_generator_c__visibility_control.h
-- Installing: /home/tronsoc/baseStation/ARCh2025-BaseStation/ros2_ws/install/custom_msgs/include/custom_msgs/custom_msgs/msg/drivetrain_feedback.h
-- Up-to-date: /home/tronsoc/baseStation/ARCh2025-BaseStation/ros2_ws/install/custom_msgs/include/custom_msgs/custom_msgs/msg/detail
-- Installing: /home/tronsoc/baseStation/ARCh2025-BaseStation/ros2_ws/install/custom_msgs/include/custom_msgs/custom_msgs/msg/detail/drivetrain_feedback__functions.c
-- Installing: /home/tronsoc/baseStation/ARCh2025-BaseStation/ros2_ws/install/custom_msgs/include/custom_msgs/custom_msgs/msg/detail/science_control__functions.h
-- Installing: /home/tronsoc/baseStation/ARCh2025-BaseStation/ros2_ws/install/custom_msgs/include/custom_msgs/custom_msgs/msg/detail/drivetrain_feedback__struct.h
-- Installing: /home/tronsoc/baseStation/ARCh2025-BaseStation/ros2_ws/install/custom_msgs/include/custom_msgs/custom_msgs/msg/detail/drivetrain_control__type_support.h
-- Installing: /home/tronsoc/baseStation/ARCh2025-BaseStation/ros2_ws/install/custom_msgs/include/custom_msgs/custom_msgs/msg/detail/science_feedback__struct.h
-- Installing: /home/tronsoc/baseStation/ARCh2025-BaseStation/ros2_ws/install/custom_msgs/include/custom_msgs/custom_msgs/msg/detail/drivetrain_control__functions.h
-- Up-to-date: /home/tronsoc/baseStation/ARCh2025-BaseStation/ros2_ws/install/custom_msgs/include/custom_msgs/custom_msgs/msg/detail/custom_message__struct.h
-- Installing: /home/tronsoc/baseStation/ARCh2025-BaseStation/ros2_ws/install/custom_msgs/include/custom_msgs/custom_msgs/msg/detail/drivetrain_control__functions.c
-- Up-to-date: /home/tronsoc/baseStation/ARCh2025-BaseStation/ros2_ws/install/custom_msgs/include/custom_msgs/custom_msgs/msg/detail/custom_message__type_support.h
-- Installing: /home/tronsoc/baseStation/ARCh2025-BaseStation/ros2_ws/install/custom_msgs/include/custom_msgs/custom_msgs/msg/detail/science_control__struct.h
-- Installing: /home/tronsoc/baseStation/ARCh2025-BaseStation/ros2_ws/install/custom_msgs/include/custom_msgs/custom_msgs/msg/detail/science_control__functions.c
-- Installing: /home/tronsoc/baseStation/ARCh2025-BaseStation/ros2_ws/install/custom_msgs/include/custom_msgs/custom_msgs/msg/detail/science_feedback__functions.h
-- Installing: /home/tronsoc/baseStation/ARCh2025-BaseStation/ros2_ws/install/custom_msgs/include/custom_msgs/custom_msgs/msg/detail/drivetrain_control__struct.h
-- Installing: /home/tronsoc/baseStation/ARCh2025-BaseStation/ros2_ws/install/custom_msgs/include/custom_msgs/custom_msgs/msg/detail/science_control__type_support.h
-- Installing: /home/tronsoc/baseStation/ARCh2025-BaseStation/ros2_ws/install/custom_msgs/include/custom_msgs/custom_msgs/msg/detail/drivetrain_feedback__functions.h
-- Installing: /home/tronsoc/baseStation/ARCh2025-BaseStation/ros2_ws/install/custom_msgs/include/custom_msgs/custom_msgs/msg/detail/science_feedback__type_support.h
-- Installing: /home/tronsoc/baseStation/ARCh2025-BaseStation/ros2_ws/install/custom_msgs/include/custom_msgs/custom_msgs/msg/detail/science_feedback__functions.c
-- Up-to-date: /home/tronsoc/baseStation/ARCh2025-BaseStation/ros2_ws/install/custom_msgs/include/custom_msgs/custom_msgs/msg/detail/custom_message__functions.c
-- Up-to-date: /home/tronsoc/baseStation/ARCh2025-BaseStation/ros2_ws/install/custom_msgs/include/custom_msgs/custom_msgs/msg/detail/custom_message__functions.h
-- Installing: /home/tronsoc/baseStation/ARCh2025-BaseStation/ros2_ws/install/custom_msgs/include/custom_msgs/custom_msgs/msg/detail/drivetrain_feedback__type_support.h
-- Up-to-date: /home/tronsoc/baseStation/ARCh2025-BaseStation/ros2_ws/install/custom_msgs/include/custom_msgs/custom_msgs/msg/custom_message.h
-- Installing: /home/tronsoc/baseStation/ARCh2025-BaseStation/ros2_ws/install/custom_msgs/include/custom_msgs/custom_msgs/msg/science_feedback.h
-- Installing: /home/tronsoc/baseStation/ARCh2025-BaseStation/ros2_ws/install/custom_msgs/include/custom_msgs/custom_msgs/msg/science_control.h
-- Installing: /home/tronsoc/baseStation/ARCh2025-BaseStation/ros2_ws/install/custom_msgs/include/custom_msgs/custom_msgs/msg/drivetrain_control.h
-- Up-to-date: /home/tronsoc/baseStation/ARCh2025-BaseStation/ros2_ws/install/custom_msgs/share/custom_msgs/environment/library_path.sh
-- Installing: /home/tronsoc/baseStation/ARCh2025-BaseStation/ros2_ws/install/custom_msgs/share/custom_msgs/environment/library_path.dsv
-- Installing: /home/tronsoc/baseStation/ARCh2025-BaseStation/ros2_ws/install/custom_msgs/lib/libcustom_msgs__rosidl_generator_c.so
-- Set runtime path of "/home/tronsoc/baseStation/ARCh2025-BaseStation/ros2_ws/install/custom_msgs/lib/libcustom_msgs__rosidl_generator_c.so" to ""
-- Up-to-date: /home/tronsoc/baseStation/ARCh2025-BaseStation/ros2_ws/install/custom_msgs/include/custom_msgs/custom_msgs
-- Up-to-date: /home/tronsoc/baseStation/ARCh2025-BaseStation/ros2_ws/install/custom_msgs/include/custom_msgs/custom_msgs/msg
-- Up-to-date: /home/tronsoc/baseStation/ARCh2025-BaseStation/ros2_ws/install/custom_msgs/include/custom_msgs/custom_msgs/msg/rosidl_typesupport_fastrtps_c__visibility_control.h
-- Up-to-date: /home/tronsoc/baseStation/ARCh2025-BaseStation/ros2_ws/install/custom_msgs/include/custom_msgs/custom_msgs/msg/detail
-- Installing: /home/tronsoc/baseStation/ARCh2025-BaseStation/ros2_ws/install/custom_msgs/include/custom_msgs/custom_msgs/msg/detail/science_control__rosidl_typesupport_fastrtps_c.h
-- Installing: /home/tronsoc/baseStation/ARCh2025-BaseStation/ros2_ws/install/custom_msgs/include/custom_msgs/custom_msgs/msg/detail/science_feedback__rosidl_typesupport_fastrtps_c.h
-- Up-to-date: /home/tronsoc/baseStation/ARCh2025-BaseStation/ros2_ws/install/custom_msgs/include/custom_msgs/custom_msgs/msg/detail/custom_message__rosidl_typesupport_fastrtps_c.h
-- Installing: /home/tronsoc/baseStation/ARCh2025-BaseStation/ros2_ws/install/custom_msgs/include/custom_msgs/custom_msgs/msg/detail/drivetrain_control__rosidl_typesupport_fastrtps_c.h
-- Installing: /home/tronsoc/baseStation/ARCh2025-BaseStation/ros2_ws/install/custom_msgs/include/custom_msgs/custom_msgs/msg/detail/drivetrain_feedback__rosidl_typesupport_fastrtps_c.h
-- Installing: /home/tronsoc/baseStation/ARCh2025-BaseStation/ros2_ws/install/custom_msgs/lib/libcustom_msgs__rosidl_typesupport_fastrtps_c.so
-- Set runtime path of "/home/tronsoc/baseStation/ARCh2025-BaseStation/ros2_ws/install/custom_msgs/lib/libcustom_msgs__rosidl_typesupport_fastrtps_c.so" to ""
-- Up-to-date: /home/tronsoc/baseStation/ARCh2025-BaseStation/ros2_ws/install/custom_msgs/include/custom_msgs/custom_msgs
-- Up-to-date: /home/tronsoc/baseStation/ARCh2025-BaseStation/ros2_ws/install/custom_msgs/include/custom_msgs/custom_msgs/msg
-- Up-to-date: /home/tronsoc/baseStation/ARCh2025-BaseStation/ros2_ws/install/custom_msgs/include/custom_msgs/custom_msgs/msg/rosidl_typesupport_introspection_c__visibility_control.h
-- Up-to-date: /home/tronsoc/baseStation/ARCh2025-BaseStation/ros2_ws/install/custom_msgs/include/custom_msgs/custom_msgs/msg/detail
-- Installing: /home/tronsoc/baseStation/ARCh2025-BaseStation/ros2_ws/install/custom_msgs/include/custom_msgs/custom_msgs/msg/detail/drivetrain_control__type_support.c
-- Installing: /home/tronsoc/baseStation/ARCh2025-BaseStation/ros2_ws/install/custom_msgs/include/custom_msgs/custom_msgs/msg/detail/science_feedback__type_support.c
-- Up-to-date: /home/tronsoc/baseStation/ARCh2025-BaseStation/ros2_ws/install/custom_msgs/include/custom_msgs/custom_msgs/msg/detail/custom_message__type_support.c
-- Up-to-date: /home/tronsoc/baseStation/ARCh2025-BaseStation/ros2_ws/install/custom_msgs/include/custom_msgs/custom_msgs/msg/detail/custom_message__rosidl_typesupport_introspection_c.h
-- Installing: /home/tronsoc/baseStation/ARCh2025-BaseStation/ros2_ws/install/custom_msgs/include/custom_msgs/custom_msgs/msg/detail/science_feedback__rosidl_typesupport_introspection_c.h
-- Installing: /home/tronsoc/baseStation/ARCh2025-BaseStation/ros2_ws/install/custom_msgs/include/custom_msgs/custom_msgs/msg/detail/science_control__rosidl_typesupport_introspection_c.h
-- Installing: /home/tronsoc/baseStation/ARCh2025-BaseStation/ros2_ws/install/custom_msgs/include/custom_msgs/custom_msgs/msg/detail/drivetrain_feedback__rosidl_typesupport_introspection_c.h
-- Installing: /home/tronsoc/baseStation/ARCh2025-BaseStation/ros2_ws/install/custom_msgs/include/custom_msgs/custom_msgs/msg/detail/science_control__type_support.c
-- Installing: /home/tronsoc/baseStation/ARCh2025-BaseStation/ros2_ws/install/custom_msgs/include/custom_msgs/custom_msgs/msg/detail/drivetrain_control__rosidl_typesupport_introspection_c.h
-- Installing: /home/tronsoc/baseStation/ARCh2025-BaseStation/ros2_ws/install/custom_msgs/include/custom_msgs/custom_msgs/msg/detail/drivetrain_feedback__type_support.c
-- Installing: /home/tronsoc/baseStation/ARCh2025-BaseStation/ros2_ws/install/custom_msgs/lib/libcustom_msgs__rosidl_typesupport_introspection_c.so
-- Set runtime path of "/home/tronsoc/baseStation/ARCh2025-BaseStation/ros2_ws/install/custom_msgs/lib/libcustom_msgs__rosidl_typesupport_introspection_c.so" to ""
-- Installing: /home/tronsoc/baseStation/ARCh2025-BaseStation/ros2_ws/install/custom_msgs/lib/libcustom_msgs__rosidl_typesupport_c.so
-- Set runtime path of "/home/tronsoc/baseStation/ARCh2025-BaseStation/ros2_ws/install/custom_msgs/lib/libcustom_msgs__rosidl_typesupport_c.so" to ""
-- Up-to-date: /home/tronsoc/baseStation/ARCh2025-BaseStation/ros2_ws/install/custom_msgs/include/custom_msgs/custom_msgs
-- Up-to-date: /home/tronsoc/baseStation/ARCh2025-BaseStation/ros2_ws/install/custom_msgs/include/custom_msgs/custom_msgs/msg
-- Up-to-date: /home/tronsoc/baseStation/ARCh2025-BaseStation/ros2_ws/install/custom_msgs/include/custom_msgs/custom_msgs/msg/custom_message.hpp
-- Up-to-date: /home/tronsoc/baseStation/ARCh2025-BaseStation/ros2_ws/install/custom_msgs/include/custom_msgs/custom_msgs/msg/detail
-- Installing: /home/tronsoc/baseStation/ARCh2025-BaseStation/ros2_ws/install/custom_msgs/include/custom_msgs/custom_msgs/msg/detail/drivetrain_feedback__type_support.hpp
-- Installing: /home/tronsoc/baseStation/ARCh2025-BaseStation/ros2_ws/install/custom_msgs/include/custom_msgs/custom_msgs/msg/detail/drivetrain_control__type_support.hpp
-- Up-to-date: /home/tronsoc/baseStation/ARCh2025-BaseStation/ros2_ws/install/custom_msgs/include/custom_msgs/custom_msgs/msg/detail/custom_message__struct.hpp
-- Installing: /home/tronsoc/baseStation/ARCh2025-BaseStation/ros2_ws/install/custom_msgs/include/custom_msgs/custom_msgs/msg/detail/science_control__traits.hpp
-- Installing: /home/tronsoc/baseStation/ARCh2025-BaseStation/ros2_ws/install/custom_msgs/include/custom_msgs/custom_msgs/msg/detail/drivetrain_control__builder.hpp
-- Installing: /home/tronsoc/baseStation/ARCh2025-BaseStation/ros2_ws/install/custom_msgs/include/custom_msgs/custom_msgs/msg/detail/drivetrain_feedback__struct.hpp
-- Installing: /home/tronsoc/baseStation/ARCh2025-BaseStation/ros2_ws/install/custom_msgs/include/custom_msgs/custom_msgs/msg/detail/science_feedback__struct.hpp
-- Installing: /home/tronsoc/baseStation/ARCh2025-BaseStation/ros2_ws/install/custom_msgs/include/custom_msgs/custom_msgs/msg/detail/science_feedback__traits.hpp
-- Installing: /home/tronsoc/baseStation/ARCh2025-BaseStation/ros2_ws/install/custom_msgs/include/custom_msgs/custom_msgs/msg/detail/science_feedback__builder.hpp
-- Installing: /home/tronsoc/baseStation/ARCh2025-BaseStation/ros2_ws/install/custom_msgs/include/custom_msgs/custom_msgs/msg/detail/science_control__builder.hpp
-- Installing: /home/tronsoc/baseStation/ARCh2025-BaseStation/ros2_ws/install/custom_msgs/include/custom_msgs/custom_msgs/msg/detail/drivetrain_control__traits.hpp
-- Up-to-date: /home/tronsoc/baseStation/ARCh2025-BaseStation/ros2_ws/install/custom_msgs/include/custom_msgs/custom_msgs/msg/detail/custom_message__type_support.hpp
-- Installing: /home/tronsoc/baseStation/ARCh2025-BaseStation/ros2_ws/install/custom_msgs/include/custom_msgs/custom_msgs/msg/detail/drivetrain_feedback__traits.hpp
-- Installing: /home/tronsoc/baseStation/ARCh2025-BaseStation/ros2_ws/install/custom_msgs/include/custom_msgs/custom_msgs/msg/detail/drivetrain_control__struct.hpp
-- Up-to-date: /home/tronsoc/baseStation/ARCh2025-BaseStation/ros2_ws/install/custom_msgs/include/custom_msgs/custom_msgs/msg/detail/custom_message__builder.hpp
-- Installing: /home/tronsoc/baseStation/ARCh2025-BaseStation/ros2_ws/install/custom_msgs/include/custom_msgs/custom_msgs/msg/detail/science_feedback__type_support.hpp
-- Up-to-date: /home/tronsoc/baseStation/ARCh2025-BaseStation/ros2_ws/install/custom_msgs/include/custom_msgs/custom_msgs/msg/detail/custom_message__traits.hpp
-- Installing: /home/tronsoc/baseStation/ARCh2025-BaseStation/ros2_ws/install/custom_msgs/include/custom_msgs/custom_msgs/msg/detail/drivetrain_feedback__builder.hpp
-- Installing: /home/tronsoc/baseStation/ARCh2025-BaseStation/ros2_ws/install/custom_msgs/include/custom_msgs/custom_msgs/msg/detail/science_control__type_support.hpp
-- Installing: /home/tronsoc/baseStation/ARCh2025-BaseStation/ros2_ws/install/custom_msgs/include/custom_msgs/custom_msgs/msg/detail/science_control__struct.hpp
-- Installing: /home/tronsoc/baseStation/ARCh2025-BaseStation/ros2_ws/install/custom_msgs/include/custom_msgs/custom_msgs/msg/drivetrain_feedback.hpp
-- Installing: /home/tronsoc/baseStation/ARCh2025-BaseStation/ros2_ws/install/custom_msgs/include/custom_msgs/custom_msgs/msg/drivetrain_control.hpp
-- Installing: /home/tronsoc/baseStation/ARCh2025-BaseStation/ros2_ws/install/custom_msgs/include/custom_msgs/custom_msgs/msg/science_control.hpp
-- Installing: /home/tronsoc/baseStation/ARCh2025-BaseStation/ros2_ws/install/custom_msgs/include/custom_msgs/custom_msgs/msg/science_feedback.hpp
-- Up-to-date: /home/tronsoc/baseStation/ARCh2025-BaseStation/ros2_ws/install/custom_msgs/include/custom_msgs/custom_msgs/msg/rosidl_generator_cpp__visibility_control.hpp
-- Up-to-date: /home/tronsoc/baseStation/ARCh2025-BaseStation/ros2_ws/install/custom_msgs/include/custom_msgs/custom_msgs
-- Up-to-date: /home/tronsoc/baseStation/ARCh2025-BaseStation/ros2_ws/install/custom_msgs/include/custom_msgs/custom_msgs/msg
-- Up-to-date: /home/tronsoc/baseStation/ARCh2025-BaseStation/ros2_ws/install/custom_msgs/include/custom_msgs/custom_msgs/msg/detail
-- Up-to-date: /home/tronsoc/baseStation/ARCh2025-BaseStation/ros2_ws/install/custom_msgs/include/custom_msgs/custom_msgs/msg/detail/dds_fastrtps
-- Installing: /home/tronsoc/baseStation/ARCh2025-BaseStation/ros2_ws/install/custom_msgs/include/custom_msgs/custom_msgs/msg/detail/drivetrain_control__rosidl_typesupport_fastrtps_cpp.hpp
-- Installing: /home/tronsoc/baseStation/ARCh2025-BaseStation/ros2_ws/install/custom_msgs/include/custom_msgs/custom_msgs/msg/detail/science_control__rosidl_typesupport_fastrtps_cpp.hpp
-- Installing: /home/tronsoc/baseStation/ARCh2025-BaseStation/ros2_ws/install/custom_msgs/include/custom_msgs/custom_msgs/msg/detail/drivetrain_feedback__rosidl_typesupport_fastrtps_cpp.hpp
-- Installing: /home/tronsoc/baseStation/ARCh2025-BaseStation/ros2_ws/install/custom_msgs/include/custom_msgs/custom_msgs/msg/detail/science_feedback__rosidl_typesupport_fastrtps_cpp.hpp
-- Up-to-date: /home/tronsoc/baseStation/ARCh2025-BaseStation/ros2_ws/install/custom_msgs/include/custom_msgs/custom_msgs/msg/detail/custom_message__rosidl_typesupport_fastrtps_cpp.hpp
-- Up-to-date: /home/tronsoc/baseStation/ARCh2025-BaseStation/ros2_ws/install/custom_msgs/include/custom_msgs/custom_msgs/msg/rosidl_typesupport_fastrtps_cpp__visibility_control.h
-- Installing: /home/tronsoc/baseStation/ARCh2025-BaseStation/ros2_ws/install/custom_msgs/lib/libcustom_msgs__rosidl_typesupport_fastrtps_cpp.so
-- Set runtime path of "/home/tronsoc/baseStation/ARCh2025-BaseStation/ros2_ws/install/custom_msgs/lib/libcustom_msgs__rosidl_typesupport_fastrtps_cpp.so" to ""
-- Up-to-date: /home/tronsoc/baseStation/ARCh2025-BaseStation/ros2_ws/install/custom_msgs/include/custom_msgs/custom_msgs
-- Up-to-date: /home/tronsoc/baseStation/ARCh2025-BaseStation/ros2_ws/install/custom_msgs/include/custom_msgs/custom_msgs/msg
-- Up-to-date: /home/tronsoc/baseStation/ARCh2025-BaseStation/ros2_ws/install/custom_msgs/include/custom_msgs/custom_msgs/msg/detail
-- Installing: /home/tronsoc/baseStation/ARCh2025-BaseStation/ros2_ws/install/custom_msgs/include/custom_msgs/custom_msgs/msg/detail/science_control__rosidl_typesupport_introspection_cpp.hpp
-- Up-to-date: /home/tronsoc/baseStation/ARCh2025-BaseStation/ros2_ws/install/custom_msgs/include/custom_msgs/custom_msgs/msg/detail/custom_message__type_support.cpp
-- Installing: /home/tronsoc/baseStation/ARCh2025-BaseStation/ros2_ws/install/custom_msgs/include/custom_msgs/custom_msgs/msg/detail/science_feedback__rosidl_typesupport_introspection_cpp.hpp
-- Installing: /home/tronsoc/baseStation/ARCh2025-BaseStation/ros2_ws/install/custom_msgs/include/custom_msgs/custom_msgs/msg/detail/drivetrain_feedback__type_support.cpp
-- Installing: /home/tronsoc/baseStation/ARCh2025-BaseStation/ros2_ws/install/custom_msgs/include/custom_msgs/custom_msgs/msg/detail/drivetrain_feedback__rosidl_typesupport_introspection_cpp.hpp
-- Installing: /home/tronsoc/baseStation/ARCh2025-BaseStation/ros2_ws/install/custom_msgs/include/custom_msgs/custom_msgs/msg/detail/science_control__type_support.cpp
-- Installing: /home/tronsoc/baseStation/ARCh2025-BaseStation/ros2_ws/install/custom_msgs/include/custom_msgs/custom_msgs/msg/detail/drivetrain_control__type_support.cpp
-- Up-to-date: /home/tronsoc/baseStation/ARCh2025-BaseStation/ros2_ws/install/custom_msgs/include/custom_msgs/custom_msgs/msg/detail/custom_message__rosidl_typesupport_introspection_cpp.hpp
-- Installing: /home/tronsoc/baseStation/ARCh2025-BaseStation/ros2_ws/install/custom_msgs/include/custom_msgs/custom_msgs/msg/detail/drivetrain_control__rosidl_typesupport_introspection_cpp.hpp
-- Installing: /home/tronsoc/baseStation/ARCh2025-BaseStation/ros2_ws/install/custom_msgs/include/custom_msgs/custom_msgs/msg/detail/science_feedback__type_support.cpp
-- Installing: /home/tronsoc/baseStation/ARCh2025-BaseStation/ros2_ws/install/custom_msgs/lib/libcustom_msgs__rosidl_typesupport_introspection_cpp.so
-- Set runtime path of "/home/tronsoc/baseStation/ARCh2025-BaseStation/ros2_ws/install/custom_msgs/lib/libcustom_msgs__rosidl_typesupport_introspection_cpp.so" to ""
-- Installing: /home/tronsoc/baseStation/ARCh2025-BaseStation/ros2_ws/install/custom_msgs/lib/libcustom_msgs__rosidl_typesupport_cpp.so
-- Set runtime path of "/home/tronsoc/baseStation/ARCh2025-BaseStation/ros2_ws/install/custom_msgs/lib/libcustom_msgs__rosidl_typesupport_cpp.so" to ""
-- Up-to-date: /home/tronsoc/baseStation/ARCh2025-BaseStation/ros2_ws/install/custom_msgs/share/custom_msgs/environment/pythonpath.sh
-- Installing: /home/tronsoc/baseStation/ARCh2025-BaseStation/ros2_ws/install/custom_msgs/share/custom_msgs/environment/pythonpath.dsv
-- Up-to-date: /home/tronsoc/baseStation/ARCh2025-BaseStation/ros2_ws/install/custom_msgs/local/lib/python3.10/dist-packages/custom_msgs-0.0.0-py3.10.egg-info
-- Installing: /home/tronsoc/baseStation/ARCh2025-BaseStation/ros2_ws/install/custom_msgs/local/lib/python3.10/dist-packages/custom_msgs-0.0.0-py3.10.egg-info/SOURCES.txt
-- Installing: /home/tronsoc/baseStation/ARCh2025-BaseStation/ros2_ws/install/custom_msgs/local/lib/python3.10/dist-packages/custom_msgs-0.0.0-py3.10.egg-info/PKG-INFO
-- Installing: /home/tronsoc/baseStation/ARCh2025-BaseStation/ros2_ws/install/custom_msgs/local/lib/python3.10/dist-packages/custom_msgs-0.0.0-py3.10.egg-info/dependency_links.txt
-- Installing: /home/tronsoc/baseStation/ARCh2025-BaseStation/ros2_ws/install/custom_msgs/local/lib/python3.10/dist-packages/custom_msgs-0.0.0-py3.10.egg-info/top_level.txt
-- Up-to-date: /home/tronsoc/baseStation/ARCh2025-BaseStation/ros2_ws/install/custom_msgs/local/lib/python3.10/dist-packages/custom_msgs
-- Installing: /home/tronsoc/baseStation/ARCh2025-BaseStation/ros2_ws/install/custom_msgs/local/lib/python3.10/dist-packages/custom_msgs/__init__.py
-- Installing: /home/tronsoc/baseStation/ARCh2025-BaseStation/ros2_ws/install/custom_msgs/local/lib/python3.10/dist-packages/custom_msgs/_custom_msgs_s.ep.rosidl_typesupport_introspection_c.c
-- Installing: /home/tronsoc/baseStation/ARCh2025-BaseStation/ros2_ws/install/custom_msgs/local/lib/python3.10/dist-packages/custom_msgs/_custom_msgs_s.ep.rosidl_typesupport_fastrtps_c.c
-- Installing: /home/tronsoc/baseStation/ARCh2025-BaseStation/ros2_ws/install/custom_msgs/local/lib/python3.10/dist-packages/custom_msgs/libcustom_msgs__rosidl_generator_py.so
-- Installing: /home/tronsoc/baseStation/ARCh2025-BaseStation/ros2_ws/install/custom_msgs/local/lib/python3.10/dist-packages/custom_msgs/custom_msgs_s__rosidl_typesupport_introspection_c.cpython-310-x86_64-linux-gnu.so
-- Installing: /home/tronsoc/baseStation/ARCh2025-BaseStation/ros2_ws/install/custom_msgs/local/lib/python3.10/dist-packages/custom_msgs/custom_msgs_s__rosidl_typesupport_c.cpython-310-x86_64-linux-gnu.so
-- Installing: /home/tronsoc/baseStation/ARCh2025-BaseStation/ros2_ws/install/custom_msgs/local/lib/python3.10/dist-packages/custom_msgs/_custom_msgs_s.ep.rosidl_typesupport_c.c
-- Installing: /home/tronsoc/baseStation/ARCh2025-BaseStation/ros2_ws/install/custom_msgs/local/lib/python3.10/dist-packages/custom_msgs/custom_msgs_s__rosidl_typesupport_fastrtps_c.cpython-310-x86_64-linux-gnu.so
-- Up-to-date: /home/tronsoc/baseStation/ARCh2025-BaseStation/ros2_ws/install/custom_msgs/local/lib/python3.10/dist-packages/custom_msgs/msg
-- Installing: /home/tronsoc/baseStation/ARCh2025-BaseStation/ros2_ws/install/custom_msgs/local/lib/python3.10/dist-packages/custom_msgs/msg/__init__.py
-- Installing: /home/tronsoc/baseStation/ARCh2025-BaseStation/ros2_ws/install/custom_msgs/local/lib/python3.10/dist-packages/custom_msgs/msg/_drivetrain_control.py
-- Installing: /home/tronsoc/baseStation/ARCh2025-BaseStation/ros2_ws/install/custom_msgs/local/lib/python3.10/dist-packages/custom_msgs/msg/_science_control.py
-- Installing: /home/tronsoc/baseStation/ARCh2025-BaseStation/ros2_ws/install/custom_msgs/local/lib/python3.10/dist-packages/custom_msgs/msg/_drivetrain_feedback_s.c
-- Installing: /home/tronsoc/baseStation/ARCh2025-BaseStation/ros2_ws/install/custom_msgs/local/lib/python3.10/dist-packages/custom_msgs/msg/_science_feedback_s.c
-- Up-to-date: /home/tronsoc/baseStation/ARCh2025-BaseStation/ros2_ws/install/custom_msgs/local/lib/python3.10/dist-packages/custom_msgs/msg/_custom_message.py
-- Installing: /home/tronsoc/baseStation/ARCh2025-BaseStation/ros2_ws/install/custom_msgs/local/lib/python3.10/dist-packages/custom_msgs/msg/_drivetrain_control_s.c
-- Installing: /home/tronsoc/baseStation/ARCh2025-BaseStation/ros2_ws/install/custom_msgs/local/lib/python3.10/dist-packages/custom_msgs/msg/_science_control_s.c
-- Installing: /home/tronsoc/baseStation/ARCh2025-BaseStation/ros2_ws/install/custom_msgs/local/lib/python3.10/dist-packages/custom_msgs/msg/_science_feedback.py
-- Up-to-date: /home/tronsoc/baseStation/ARCh2025-BaseStation/ros2_ws/install/custom_msgs/local/lib/python3.10/dist-packages/custom_msgs/msg/_custom_message_s.c
-- Installing: /home/tronsoc/baseStation/ARCh2025-BaseStation/ros2_ws/install/custom_msgs/local/lib/python3.10/dist-packages/custom_msgs/msg/_drivetrain_feedback.py
Listing '/home/tronsoc/baseStation/ARCh2025-BaseStation/ros2_ws/install/custom_msgs/local/lib/python3.10/dist-packages/custom_msgs'...
Compiling '/home/tronsoc/baseStation/ARCh2025-BaseStation/ros2_ws/install/custom_msgs/local/lib/python3.10/dist-packages/custom_msgs/__init__.py'...
Listing '/home/tronsoc/baseStation/ARCh2025-BaseStation/ros2_ws/install/custom_msgs/local/lib/python3.10/dist-packages/custom_msgs/msg'...
Compiling '/home/tronsoc/baseStation/ARCh2025-BaseStation/ros2_ws/install/custom_msgs/local/lib/python3.10/dist-packages/custom_msgs/msg/__init__.py'...
Compiling '/home/tronsoc/baseStation/ARCh2025-BaseStation/ros2_ws/install/custom_msgs/local/lib/python3.10/dist-packages/custom_msgs/msg/_drivetrain_control.py'...
Compiling '/home/tronsoc/baseStation/ARCh2025-BaseStation/ros2_ws/install/custom_msgs/local/lib/python3.10/dist-packages/custom_msgs/msg/_drivetrain_feedback.py'...
Compiling '/home/tronsoc/baseStation/ARCh2025-BaseStation/ros2_ws/install/custom_msgs/local/lib/python3.10/dist-packages/custom_msgs/msg/_science_control.py'...
Compiling '/home/tronsoc/baseStation/ARCh2025-BaseStation/ros2_ws/install/custom_msgs/local/lib/python3.10/dist-packages/custom_msgs/msg/_science_feedback.py'...
-- Installing: /home/tronsoc/baseStation/ARCh2025-BaseStation/ros2_ws/install/custom_msgs/local/lib/python3.10/dist-packages/custom_msgs/custom_msgs_s__rosidl_typesupport_fastrtps_c.cpython-310-x86_64-linux-gnu.so
-- Set runtime path of "/home/tronsoc/baseStation/ARCh2025-BaseStation/ros2_ws/install/custom_msgs/local/lib/python3.10/dist-packages/custom_msgs/custom_msgs_s__rosidl_typesupport_fastrtps_c.cpython-310-x86_64-linux-gnu.so" to ""
-- Installing: /home/tronsoc/baseStation/ARCh2025-BaseStation/ros2_ws/install/custom_msgs/local/lib/python3.10/dist-packages/custom_msgs/custom_msgs_s__rosidl_typesupport_introspection_c.cpython-310-x86_64-linux-gnu.so
-- Set runtime path of "/home/tronsoc/baseStation/ARCh2025-BaseStation/ros2_ws/install/custom_msgs/local/lib/python3.10/dist-packages/custom_msgs/custom_msgs_s__rosidl_typesupport_introspection_c.cpython-310-x86_64-linux-gnu.so" to ""
-- Installing: /home/tronsoc/baseStation/ARCh2025-BaseStation/ros2_ws/install/custom_msgs/local/lib/python3.10/dist-packages/custom_msgs/custom_msgs_s__rosidl_typesupport_c.cpython-310-x86_64-linux-gnu.so
-- Set runtime path of "/home/tronsoc/baseStation/ARCh2025-BaseStation/ros2_ws/install/custom_msgs/local/lib/python3.10/dist-packages/custom_msgs/custom_msgs_s__rosidl_typesupport_c.cpython-310-x86_64-linux-gnu.so" to ""
-- Installing: /home/tronsoc/baseStation/ARCh2025-BaseStation/ros2_ws/install/custom_msgs/lib/libcustom_msgs__rosidl_generator_py.so
-- Set runtime path of "/home/tronsoc/baseStation/ARCh2025-BaseStation/ros2_ws/install/custom_msgs/lib/libcustom_msgs__rosidl_generator_py.so" to ""
-- Up-to-date: /home/tronsoc/baseStation/ARCh2025-BaseStation/ros2_ws/install/custom_msgs/share/custom_msgs/msg/DrivetrainControl.idl
-- Up-to-date: /home/tronsoc/baseStation/ARCh2025-BaseStation/ros2_ws/install/custom_msgs/share/custom_msgs/msg/DrivetrainFeedback.idl
-- Up-to-date: /home/tronsoc/baseStation/ARCh2025-BaseStation/ros2_ws/install/custom_msgs/share/custom_msgs/msg/ScienceFeedback.idl
-- Installing: /home/tronsoc/baseStation/ARCh2025-BaseStation/ros2_ws/install/custom_msgs/share/custom_msgs/msg/ScienceControl.idl
-- Up-to-date: /home/tronsoc/baseStation/ARCh2025-BaseStation/ros2_ws/install/custom_msgs/share/custom_msgs/msg/DrivetrainControl.msg
-- Up-to-date: /home/tronsoc/baseStation/ARCh2025-BaseStation/ros2_ws/install/custom_msgs/share/custom_msgs/msg/DrivetrainFeedback.msg
-- Up-to-date: /home/tronsoc/baseStation/ARCh2025-BaseStation/ros2_ws/install/custom_msgs/share/custom_msgs/msg/ScienceFeedback.msg
-- Installing: /home/tronsoc/baseStation/ARCh2025-BaseStation/ros2_ws/install/custom_msgs/share/custom_msgs/msg/ScienceControl.msg
-- Up-to-date: /home/tronsoc/baseStation/ARCh2025-BaseStation/ros2_ws/install/custom_msgs/share/ament_index/resource_index/package_run_dependencies/custom_msgs
-- Up-to-date: /home/tronsoc/baseStation/ARCh2025-BaseStation/ros2_ws/install/custom_msgs/share/ament_index/resource_index/parent_prefix_path/custom_msgs
-- Up-to-date: /home/tronsoc/baseStation/ARCh2025-BaseStation/ros2_ws/install/custom_msgs/share/custom_msgs/environment/ament_prefix_path.sh
-- Installing: /home/tronsoc/baseStation/ARCh2025-BaseStation/ros2_ws/install/custom_msgs/share/custom_msgs/environment/ament_prefix_path.dsv
-- Up-to-date: /home/tronsoc/baseStation/ARCh2025-BaseStation/ros2_ws/install/custom_msgs/share/custom_msgs/environment/path.sh
-- Installing: /home/tronsoc/baseStation/ARCh2025-BaseStation/ros2_ws/install/custom_msgs/share/custom_msgs/environment/path.dsv
-- Up-to-date: /home/tronsoc/baseStation/ARCh2025-BaseStation/ros2_ws/install/custom_msgs/share/custom_msgs/local_setup.bash
-- Up-to-date: /home/tronsoc/baseStation/ARCh2025-BaseStation/ros2_ws/install/custom_msgs/share/custom_msgs/local_setup.sh
-- Up-to-date: /home/tronsoc/baseStation/ARCh2025-BaseStation/ros2_ws/install/custom_msgs/share/custom_msgs/local_setup.zsh
-- Installing: /home/tronsoc/baseStation/ARCh2025-BaseStation/ros2_ws/install/custom_msgs/share/custom_msgs/local_setup.dsv
-- Installing: /home/tronsoc/baseStation/ARCh2025-BaseStation/ros2_ws/install/custom_msgs/share/custom_msgs/package.dsv
-- Up-to-date: /home/tronsoc/baseStation/ARCh2025-BaseStation/ros2_ws/install/custom_msgs/share/ament_index/resource_index/packages/custom_msgs
-- Up-to-date: /home/tronsoc/baseStation/ARCh2025-BaseStation/ros2_ws/install/custom_msgs/share/custom_msgs/cmake/export_custom_msgs__rosidl_generator_cExport.cmake
-- Up-to-date: /home/tronsoc/baseStation/ARCh2025-BaseStation/ros2_ws/install/custom_msgs/share/custom_msgs/cmake/export_custom_msgs__rosidl_generator_cExport-noconfig.cmake
-- Up-to-date: /home/tronsoc/baseStation/ARCh2025-BaseStation/ros2_ws/install/custom_msgs/share/custom_msgs/cmake/export_custom_msgs__rosidl_typesupport_fastrtps_cExport.cmake
-- Up-to-date: /home/tronsoc/baseStation/ARCh2025-BaseStation/ros2_ws/install/custom_msgs/share/custom_msgs/cmake/export_custom_msgs__rosidl_typesupport_fastrtps_cExport-noconfig.cmake
-- Up-to-date: /home/tronsoc/baseStation/ARCh2025-BaseStation/ros2_ws/install/custom_msgs/share/custom_msgs/cmake/custom_msgs__rosidl_typesupport_introspection_cExport.cmake
-- Up-to-date: /home/tronsoc/baseStation/ARCh2025-BaseStation/ros2_ws/install/custom_msgs/share/custom_msgs/cmake/custom_msgs__rosidl_typesupport_introspection_cExport-noconfig.cmake
-- Up-to-date: /home/tronsoc/baseStation/ARCh2025-BaseStation/ros2_ws/install/custom_msgs/share/custom_msgs/cmake/custom_msgs__rosidl_typesupport_cExport.cmake
-- Up-to-date: /home/tronsoc/baseStation/ARCh2025-BaseStation/ros2_ws/install/custom_msgs/share/custom_msgs/cmake/custom_msgs__rosidl_typesupport_cExport-noconfig.cmake
-- Up-to-date: /home/tronsoc/baseStation/ARCh2025-BaseStation/ros2_ws/install/custom_msgs/share/custom_msgs/cmake/export_custom_msgs__rosidl_generator_cppExport.cmake
-- Up-to-date: /home/tronsoc/baseStation/ARCh2025-BaseStation/ros2_ws/install/custom_msgs/share/custom_msgs/cmake/export_custom_msgs__rosidl_typesupport_fastrtps_cppExport.cmake
-- Up-to-date: /home/tronsoc/baseStation/ARCh2025-BaseStation/ros2_ws/install/custom_msgs/share/custom_msgs/cmake/export_custom_msgs__rosidl_typesupport_fastrtps_cppExport-noconfig.cmake
-- Up-to-date: /home/tronsoc/baseStation/ARCh2025-BaseStation/ros2_ws/install/custom_msgs/share/custom_msgs/cmake/custom_msgs__rosidl_typesupport_introspection_cppExport.cmake
-- Up-to-date: /home/tronsoc/baseStation/ARCh2025-BaseStation/ros2_ws/install/custom_msgs/share/custom_msgs/cmake/custom_msgs__rosidl_typesupport_introspection_cppExport-noconfig.cmake
-- Up-to-date: /home/tronsoc/baseStation/ARCh2025-BaseStation/ros2_ws/install/custom_msgs/share/custom_msgs/cmake/custom_msgs__rosidl_typesupport_cppExport.cmake
-- Up-to-date: /home/tronsoc/baseStation/ARCh2025-BaseStation/ros2_ws/install/custom_msgs/share/custom_msgs/cmake/custom_msgs__rosidl_typesupport_cppExport-noconfig.cmake
-- Up-to-date: /home/tronsoc/baseStation/ARCh2025-BaseStation/ros2_ws/install/custom_msgs/share/custom_msgs/cmake/export_custom_msgs__rosidl_generator_pyExport.cmake
-- Up-to-date: /home/tronsoc/baseStation/ARCh2025-BaseStation/ros2_ws/install/custom_msgs/share/custom_msgs/cmake/export_custom_msgs__rosidl_generator_pyExport-noconfig.cmake
-- Up-to-date: /home/tronsoc/baseStation/ARCh2025-BaseStation/ros2_ws/install/custom_msgs/share/custom_msgs/cmake/rosidl_cmake-extras.cmake
-- Up-to-date: /home/tronsoc/baseStation/ARCh2025-BaseStation/ros2_ws/install/custom_msgs/share/custom_msgs/cmake/ament_cmake_export_include_directories-extras.cmake
-- Up-to-date: /home/tronsoc/baseStation/ARCh2025-BaseStation/ros2_ws/install/custom_msgs/share/custom_msgs/cmake/ament_cmake_export_libraries-extras.cmake
-- Up-to-date: /home/tronsoc/baseStation/ARCh2025-BaseStation/ros2_ws/install/custom_msgs/share/custom_msgs/cmake/ament_cmake_export_targets-extras.cmake
-- Up-to-date: /home/tronsoc/baseStation/ARCh2025-BaseStation/ros2_ws/install/custom_msgs/share/custom_msgs/cmake/rosidl_cmake_export_typesupport_targets-extras.cmake
-- Up-to-date: /home/tronsoc/baseStation/ARCh2025-BaseStation/ros2_ws/install/custom_msgs/share/custom_msgs/cmake/ament_cmake_export_dependencies-extras.cmake
-- Up-to-date: /home/tronsoc/baseStation/ARCh2025-BaseStation/ros2_ws/install/custom_msgs/share/custom_msgs/cmake/rosidl_cmake_export_typesupport_libraries-extras.cmake
-- Up-to-date: /home/tronsoc/baseStation/ARCh2025-BaseStation/ros2_ws/install/custom_msgs/share/custom_msgs/cmake/custom_msgsConfig.cmake
-- Up-to-date: /home/tronsoc/baseStation/ARCh2025-BaseStation/ros2_ws/install/custom_msgs/share/custom_msgs/cmake/custom_msgsConfig-version.cmake
-- Up-to-date: /home/tronsoc/baseStation/ARCh2025-BaseStation/ros2_ws/install/custom_msgs/share/custom_msgs/package.xml
