[0.007s] Invoking command in '/home/tronsoc/baseStation/ARCh2025-BaseStation/ros2_ws/build/custom_msgs': CMAKE_PREFIX_PATH=/opt/ros/humble /usr/bin/cmake --build /home/tronsoc/baseStation/ARCh2025-BaseStation/ros2_ws/build/custom_msgs -- -j16 -l16
[0.024s] -- Found ament_cmake: 1.3.11 (/opt/ros/humble/share/ament_cmake/cmake)
[0.105s] -- Found rosidl_default_generators: 1.2.0 (/opt/ros/humble/share/rosidl_default_generators/cmake)
[0.107s] -- Using all available rosidl_typesupport_c: rosidl_typesupport_fastrtps_c;rosidl_typesupport_introspection_c
[0.109s] -- Found rosidl_adapter: 3.1.6 (/opt/ros/humble/share/rosidl_adapter/cmake)
[0.137s] -- Using all available rosidl_typesupport_cpp: rosidl_typesupport_fastrtps_cpp;rosidl_typesupport_introspection_cpp
[0.191s] -- Found Python3: /usr/bin/python3 (found version "3.10.12") found components: Interpreter Development Development.Module Development.Embed 
[0.228s] -- Found Python3: /usr/bin/python3 (found version "3.10.12") found components: Interpreter 
[0.358s] -- Found ament_cmake_ros: 0.10.0 (/opt/ros/humble/share/ament_cmake_ros/cmake)
[0.484s] -- Using all available rosidl_typesupport_c: rosidl_typesupport_fastrtps_c;rosidl_typesupport_introspection_c
[0.644s] -- Using all available rosidl_typesupport_cpp: rosidl_typesupport_fastrtps_cpp;rosidl_typesupport_introspection_cpp
[0.659s] -- Found python_cmake_module: 0.10.0 (/opt/ros/humble/share/python_cmake_module/cmake)
[0.674s] -- Using PYTHON_EXECUTABLE: /usr/bin/python3
[0.674s] -- Using PYTHON_INCLUDE_DIRS: /usr/include/python3.10
[0.674s] -- Using PYTHON_LIBRARIES: /usr/lib/x86_64-linux-gnu/libpython3.10.so
[0.684s] -- Found ament_lint_auto: 0.12.11 (/opt/ros/humble/share/ament_lint_auto/cmake)
[0.692s] -- Added test 'copyright' to check source files copyright and LICENSE
[0.694s] -- Added test 'lint_cmake' to check CMake code style
[0.695s] -- Added test 'xmllint' to check XML markup files
[0.696s] -- Configuring done
[0.725s] -- Generating done
[0.732s] -- Build files have been written to: /home/tronsoc/baseStation/ARCh2025-BaseStation/ros2_ws/build/custom_msgs
[0.751s] [  1%] [34m[1mGenerating C code for ROS interfaces[0m
[0.758s] [  3%] [34m[1mGenerating C++ code for ROS interfaces[0m
[0.766s] [  3%] Built target ament_cmake_python_copy_custom_msgs
[0.919s] running egg_info
[0.920s] writing custom_msgs.egg-info/PKG-INFO
[0.920s] writing dependency_links to custom_msgs.egg-info/dependency_links.txt
[0.920s] writing top-level names to custom_msgs.egg-info/top_level.txt
[0.921s] reading manifest file 'custom_msgs.egg-info/SOURCES.txt'
[0.921s] writing manifest file 'custom_msgs.egg-info/SOURCES.txt'
[0.940s] [  3%] Built target ament_cmake_python_build_custom_msgs_egg
[1.002s] [35m[1mConsolidate compiler generated dependencies of target custom_msgs__rosidl_generator_c[0m
[1.008s] [  3%] Built target custom_msgs__cpp
[1.010s] [  5%] [32mBuilding C object CMakeFiles/custom_msgs__rosidl_generator_c.dir/rosidl_generator_c/custom_msgs/msg/detail/drivetrain_control__functions.c.o[0m
[1.010s] [  7%] [32mBuilding C object CMakeFiles/custom_msgs__rosidl_generator_c.dir/rosidl_generator_c/custom_msgs/msg/detail/drivetrain_feedback__functions.c.o[0m
[1.011s] [  9%] [32mBuilding C object CMakeFiles/custom_msgs__rosidl_generator_c.dir/rosidl_generator_c/custom_msgs/msg/detail/science_control__functions.c.o[0m
[1.011s] [ 10%] [32mBuilding C object CMakeFiles/custom_msgs__rosidl_generator_c.dir/rosidl_generator_c/custom_msgs/msg/detail/science_feedback__functions.c.o[0m
[1.015s] [ 14%] [34m[1mGenerating C++ type support dispatch for ROS interfaces[0m
[1.015s] [ 14%] [34m[1mGenerating C++ type support for eProsima Fast-RTPS[0m
[1.015s] [ 16%] [34m[1mGenerating C++ introspection for ROS interfaces[0m
[1.043s] [ 18%] [32m[1mLinking C shared library libcustom_msgs__rosidl_generator_c.so[0m
[1.071s] [ 18%] Built target custom_msgs__rosidl_generator_c
[1.078s] [ 23%] [34m[1mGenerating C introspection for ROS interfaces[0m
[1.078s] [ 23%] [34m[1mGenerating C type support for eProsima Fast-RTPS[0m
[1.078s] [ 23%] [34m[1mGenerating C type support dispatch for ROS interfaces[0m
[1.192s] [35m[1mConsolidate compiler generated dependencies of target custom_msgs__rosidl_typesupport_cpp[0m
[1.203s] [ 25%] [32mBuilding CXX object CMakeFiles/custom_msgs__rosidl_typesupport_cpp.dir/rosidl_typesupport_cpp/custom_msgs/msg/science_feedback__type_support.cpp.o[0m
[1.203s] [ 27%] [32mBuilding CXX object CMakeFiles/custom_msgs__rosidl_typesupport_cpp.dir/rosidl_typesupport_cpp/custom_msgs/msg/science_control__type_support.cpp.o[0m
[1.204s] [ 29%] [32mBuilding CXX object CMakeFiles/custom_msgs__rosidl_typesupport_cpp.dir/rosidl_typesupport_cpp/custom_msgs/msg/drivetrain_control__type_support.cpp.o[0m
[1.205s] [ 30%] [32mBuilding CXX object CMakeFiles/custom_msgs__rosidl_typesupport_cpp.dir/rosidl_typesupport_cpp/custom_msgs/msg/drivetrain_feedback__type_support.cpp.o[0m
[1.226s] [35m[1mConsolidate compiler generated dependencies of target custom_msgs__rosidl_typesupport_introspection_cpp[0m
[1.238s] [ 32%] [32mBuilding CXX object CMakeFiles/custom_msgs__rosidl_typesupport_introspection_cpp.dir/rosidl_typesupport_introspection_cpp/custom_msgs/msg/detail/science_feedback__type_support.cpp.o[0m
[1.240s] [ 34%] [32mBuilding CXX object CMakeFiles/custom_msgs__rosidl_typesupport_introspection_cpp.dir/rosidl_typesupport_introspection_cpp/custom_msgs/msg/detail/drivetrain_feedback__type_support.cpp.o[0m
[1.240s] [ 36%] [32mBuilding CXX object CMakeFiles/custom_msgs__rosidl_typesupport_introspection_cpp.dir/rosidl_typesupport_introspection_cpp/custom_msgs/msg/detail/drivetrain_control__type_support.cpp.o[0m
[1.241s] [ 38%] [32mBuilding CXX object CMakeFiles/custom_msgs__rosidl_typesupport_introspection_cpp.dir/rosidl_typesupport_introspection_cpp/custom_msgs/msg/detail/science_control__type_support.cpp.o[0m
[1.275s] [35m[1mConsolidate compiler generated dependencies of target custom_msgs__rosidl_typesupport_fastrtps_cpp[0m
[1.287s] [35m[1mConsolidate compiler generated dependencies of target custom_msgs__rosidl_typesupport_c[0m
[1.292s] [ 41%] [32mBuilding CXX object CMakeFiles/custom_msgs__rosidl_typesupport_fastrtps_cpp.dir/rosidl_typesupport_fastrtps_cpp/custom_msgs/msg/detail/dds_fastrtps/drivetrain_control__type_support.cpp.o[0m
[1.292s] [ 41%] [32mBuilding CXX object CMakeFiles/custom_msgs__rosidl_typesupport_fastrtps_cpp.dir/rosidl_typesupport_fastrtps_cpp/custom_msgs/msg/detail/dds_fastrtps/drivetrain_feedback__type_support.cpp.o[0m
[1.293s] [ 43%] [32mBuilding CXX object CMakeFiles/custom_msgs__rosidl_typesupport_fastrtps_cpp.dir/rosidl_typesupport_fastrtps_cpp/custom_msgs/msg/detail/dds_fastrtps/science_feedback__type_support.cpp.o[0m
[1.293s] [ 45%] [32mBuilding CXX object CMakeFiles/custom_msgs__rosidl_typesupport_fastrtps_cpp.dir/rosidl_typesupport_fastrtps_cpp/custom_msgs/msg/detail/dds_fastrtps/science_control__type_support.cpp.o[0m
[1.299s] [ 47%] [32mBuilding CXX object CMakeFiles/custom_msgs__rosidl_typesupport_c.dir/rosidl_typesupport_c/custom_msgs/msg/drivetrain_feedback__type_support.cpp.o[0m
[1.299s] [ 49%] [32mBuilding CXX object CMakeFiles/custom_msgs__rosidl_typesupport_c.dir/rosidl_typesupport_c/custom_msgs/msg/drivetrain_control__type_support.cpp.o[0m
[1.335s] [ 50%] [32mBuilding CXX object CMakeFiles/custom_msgs__rosidl_typesupport_c.dir/rosidl_typesupport_c/custom_msgs/msg/science_feedback__type_support.cpp.o[0m
[1.337s] [ 52%] [32mBuilding CXX object CMakeFiles/custom_msgs__rosidl_typesupport_c.dir/rosidl_typesupport_c/custom_msgs/msg/science_control__type_support.cpp.o[0m
[1.373s] [ 54%] [32m[1mLinking CXX shared library libcustom_msgs__rosidl_typesupport_c.so[0m
[1.380s] [35m[1mConsolidate compiler generated dependencies of target custom_msgs__rosidl_typesupport_introspection_c[0m
[1.396s] [ 56%] [32mBuilding C object CMakeFiles/custom_msgs__rosidl_typesupport_introspection_c.dir/rosidl_typesupport_introspection_c/custom_msgs/msg/detail/drivetrain_feedback__type_support.c.o[0m
[1.397s] [ 58%] [32mBuilding C object CMakeFiles/custom_msgs__rosidl_typesupport_introspection_c.dir/rosidl_typesupport_introspection_c/custom_msgs/msg/detail/drivetrain_control__type_support.c.o[0m
[1.397s] [35m[1mConsolidate compiler generated dependencies of target custom_msgs__rosidl_typesupport_fastrtps_c[0m
[1.427s] [ 60%] [32mBuilding CXX object CMakeFiles/custom_msgs__rosidl_typesupport_fastrtps_c.dir/rosidl_typesupport_fastrtps_c/custom_msgs/msg/detail/drivetrain_control__type_support_c.cpp.o[0m
[1.438s] [ 60%] Built target custom_msgs__rosidl_typesupport_c
[1.444s] [ 63%] [32mBuilding C object CMakeFiles/custom_msgs__rosidl_typesupport_introspection_c.dir/rosidl_typesupport_introspection_c/custom_msgs/msg/detail/science_control__type_support.c.o[0m
[1.444s] [ 63%] [32mBuilding C object CMakeFiles/custom_msgs__rosidl_typesupport_introspection_c.dir/rosidl_typesupport_introspection_c/custom_msgs/msg/detail/science_feedback__type_support.c.o[0m
[1.445s] [ 65%] [32mBuilding CXX object CMakeFiles/custom_msgs__rosidl_typesupport_fastrtps_c.dir/rosidl_typesupport_fastrtps_c/custom_msgs/msg/detail/drivetrain_feedback__type_support_c.cpp.o[0m
[1.469s] [ 67%] [32mBuilding CXX object CMakeFiles/custom_msgs__rosidl_typesupport_fastrtps_c.dir/rosidl_typesupport_fastrtps_c/custom_msgs/msg/detail/science_feedback__type_support_c.cpp.o[0m
[1.484s] [ 70%] [32m[1mLinking C shared library libcustom_msgs__rosidl_typesupport_introspection_c.so[0m
[1.484s] [ 70%] [32mBuilding CXX object CMakeFiles/custom_msgs__rosidl_typesupport_fastrtps_c.dir/rosidl_typesupport_fastrtps_c/custom_msgs/msg/detail/science_control__type_support_c.cpp.o[0m
[1.500s] [ 72%] [32m[1mLinking CXX shared library libcustom_msgs__rosidl_typesupport_cpp.so[0m
[1.525s] [ 72%] Built target custom_msgs__rosidl_typesupport_introspection_c
[1.555s] [ 72%] Built target custom_msgs__rosidl_typesupport_cpp
[1.666s] [ 74%] [32m[1mLinking CXX shared library libcustom_msgs__rosidl_typesupport_introspection_cpp.so[0m
[1.704s] [ 76%] [32m[1mLinking CXX shared library libcustom_msgs__rosidl_typesupport_fastrtps_cpp.so[0m
[1.720s] [ 76%] Built target custom_msgs__rosidl_typesupport_introspection_cpp
[1.757s] [ 76%] Built target custom_msgs__rosidl_typesupport_fastrtps_cpp
[1.763s] [ 78%] [32m[1mLinking CXX shared library libcustom_msgs__rosidl_typesupport_fastrtps_c.so[0m
[1.811s] [ 78%] Built target custom_msgs__rosidl_typesupport_fastrtps_c
[1.824s] [ 78%] Built target custom_msgs
[1.838s] [ 80%] [34m[1mGenerating Python code for ROS interfaces[0m
[2.170s] [ 80%] Built target custom_msgs__py
[2.178s] [35m[1mConsolidate compiler generated dependencies of target custom_msgs__rosidl_generator_py[0m
[2.189s] [ 81%] [32mBuilding C object CMakeFiles/custom_msgs__rosidl_generator_py.dir/rosidl_generator_py/custom_msgs/msg/_drivetrain_control_s.c.o[0m
[2.189s] [ 83%] [32mBuilding C object CMakeFiles/custom_msgs__rosidl_generator_py.dir/rosidl_generator_py/custom_msgs/msg/_drivetrain_feedback_s.c.o[0m
[2.189s] [ 85%] [32mBuilding C object CMakeFiles/custom_msgs__rosidl_generator_py.dir/rosidl_generator_py/custom_msgs/msg/_science_feedback_s.c.o[0m
[2.189s] [ 87%] [32mBuilding C object CMakeFiles/custom_msgs__rosidl_generator_py.dir/rosidl_generator_py/custom_msgs/msg/_science_control_s.c.o[0m
[2.258s] [ 89%] [32m[1mLinking C shared library rosidl_generator_py/custom_msgs/libcustom_msgs__rosidl_generator_py.so[0m
[2.285s] [ 89%] Built target custom_msgs__rosidl_generator_py
[2.292s] [35m[1mConsolidate compiler generated dependencies of target custom_msgs__rosidl_typesupport_fastrtps_c__pyext[0m
[2.292s] [35m[1mConsolidate compiler generated dependencies of target custom_msgs__rosidl_typesupport_introspection_c__pyext[0m
[2.292s] [35m[1mConsolidate compiler generated dependencies of target custom_msgs__rosidl_typesupport_c__pyext[0m
[2.300s] [ 90%] [32mBuilding C object CMakeFiles/custom_msgs__rosidl_typesupport_fastrtps_c__pyext.dir/rosidl_generator_py/custom_msgs/_custom_msgs_s.ep.rosidl_typesupport_fastrtps_c.c.o[0m
[2.301s] [ 92%] [32mBuilding C object CMakeFiles/custom_msgs__rosidl_typesupport_introspection_c__pyext.dir/rosidl_generator_py/custom_msgs/_custom_msgs_s.ep.rosidl_typesupport_introspection_c.c.o[0m
[2.301s] [ 94%] [32mBuilding C object CMakeFiles/custom_msgs__rosidl_typesupport_c__pyext.dir/rosidl_generator_py/custom_msgs/_custom_msgs_s.ep.rosidl_typesupport_c.c.o[0m
[2.365s] [ 96%] [32m[1mLinking C shared library rosidl_generator_py/custom_msgs/custom_msgs_s__rosidl_typesupport_c.cpython-310-x86_64-linux-gnu.so[0m
[2.366s] [ 98%] [32m[1mLinking C shared library rosidl_generator_py/custom_msgs/custom_msgs_s__rosidl_typesupport_introspection_c.cpython-310-x86_64-linux-gnu.so[0m
[2.368s] [100%] [32m[1mLinking C shared library rosidl_generator_py/custom_msgs/custom_msgs_s__rosidl_typesupport_fastrtps_c.cpython-310-x86_64-linux-gnu.so[0m
[2.388s] [100%] Built target custom_msgs__rosidl_typesupport_c__pyext
[2.389s] [100%] Built target custom_msgs__rosidl_typesupport_introspection_c__pyext
[2.390s] [100%] Built target custom_msgs__rosidl_typesupport_fastrtps_c__pyext
[2.400s] Invoked command in '/home/tronsoc/baseStation/ARCh2025-BaseStation/ros2_ws/build/custom_msgs' returned '0': CMAKE_PREFIX_PATH=/opt/ros/humble /usr/bin/cmake --build /home/tronsoc/baseStation/ARCh2025-BaseStation/ros2_ws/build/custom_msgs -- -j16 -l16
[2.406s] Invoking command in '/home/tronsoc/baseStation/ARCh2025-BaseStation/ros2_ws/build/custom_msgs': CMAKE_PREFIX_PATH=/opt/ros/humble /usr/bin/cmake --install /home/tronsoc/baseStation/ARCh2025-BaseStation/ros2_ws/build/custom_msgs
[2.411s] -- Install configuration: ""
[2.411s] -- Up-to-date: /home/tronsoc/baseStation/ARCh2025-BaseStation/ros2_ws/install/custom_msgs/share/ament_index/resource_index/rosidl_interfaces/custom_msgs
[2.412s] -- Up-to-date: /home/tronsoc/baseStation/ARCh2025-BaseStation/ros2_ws/install/custom_msgs/include/custom_msgs/custom_msgs
[2.412s] -- Up-to-date: /home/tronsoc/baseStation/ARCh2025-BaseStation/ros2_ws/install/custom_msgs/include/custom_msgs/custom_msgs/msg
[2.412s] -- Up-to-date: /home/tronsoc/baseStation/ARCh2025-BaseStation/ros2_ws/install/custom_msgs/include/custom_msgs/custom_msgs/msg/rosidl_generator_c__visibility_control.h
[2.412s] -- Installing: /home/tronsoc/baseStation/ARCh2025-BaseStation/ros2_ws/install/custom_msgs/include/custom_msgs/custom_msgs/msg/drivetrain_feedback.h
[2.412s] -- Up-to-date: /home/tronsoc/baseStation/ARCh2025-BaseStation/ros2_ws/install/custom_msgs/include/custom_msgs/custom_msgs/msg/detail
[2.412s] -- Installing: /home/tronsoc/baseStation/ARCh2025-BaseStation/ros2_ws/install/custom_msgs/include/custom_msgs/custom_msgs/msg/detail/drivetrain_feedback__functions.c
[2.412s] -- Installing: /home/tronsoc/baseStation/ARCh2025-BaseStation/ros2_ws/install/custom_msgs/include/custom_msgs/custom_msgs/msg/detail/science_control__functions.h
[2.412s] -- Installing: /home/tronsoc/baseStation/ARCh2025-BaseStation/ros2_ws/install/custom_msgs/include/custom_msgs/custom_msgs/msg/detail/drivetrain_feedback__struct.h
[2.412s] -- Installing: /home/tronsoc/baseStation/ARCh2025-BaseStation/ros2_ws/install/custom_msgs/include/custom_msgs/custom_msgs/msg/detail/drivetrain_control__type_support.h
[2.412s] -- Installing: /home/tronsoc/baseStation/ARCh2025-BaseStation/ros2_ws/install/custom_msgs/include/custom_msgs/custom_msgs/msg/detail/science_feedback__struct.h
[2.412s] -- Installing: /home/tronsoc/baseStation/ARCh2025-BaseStation/ros2_ws/install/custom_msgs/include/custom_msgs/custom_msgs/msg/detail/drivetrain_control__functions.h
[2.412s] -- Up-to-date: /home/tronsoc/baseStation/ARCh2025-BaseStation/ros2_ws/install/custom_msgs/include/custom_msgs/custom_msgs/msg/detail/custom_message__struct.h
[2.413s] -- Installing: /home/tronsoc/baseStation/ARCh2025-BaseStation/ros2_ws/install/custom_msgs/include/custom_msgs/custom_msgs/msg/detail/drivetrain_control__functions.c
[2.413s] -- Up-to-date: /home/tronsoc/baseStation/ARCh2025-BaseStation/ros2_ws/install/custom_msgs/include/custom_msgs/custom_msgs/msg/detail/custom_message__type_support.h
[2.413s] -- Installing: /home/tronsoc/baseStation/ARCh2025-BaseStation/ros2_ws/install/custom_msgs/include/custom_msgs/custom_msgs/msg/detail/science_control__struct.h
[2.413s] -- Installing: /home/tronsoc/baseStation/ARCh2025-BaseStation/ros2_ws/install/custom_msgs/include/custom_msgs/custom_msgs/msg/detail/science_control__functions.c
[2.413s] -- Installing: /home/tronsoc/baseStation/ARCh2025-BaseStation/ros2_ws/install/custom_msgs/include/custom_msgs/custom_msgs/msg/detail/science_feedback__functions.h
[2.413s] -- Installing: /home/tronsoc/baseStation/ARCh2025-BaseStation/ros2_ws/install/custom_msgs/include/custom_msgs/custom_msgs/msg/detail/drivetrain_control__struct.h
[2.413s] -- Installing: /home/tronsoc/baseStation/ARCh2025-BaseStation/ros2_ws/install/custom_msgs/include/custom_msgs/custom_msgs/msg/detail/science_control__type_support.h
[2.413s] -- Installing: /home/tronsoc/baseStation/ARCh2025-BaseStation/ros2_ws/install/custom_msgs/include/custom_msgs/custom_msgs/msg/detail/drivetrain_feedback__functions.h
[2.413s] -- Installing: /home/tronsoc/baseStation/ARCh2025-BaseStation/ros2_ws/install/custom_msgs/include/custom_msgs/custom_msgs/msg/detail/science_feedback__type_support.h
[2.414s] -- Installing: /home/tronsoc/baseStation/ARCh2025-BaseStation/ros2_ws/install/custom_msgs/include/custom_msgs/custom_msgs/msg/detail/science_feedback__functions.c
[2.414s] -- Up-to-date: /home/tronsoc/baseStation/ARCh2025-BaseStation/ros2_ws/install/custom_msgs/include/custom_msgs/custom_msgs/msg/detail/custom_message__functions.c
[2.414s] -- Up-to-date: /home/tronsoc/baseStation/ARCh2025-BaseStation/ros2_ws/install/custom_msgs/include/custom_msgs/custom_msgs/msg/detail/custom_message__functions.h
[2.414s] -- Installing: /home/tronsoc/baseStation/ARCh2025-BaseStation/ros2_ws/install/custom_msgs/include/custom_msgs/custom_msgs/msg/detail/drivetrain_feedback__type_support.h
[2.414s] -- Up-to-date: /home/tronsoc/baseStation/ARCh2025-BaseStation/ros2_ws/install/custom_msgs/include/custom_msgs/custom_msgs/msg/custom_message.h
[2.414s] -- Installing: /home/tronsoc/baseStation/ARCh2025-BaseStation/ros2_ws/install/custom_msgs/include/custom_msgs/custom_msgs/msg/science_feedback.h
[2.414s] -- Installing: /home/tronsoc/baseStation/ARCh2025-BaseStation/ros2_ws/install/custom_msgs/include/custom_msgs/custom_msgs/msg/science_control.h
[2.414s] -- Installing: /home/tronsoc/baseStation/ARCh2025-BaseStation/ros2_ws/install/custom_msgs/include/custom_msgs/custom_msgs/msg/drivetrain_control.h
[2.414s] -- Up-to-date: /home/tronsoc/baseStation/ARCh2025-BaseStation/ros2_ws/install/custom_msgs/share/custom_msgs/environment/library_path.sh
[2.414s] -- Installing: /home/tronsoc/baseStation/ARCh2025-BaseStation/ros2_ws/install/custom_msgs/share/custom_msgs/environment/library_path.dsv
[2.415s] -- Installing: /home/tronsoc/baseStation/ARCh2025-BaseStation/ros2_ws/install/custom_msgs/lib/libcustom_msgs__rosidl_generator_c.so
[2.415s] -- Set runtime path of "/home/tronsoc/baseStation/ARCh2025-BaseStation/ros2_ws/install/custom_msgs/lib/libcustom_msgs__rosidl_generator_c.so" to ""
[2.415s] -- Up-to-date: /home/tronsoc/baseStation/ARCh2025-BaseStation/ros2_ws/install/custom_msgs/include/custom_msgs/custom_msgs
[2.415s] -- Up-to-date: /home/tronsoc/baseStation/ARCh2025-BaseStation/ros2_ws/install/custom_msgs/include/custom_msgs/custom_msgs/msg
[2.415s] -- Up-to-date: /home/tronsoc/baseStation/ARCh2025-BaseStation/ros2_ws/install/custom_msgs/include/custom_msgs/custom_msgs/msg/rosidl_typesupport_fastrtps_c__visibility_control.h
[2.415s] -- Up-to-date: /home/tronsoc/baseStation/ARCh2025-BaseStation/ros2_ws/install/custom_msgs/include/custom_msgs/custom_msgs/msg/detail
[2.415s] -- Installing: /home/tronsoc/baseStation/ARCh2025-BaseStation/ros2_ws/install/custom_msgs/include/custom_msgs/custom_msgs/msg/detail/science_control__rosidl_typesupport_fastrtps_c.h
[2.415s] -- Installing: /home/tronsoc/baseStation/ARCh2025-BaseStation/ros2_ws/install/custom_msgs/include/custom_msgs/custom_msgs/msg/detail/science_feedback__rosidl_typesupport_fastrtps_c.h
[2.415s] -- Up-to-date: /home/tronsoc/baseStation/ARCh2025-BaseStation/ros2_ws/install/custom_msgs/include/custom_msgs/custom_msgs/msg/detail/custom_message__rosidl_typesupport_fastrtps_c.h
[2.415s] -- Installing: /home/tronsoc/baseStation/ARCh2025-BaseStation/ros2_ws/install/custom_msgs/include/custom_msgs/custom_msgs/msg/detail/drivetrain_control__rosidl_typesupport_fastrtps_c.h
[2.415s] -- Installing: /home/tronsoc/baseStation/ARCh2025-BaseStation/ros2_ws/install/custom_msgs/include/custom_msgs/custom_msgs/msg/detail/drivetrain_feedback__rosidl_typesupport_fastrtps_c.h
[2.416s] -- Installing: /home/tronsoc/baseStation/ARCh2025-BaseStation/ros2_ws/install/custom_msgs/lib/libcustom_msgs__rosidl_typesupport_fastrtps_c.so
[2.416s] -- Set runtime path of "/home/tronsoc/baseStation/ARCh2025-BaseStation/ros2_ws/install/custom_msgs/lib/libcustom_msgs__rosidl_typesupport_fastrtps_c.so" to ""
[2.416s] -- Up-to-date: /home/tronsoc/baseStation/ARCh2025-BaseStation/ros2_ws/install/custom_msgs/include/custom_msgs/custom_msgs
[2.416s] -- Up-to-date: /home/tronsoc/baseStation/ARCh2025-BaseStation/ros2_ws/install/custom_msgs/include/custom_msgs/custom_msgs/msg
[2.416s] -- Up-to-date: /home/tronsoc/baseStation/ARCh2025-BaseStation/ros2_ws/install/custom_msgs/include/custom_msgs/custom_msgs/msg/rosidl_typesupport_introspection_c__visibility_control.h
[2.416s] -- Up-to-date: /home/tronsoc/baseStation/ARCh2025-BaseStation/ros2_ws/install/custom_msgs/include/custom_msgs/custom_msgs/msg/detail
[2.416s] -- Installing: /home/tronsoc/baseStation/ARCh2025-BaseStation/ros2_ws/install/custom_msgs/include/custom_msgs/custom_msgs/msg/detail/drivetrain_control__type_support.c
[2.416s] -- Installing: /home/tronsoc/baseStation/ARCh2025-BaseStation/ros2_ws/install/custom_msgs/include/custom_msgs/custom_msgs/msg/detail/science_feedback__type_support.c
[2.416s] -- Up-to-date: /home/tronsoc/baseStation/ARCh2025-BaseStation/ros2_ws/install/custom_msgs/include/custom_msgs/custom_msgs/msg/detail/custom_message__type_support.c
[2.416s] -- Up-to-date: /home/tronsoc/baseStation/ARCh2025-BaseStation/ros2_ws/install/custom_msgs/include/custom_msgs/custom_msgs/msg/detail/custom_message__rosidl_typesupport_introspection_c.h
[2.417s] -- Installing: /home/tronsoc/baseStation/ARCh2025-BaseStation/ros2_ws/install/custom_msgs/include/custom_msgs/custom_msgs/msg/detail/science_feedback__rosidl_typesupport_introspection_c.h
[2.417s] -- Installing: /home/tronsoc/baseStation/ARCh2025-BaseStation/ros2_ws/install/custom_msgs/include/custom_msgs/custom_msgs/msg/detail/science_control__rosidl_typesupport_introspection_c.h
[2.417s] -- Installing: /home/tronsoc/baseStation/ARCh2025-BaseStation/ros2_ws/install/custom_msgs/include/custom_msgs/custom_msgs/msg/detail/drivetrain_feedback__rosidl_typesupport_introspection_c.h
[2.417s] -- Installing: /home/tronsoc/baseStation/ARCh2025-BaseStation/ros2_ws/install/custom_msgs/include/custom_msgs/custom_msgs/msg/detail/science_control__type_support.c
[2.417s] -- Installing: /home/tronsoc/baseStation/ARCh2025-BaseStation/ros2_ws/install/custom_msgs/include/custom_msgs/custom_msgs/msg/detail/drivetrain_control__rosidl_typesupport_introspection_c.h
[2.417s] -- Installing: /home/tronsoc/baseStation/ARCh2025-BaseStation/ros2_ws/install/custom_msgs/include/custom_msgs/custom_msgs/msg/detail/drivetrain_feedback__type_support.c
[2.417s] -- Installing: /home/tronsoc/baseStation/ARCh2025-BaseStation/ros2_ws/install/custom_msgs/lib/libcustom_msgs__rosidl_typesupport_introspection_c.so
[2.418s] -- Set runtime path of "/home/tronsoc/baseStation/ARCh2025-BaseStation/ros2_ws/install/custom_msgs/lib/libcustom_msgs__rosidl_typesupport_introspection_c.so" to ""
[2.418s] -- Installing: /home/tronsoc/baseStation/ARCh2025-BaseStation/ros2_ws/install/custom_msgs/lib/libcustom_msgs__rosidl_typesupport_c.so
[2.418s] -- Set runtime path of "/home/tronsoc/baseStation/ARCh2025-BaseStation/ros2_ws/install/custom_msgs/lib/libcustom_msgs__rosidl_typesupport_c.so" to ""
[2.418s] -- Up-to-date: /home/tronsoc/baseStation/ARCh2025-BaseStation/ros2_ws/install/custom_msgs/include/custom_msgs/custom_msgs
[2.418s] -- Up-to-date: /home/tronsoc/baseStation/ARCh2025-BaseStation/ros2_ws/install/custom_msgs/include/custom_msgs/custom_msgs/msg
[2.418s] -- Up-to-date: /home/tronsoc/baseStation/ARCh2025-BaseStation/ros2_ws/install/custom_msgs/include/custom_msgs/custom_msgs/msg/custom_message.hpp
[2.418s] -- Up-to-date: /home/tronsoc/baseStation/ARCh2025-BaseStation/ros2_ws/install/custom_msgs/include/custom_msgs/custom_msgs/msg/detail
[2.418s] -- Installing: /home/tronsoc/baseStation/ARCh2025-BaseStation/ros2_ws/install/custom_msgs/include/custom_msgs/custom_msgs/msg/detail/drivetrain_feedback__type_support.hpp
[2.418s] -- Installing: /home/tronsoc/baseStation/ARCh2025-BaseStation/ros2_ws/install/custom_msgs/include/custom_msgs/custom_msgs/msg/detail/drivetrain_control__type_support.hpp
[2.418s] -- Up-to-date: /home/tronsoc/baseStation/ARCh2025-BaseStation/ros2_ws/install/custom_msgs/include/custom_msgs/custom_msgs/msg/detail/custom_message__struct.hpp
[2.419s] -- Installing: /home/tronsoc/baseStation/ARCh2025-BaseStation/ros2_ws/install/custom_msgs/include/custom_msgs/custom_msgs/msg/detail/science_control__traits.hpp
[2.419s] -- Installing: /home/tronsoc/baseStation/ARCh2025-BaseStation/ros2_ws/install/custom_msgs/include/custom_msgs/custom_msgs/msg/detail/drivetrain_control__builder.hpp
[2.419s] -- Installing: /home/tronsoc/baseStation/ARCh2025-BaseStation/ros2_ws/install/custom_msgs/include/custom_msgs/custom_msgs/msg/detail/drivetrain_feedback__struct.hpp
[2.419s] -- Installing: /home/tronsoc/baseStation/ARCh2025-BaseStation/ros2_ws/install/custom_msgs/include/custom_msgs/custom_msgs/msg/detail/science_feedback__struct.hpp
[2.419s] -- Installing: /home/tronsoc/baseStation/ARCh2025-BaseStation/ros2_ws/install/custom_msgs/include/custom_msgs/custom_msgs/msg/detail/science_feedback__traits.hpp
[2.419s] -- Installing: /home/tronsoc/baseStation/ARCh2025-BaseStation/ros2_ws/install/custom_msgs/include/custom_msgs/custom_msgs/msg/detail/science_feedback__builder.hpp
[2.419s] -- Installing: /home/tronsoc/baseStation/ARCh2025-BaseStation/ros2_ws/install/custom_msgs/include/custom_msgs/custom_msgs/msg/detail/science_control__builder.hpp
[2.419s] -- Installing: /home/tronsoc/baseStation/ARCh2025-BaseStation/ros2_ws/install/custom_msgs/include/custom_msgs/custom_msgs/msg/detail/drivetrain_control__traits.hpp
[2.420s] -- Up-to-date: /home/tronsoc/baseStation/ARCh2025-BaseStation/ros2_ws/install/custom_msgs/include/custom_msgs/custom_msgs/msg/detail/custom_message__type_support.hpp
[2.420s] -- Installing: /home/tronsoc/baseStation/ARCh2025-BaseStation/ros2_ws/install/custom_msgs/include/custom_msgs/custom_msgs/msg/detail/drivetrain_feedback__traits.hpp
[2.420s] -- Installing: /home/tronsoc/baseStation/ARCh2025-BaseStation/ros2_ws/install/custom_msgs/include/custom_msgs/custom_msgs/msg/detail/drivetrain_control__struct.hpp
[2.420s] -- Up-to-date: /home/tronsoc/baseStation/ARCh2025-BaseStation/ros2_ws/install/custom_msgs/include/custom_msgs/custom_msgs/msg/detail/custom_message__builder.hpp
[2.420s] -- Installing: /home/tronsoc/baseStation/ARCh2025-BaseStation/ros2_ws/install/custom_msgs/include/custom_msgs/custom_msgs/msg/detail/science_feedback__type_support.hpp
[2.420s] -- Up-to-date: /home/tronsoc/baseStation/ARCh2025-BaseStation/ros2_ws/install/custom_msgs/include/custom_msgs/custom_msgs/msg/detail/custom_message__traits.hpp
[2.420s] -- Installing: /home/tronsoc/baseStation/ARCh2025-BaseStation/ros2_ws/install/custom_msgs/include/custom_msgs/custom_msgs/msg/detail/drivetrain_feedback__builder.hpp
[2.420s] -- Installing: /home/tronsoc/baseStation/ARCh2025-BaseStation/ros2_ws/install/custom_msgs/include/custom_msgs/custom_msgs/msg/detail/science_control__type_support.hpp
[2.420s] -- Installing: /home/tronsoc/baseStation/ARCh2025-BaseStation/ros2_ws/install/custom_msgs/include/custom_msgs/custom_msgs/msg/detail/science_control__struct.hpp
[2.420s] -- Installing: /home/tronsoc/baseStation/ARCh2025-BaseStation/ros2_ws/install/custom_msgs/include/custom_msgs/custom_msgs/msg/drivetrain_feedback.hpp
[2.420s] -- Installing: /home/tronsoc/baseStation/ARCh2025-BaseStation/ros2_ws/install/custom_msgs/include/custom_msgs/custom_msgs/msg/drivetrain_control.hpp
[2.421s] -- Installing: /home/tronsoc/baseStation/ARCh2025-BaseStation/ros2_ws/install/custom_msgs/include/custom_msgs/custom_msgs/msg/science_control.hpp
[2.421s] -- Installing: /home/tronsoc/baseStation/ARCh2025-BaseStation/ros2_ws/install/custom_msgs/include/custom_msgs/custom_msgs/msg/science_feedback.hpp
[2.421s] -- Up-to-date: /home/tronsoc/baseStation/ARCh2025-BaseStation/ros2_ws/install/custom_msgs/include/custom_msgs/custom_msgs/msg/rosidl_generator_cpp__visibility_control.hpp
[2.421s] -- Up-to-date: /home/tronsoc/baseStation/ARCh2025-BaseStation/ros2_ws/install/custom_msgs/include/custom_msgs/custom_msgs
[2.421s] -- Up-to-date: /home/tronsoc/baseStation/ARCh2025-BaseStation/ros2_ws/install/custom_msgs/include/custom_msgs/custom_msgs/msg
[2.421s] -- Up-to-date: /home/tronsoc/baseStation/ARCh2025-BaseStation/ros2_ws/install/custom_msgs/include/custom_msgs/custom_msgs/msg/detail
[2.421s] -- Up-to-date: /home/tronsoc/baseStation/ARCh2025-BaseStation/ros2_ws/install/custom_msgs/include/custom_msgs/custom_msgs/msg/detail/dds_fastrtps
[2.421s] -- Installing: /home/tronsoc/baseStation/ARCh2025-BaseStation/ros2_ws/install/custom_msgs/include/custom_msgs/custom_msgs/msg/detail/drivetrain_control__rosidl_typesupport_fastrtps_cpp.hpp
[2.421s] -- Installing: /home/tronsoc/baseStation/ARCh2025-BaseStation/ros2_ws/install/custom_msgs/include/custom_msgs/custom_msgs/msg/detail/science_control__rosidl_typesupport_fastrtps_cpp.hpp
[2.421s] -- Installing: /home/tronsoc/baseStation/ARCh2025-BaseStation/ros2_ws/install/custom_msgs/include/custom_msgs/custom_msgs/msg/detail/drivetrain_feedback__rosidl_typesupport_fastrtps_cpp.hpp
[2.421s] -- Installing: /home/tronsoc/baseStation/ARCh2025-BaseStation/ros2_ws/install/custom_msgs/include/custom_msgs/custom_msgs/msg/detail/science_feedback__rosidl_typesupport_fastrtps_cpp.hpp
[2.422s] -- Up-to-date: /home/tronsoc/baseStation/ARCh2025-BaseStation/ros2_ws/install/custom_msgs/include/custom_msgs/custom_msgs/msg/detail/custom_message__rosidl_typesupport_fastrtps_cpp.hpp
[2.422s] -- Up-to-date: /home/tronsoc/baseStation/ARCh2025-BaseStation/ros2_ws/install/custom_msgs/include/custom_msgs/custom_msgs/msg/rosidl_typesupport_fastrtps_cpp__visibility_control.h
[2.422s] -- Installing: /home/tronsoc/baseStation/ARCh2025-BaseStation/ros2_ws/install/custom_msgs/lib/libcustom_msgs__rosidl_typesupport_fastrtps_cpp.so
[2.422s] -- Set runtime path of "/home/tronsoc/baseStation/ARCh2025-BaseStation/ros2_ws/install/custom_msgs/lib/libcustom_msgs__rosidl_typesupport_fastrtps_cpp.so" to ""
[2.422s] -- Up-to-date: /home/tronsoc/baseStation/ARCh2025-BaseStation/ros2_ws/install/custom_msgs/include/custom_msgs/custom_msgs
[2.422s] -- Up-to-date: /home/tronsoc/baseStation/ARCh2025-BaseStation/ros2_ws/install/custom_msgs/include/custom_msgs/custom_msgs/msg
[2.422s] -- Up-to-date: /home/tronsoc/baseStation/ARCh2025-BaseStation/ros2_ws/install/custom_msgs/include/custom_msgs/custom_msgs/msg/detail
[2.422s] -- Installing: /home/tronsoc/baseStation/ARCh2025-BaseStation/ros2_ws/install/custom_msgs/include/custom_msgs/custom_msgs/msg/detail/science_control__rosidl_typesupport_introspection_cpp.hpp
[2.422s] -- Up-to-date: /home/tronsoc/baseStation/ARCh2025-BaseStation/ros2_ws/install/custom_msgs/include/custom_msgs/custom_msgs/msg/detail/custom_message__type_support.cpp
[2.422s] -- Installing: /home/tronsoc/baseStation/ARCh2025-BaseStation/ros2_ws/install/custom_msgs/include/custom_msgs/custom_msgs/msg/detail/science_feedback__rosidl_typesupport_introspection_cpp.hpp
[2.423s] -- Installing: /home/tronsoc/baseStation/ARCh2025-BaseStation/ros2_ws/install/custom_msgs/include/custom_msgs/custom_msgs/msg/detail/drivetrain_feedback__type_support.cpp
[2.423s] -- Installing: /home/tronsoc/baseStation/ARCh2025-BaseStation/ros2_ws/install/custom_msgs/include/custom_msgs/custom_msgs/msg/detail/drivetrain_feedback__rosidl_typesupport_introspection_cpp.hpp
[2.423s] -- Installing: /home/tronsoc/baseStation/ARCh2025-BaseStation/ros2_ws/install/custom_msgs/include/custom_msgs/custom_msgs/msg/detail/science_control__type_support.cpp
[2.423s] -- Installing: /home/tronsoc/baseStation/ARCh2025-BaseStation/ros2_ws/install/custom_msgs/include/custom_msgs/custom_msgs/msg/detail/drivetrain_control__type_support.cpp
[2.423s] -- Up-to-date: /home/tronsoc/baseStation/ARCh2025-BaseStation/ros2_ws/install/custom_msgs/include/custom_msgs/custom_msgs/msg/detail/custom_message__rosidl_typesupport_introspection_cpp.hpp
[2.423s] -- Installing: /home/tronsoc/baseStation/ARCh2025-BaseStation/ros2_ws/install/custom_msgs/include/custom_msgs/custom_msgs/msg/detail/drivetrain_control__rosidl_typesupport_introspection_cpp.hpp
[2.423s] -- Installing: /home/tronsoc/baseStation/ARCh2025-BaseStation/ros2_ws/install/custom_msgs/include/custom_msgs/custom_msgs/msg/detail/science_feedback__type_support.cpp
[2.423s] -- Installing: /home/tronsoc/baseStation/ARCh2025-BaseStation/ros2_ws/install/custom_msgs/lib/libcustom_msgs__rosidl_typesupport_introspection_cpp.so
[2.424s] -- Set runtime path of "/home/tronsoc/baseStation/ARCh2025-BaseStation/ros2_ws/install/custom_msgs/lib/libcustom_msgs__rosidl_typesupport_introspection_cpp.so" to ""
[2.424s] -- Installing: /home/tronsoc/baseStation/ARCh2025-BaseStation/ros2_ws/install/custom_msgs/lib/libcustom_msgs__rosidl_typesupport_cpp.so
[2.424s] -- Set runtime path of "/home/tronsoc/baseStation/ARCh2025-BaseStation/ros2_ws/install/custom_msgs/lib/libcustom_msgs__rosidl_typesupport_cpp.so" to ""
[2.424s] -- Up-to-date: /home/tronsoc/baseStation/ARCh2025-BaseStation/ros2_ws/install/custom_msgs/share/custom_msgs/environment/pythonpath.sh
[2.424s] -- Installing: /home/tronsoc/baseStation/ARCh2025-BaseStation/ros2_ws/install/custom_msgs/share/custom_msgs/environment/pythonpath.dsv
[2.424s] -- Up-to-date: /home/tronsoc/baseStation/ARCh2025-BaseStation/ros2_ws/install/custom_msgs/local/lib/python3.10/dist-packages/custom_msgs-0.0.0-py3.10.egg-info
[2.424s] -- Installing: /home/tronsoc/baseStation/ARCh2025-BaseStation/ros2_ws/install/custom_msgs/local/lib/python3.10/dist-packages/custom_msgs-0.0.0-py3.10.egg-info/SOURCES.txt
[2.425s] -- Installing: /home/tronsoc/baseStation/ARCh2025-BaseStation/ros2_ws/install/custom_msgs/local/lib/python3.10/dist-packages/custom_msgs-0.0.0-py3.10.egg-info/PKG-INFO
[2.425s] -- Installing: /home/tronsoc/baseStation/ARCh2025-BaseStation/ros2_ws/install/custom_msgs/local/lib/python3.10/dist-packages/custom_msgs-0.0.0-py3.10.egg-info/dependency_links.txt
[2.425s] -- Installing: /home/tronsoc/baseStation/ARCh2025-BaseStation/ros2_ws/install/custom_msgs/local/lib/python3.10/dist-packages/custom_msgs-0.0.0-py3.10.egg-info/top_level.txt
[2.425s] -- Up-to-date: /home/tronsoc/baseStation/ARCh2025-BaseStation/ros2_ws/install/custom_msgs/local/lib/python3.10/dist-packages/custom_msgs
[2.425s] -- Installing: /home/tronsoc/baseStation/ARCh2025-BaseStation/ros2_ws/install/custom_msgs/local/lib/python3.10/dist-packages/custom_msgs/__init__.py
[2.425s] -- Installing: /home/tronsoc/baseStation/ARCh2025-BaseStation/ros2_ws/install/custom_msgs/local/lib/python3.10/dist-packages/custom_msgs/_custom_msgs_s.ep.rosidl_typesupport_introspection_c.c
[2.425s] -- Installing: /home/tronsoc/baseStation/ARCh2025-BaseStation/ros2_ws/install/custom_msgs/local/lib/python3.10/dist-packages/custom_msgs/_custom_msgs_s.ep.rosidl_typesupport_fastrtps_c.c
[2.425s] -- Installing: /home/tronsoc/baseStation/ARCh2025-BaseStation/ros2_ws/install/custom_msgs/local/lib/python3.10/dist-packages/custom_msgs/libcustom_msgs__rosidl_generator_py.so
[2.426s] -- Installing: /home/tronsoc/baseStation/ARCh2025-BaseStation/ros2_ws/install/custom_msgs/local/lib/python3.10/dist-packages/custom_msgs/custom_msgs_s__rosidl_typesupport_introspection_c.cpython-310-x86_64-linux-gnu.so
[2.426s] -- Installing: /home/tronsoc/baseStation/ARCh2025-BaseStation/ros2_ws/install/custom_msgs/local/lib/python3.10/dist-packages/custom_msgs/custom_msgs_s__rosidl_typesupport_c.cpython-310-x86_64-linux-gnu.so
[2.426s] -- Installing: /home/tronsoc/baseStation/ARCh2025-BaseStation/ros2_ws/install/custom_msgs/local/lib/python3.10/dist-packages/custom_msgs/_custom_msgs_s.ep.rosidl_typesupport_c.c
[2.426s] -- Installing: /home/tronsoc/baseStation/ARCh2025-BaseStation/ros2_ws/install/custom_msgs/local/lib/python3.10/dist-packages/custom_msgs/custom_msgs_s__rosidl_typesupport_fastrtps_c.cpython-310-x86_64-linux-gnu.so
[2.426s] -- Up-to-date: /home/tronsoc/baseStation/ARCh2025-BaseStation/ros2_ws/install/custom_msgs/local/lib/python3.10/dist-packages/custom_msgs/msg
[2.426s] -- Installing: /home/tronsoc/baseStation/ARCh2025-BaseStation/ros2_ws/install/custom_msgs/local/lib/python3.10/dist-packages/custom_msgs/msg/__init__.py
[2.426s] -- Installing: /home/tronsoc/baseStation/ARCh2025-BaseStation/ros2_ws/install/custom_msgs/local/lib/python3.10/dist-packages/custom_msgs/msg/_drivetrain_control.py
[2.427s] -- Installing: /home/tronsoc/baseStation/ARCh2025-BaseStation/ros2_ws/install/custom_msgs/local/lib/python3.10/dist-packages/custom_msgs/msg/_science_control.py
[2.427s] -- Installing: /home/tronsoc/baseStation/ARCh2025-BaseStation/ros2_ws/install/custom_msgs/local/lib/python3.10/dist-packages/custom_msgs/msg/_drivetrain_feedback_s.c
[2.427s] -- Installing: /home/tronsoc/baseStation/ARCh2025-BaseStation/ros2_ws/install/custom_msgs/local/lib/python3.10/dist-packages/custom_msgs/msg/_science_feedback_s.c
[2.427s] -- Up-to-date: /home/tronsoc/baseStation/ARCh2025-BaseStation/ros2_ws/install/custom_msgs/local/lib/python3.10/dist-packages/custom_msgs/msg/_custom_message.py
[2.427s] -- Installing: /home/tronsoc/baseStation/ARCh2025-BaseStation/ros2_ws/install/custom_msgs/local/lib/python3.10/dist-packages/custom_msgs/msg/_drivetrain_control_s.c
[2.427s] -- Installing: /home/tronsoc/baseStation/ARCh2025-BaseStation/ros2_ws/install/custom_msgs/local/lib/python3.10/dist-packages/custom_msgs/msg/_science_control_s.c
[2.427s] -- Installing: /home/tronsoc/baseStation/ARCh2025-BaseStation/ros2_ws/install/custom_msgs/local/lib/python3.10/dist-packages/custom_msgs/msg/_science_feedback.py
[2.427s] -- Up-to-date: /home/tronsoc/baseStation/ARCh2025-BaseStation/ros2_ws/install/custom_msgs/local/lib/python3.10/dist-packages/custom_msgs/msg/_custom_message_s.c
[2.427s] -- Installing: /home/tronsoc/baseStation/ARCh2025-BaseStation/ros2_ws/install/custom_msgs/local/lib/python3.10/dist-packages/custom_msgs/msg/_drivetrain_feedback.py
[2.447s] Listing '/home/tronsoc/baseStation/ARCh2025-BaseStation/ros2_ws/install/custom_msgs/local/lib/python3.10/dist-packages/custom_msgs'...
[2.447s] Compiling '/home/tronsoc/baseStation/ARCh2025-BaseStation/ros2_ws/install/custom_msgs/local/lib/python3.10/dist-packages/custom_msgs/__init__.py'...
[2.448s] Listing '/home/tronsoc/baseStation/ARCh2025-BaseStation/ros2_ws/install/custom_msgs/local/lib/python3.10/dist-packages/custom_msgs/msg'...
[2.448s] Compiling '/home/tronsoc/baseStation/ARCh2025-BaseStation/ros2_ws/install/custom_msgs/local/lib/python3.10/dist-packages/custom_msgs/msg/__init__.py'...
[2.448s] Compiling '/home/tronsoc/baseStation/ARCh2025-BaseStation/ros2_ws/install/custom_msgs/local/lib/python3.10/dist-packages/custom_msgs/msg/_drivetrain_control.py'...
[2.449s] Compiling '/home/tronsoc/baseStation/ARCh2025-BaseStation/ros2_ws/install/custom_msgs/local/lib/python3.10/dist-packages/custom_msgs/msg/_drivetrain_feedback.py'...
[2.450s] Compiling '/home/tronsoc/baseStation/ARCh2025-BaseStation/ros2_ws/install/custom_msgs/local/lib/python3.10/dist-packages/custom_msgs/msg/_science_control.py'...
[2.451s] Compiling '/home/tronsoc/baseStation/ARCh2025-BaseStation/ros2_ws/install/custom_msgs/local/lib/python3.10/dist-packages/custom_msgs/msg/_science_feedback.py'...
[2.454s] -- Installing: /home/tronsoc/baseStation/ARCh2025-BaseStation/ros2_ws/install/custom_msgs/local/lib/python3.10/dist-packages/custom_msgs/custom_msgs_s__rosidl_typesupport_fastrtps_c.cpython-310-x86_64-linux-gnu.so
[2.455s] -- Set runtime path of "/home/tronsoc/baseStation/ARCh2025-BaseStation/ros2_ws/install/custom_msgs/local/lib/python3.10/dist-packages/custom_msgs/custom_msgs_s__rosidl_typesupport_fastrtps_c.cpython-310-x86_64-linux-gnu.so" to ""
[2.455s] -- Installing: /home/tronsoc/baseStation/ARCh2025-BaseStation/ros2_ws/install/custom_msgs/local/lib/python3.10/dist-packages/custom_msgs/custom_msgs_s__rosidl_typesupport_introspection_c.cpython-310-x86_64-linux-gnu.so
[2.455s] -- Set runtime path of "/home/tronsoc/baseStation/ARCh2025-BaseStation/ros2_ws/install/custom_msgs/local/lib/python3.10/dist-packages/custom_msgs/custom_msgs_s__rosidl_typesupport_introspection_c.cpython-310-x86_64-linux-gnu.so" to ""
[2.455s] -- Installing: /home/tronsoc/baseStation/ARCh2025-BaseStation/ros2_ws/install/custom_msgs/local/lib/python3.10/dist-packages/custom_msgs/custom_msgs_s__rosidl_typesupport_c.cpython-310-x86_64-linux-gnu.so
[2.456s] -- Set runtime path of "/home/tronsoc/baseStation/ARCh2025-BaseStation/ros2_ws/install/custom_msgs/local/lib/python3.10/dist-packages/custom_msgs/custom_msgs_s__rosidl_typesupport_c.cpython-310-x86_64-linux-gnu.so" to ""
[2.456s] -- Installing: /home/tronsoc/baseStation/ARCh2025-BaseStation/ros2_ws/install/custom_msgs/lib/libcustom_msgs__rosidl_generator_py.so
[2.456s] -- Set runtime path of "/home/tronsoc/baseStation/ARCh2025-BaseStation/ros2_ws/install/custom_msgs/lib/libcustom_msgs__rosidl_generator_py.so" to ""
[2.456s] -- Up-to-date: /home/tronsoc/baseStation/ARCh2025-BaseStation/ros2_ws/install/custom_msgs/share/custom_msgs/msg/DrivetrainControl.idl
[2.456s] -- Up-to-date: /home/tronsoc/baseStation/ARCh2025-BaseStation/ros2_ws/install/custom_msgs/share/custom_msgs/msg/DrivetrainFeedback.idl
[2.456s] -- Up-to-date: /home/tronsoc/baseStation/ARCh2025-BaseStation/ros2_ws/install/custom_msgs/share/custom_msgs/msg/ScienceFeedback.idl
[2.456s] -- Installing: /home/tronsoc/baseStation/ARCh2025-BaseStation/ros2_ws/install/custom_msgs/share/custom_msgs/msg/ScienceControl.idl
[2.456s] -- Up-to-date: /home/tronsoc/baseStation/ARCh2025-BaseStation/ros2_ws/install/custom_msgs/share/custom_msgs/msg/DrivetrainControl.msg
[2.457s] -- Up-to-date: /home/tronsoc/baseStation/ARCh2025-BaseStation/ros2_ws/install/custom_msgs/share/custom_msgs/msg/DrivetrainFeedback.msg
[2.457s] -- Up-to-date: /home/tronsoc/baseStation/ARCh2025-BaseStation/ros2_ws/install/custom_msgs/share/custom_msgs/msg/ScienceFeedback.msg
[2.457s] -- Installing: /home/tronsoc/baseStation/ARCh2025-BaseStation/ros2_ws/install/custom_msgs/share/custom_msgs/msg/ScienceControl.msg
[2.457s] -- Up-to-date: /home/tronsoc/baseStation/ARCh2025-BaseStation/ros2_ws/install/custom_msgs/share/ament_index/resource_index/package_run_dependencies/custom_msgs
[2.457s] -- Up-to-date: /home/tronsoc/baseStation/ARCh2025-BaseStation/ros2_ws/install/custom_msgs/share/ament_index/resource_index/parent_prefix_path/custom_msgs
[2.457s] -- Up-to-date: /home/tronsoc/baseStation/ARCh2025-BaseStation/ros2_ws/install/custom_msgs/share/custom_msgs/environment/ament_prefix_path.sh
[2.457s] -- Installing: /home/tronsoc/baseStation/ARCh2025-BaseStation/ros2_ws/install/custom_msgs/share/custom_msgs/environment/ament_prefix_path.dsv
[2.457s] -- Up-to-date: /home/tronsoc/baseStation/ARCh2025-BaseStation/ros2_ws/install/custom_msgs/share/custom_msgs/environment/path.sh
[2.457s] -- Installing: /home/tronsoc/baseStation/ARCh2025-BaseStation/ros2_ws/install/custom_msgs/share/custom_msgs/environment/path.dsv
[2.457s] -- Up-to-date: /home/tronsoc/baseStation/ARCh2025-BaseStation/ros2_ws/install/custom_msgs/share/custom_msgs/local_setup.bash
[2.457s] -- Up-to-date: /home/tronsoc/baseStation/ARCh2025-BaseStation/ros2_ws/install/custom_msgs/share/custom_msgs/local_setup.sh
[2.457s] -- Up-to-date: /home/tronsoc/baseStation/ARCh2025-BaseStation/ros2_ws/install/custom_msgs/share/custom_msgs/local_setup.zsh
[2.457s] -- Installing: /home/tronsoc/baseStation/ARCh2025-BaseStation/ros2_ws/install/custom_msgs/share/custom_msgs/local_setup.dsv
[2.457s] -- Installing: /home/tronsoc/baseStation/ARCh2025-BaseStation/ros2_ws/install/custom_msgs/share/custom_msgs/package.dsv
[2.458s] -- Up-to-date: /home/tronsoc/baseStation/ARCh2025-BaseStation/ros2_ws/install/custom_msgs/share/ament_index/resource_index/packages/custom_msgs
[2.458s] -- Up-to-date: /home/tronsoc/baseStation/ARCh2025-BaseStation/ros2_ws/install/custom_msgs/share/custom_msgs/cmake/export_custom_msgs__rosidl_generator_cExport.cmake
[2.458s] -- Up-to-date: /home/tronsoc/baseStation/ARCh2025-BaseStation/ros2_ws/install/custom_msgs/share/custom_msgs/cmake/export_custom_msgs__rosidl_generator_cExport-noconfig.cmake
[2.458s] -- Up-to-date: /home/tronsoc/baseStation/ARCh2025-BaseStation/ros2_ws/install/custom_msgs/share/custom_msgs/cmake/export_custom_msgs__rosidl_typesupport_fastrtps_cExport.cmake
[2.458s] -- Up-to-date: /home/tronsoc/baseStation/ARCh2025-BaseStation/ros2_ws/install/custom_msgs/share/custom_msgs/cmake/export_custom_msgs__rosidl_typesupport_fastrtps_cExport-noconfig.cmake
[2.458s] -- Up-to-date: /home/tronsoc/baseStation/ARCh2025-BaseStation/ros2_ws/install/custom_msgs/share/custom_msgs/cmake/custom_msgs__rosidl_typesupport_introspection_cExport.cmake
[2.458s] -- Up-to-date: /home/tronsoc/baseStation/ARCh2025-BaseStation/ros2_ws/install/custom_msgs/share/custom_msgs/cmake/custom_msgs__rosidl_typesupport_introspection_cExport-noconfig.cmake
[2.458s] -- Up-to-date: /home/tronsoc/baseStation/ARCh2025-BaseStation/ros2_ws/install/custom_msgs/share/custom_msgs/cmake/custom_msgs__rosidl_typesupport_cExport.cmake
[2.458s] -- Up-to-date: /home/tronsoc/baseStation/ARCh2025-BaseStation/ros2_ws/install/custom_msgs/share/custom_msgs/cmake/custom_msgs__rosidl_typesupport_cExport-noconfig.cmake
[2.458s] -- Up-to-date: /home/tronsoc/baseStation/ARCh2025-BaseStation/ros2_ws/install/custom_msgs/share/custom_msgs/cmake/export_custom_msgs__rosidl_generator_cppExport.cmake
[2.458s] -- Up-to-date: /home/tronsoc/baseStation/ARCh2025-BaseStation/ros2_ws/install/custom_msgs/share/custom_msgs/cmake/export_custom_msgs__rosidl_typesupport_fastrtps_cppExport.cmake
[2.458s] -- Up-to-date: /home/tronsoc/baseStation/ARCh2025-BaseStation/ros2_ws/install/custom_msgs/share/custom_msgs/cmake/export_custom_msgs__rosidl_typesupport_fastrtps_cppExport-noconfig.cmake
[2.458s] -- Up-to-date: /home/tronsoc/baseStation/ARCh2025-BaseStation/ros2_ws/install/custom_msgs/share/custom_msgs/cmake/custom_msgs__rosidl_typesupport_introspection_cppExport.cmake
[2.458s] -- Up-to-date: /home/tronsoc/baseStation/ARCh2025-BaseStation/ros2_ws/install/custom_msgs/share/custom_msgs/cmake/custom_msgs__rosidl_typesupport_introspection_cppExport-noconfig.cmake
[2.458s] -- Up-to-date: /home/tronsoc/baseStation/ARCh2025-BaseStation/ros2_ws/install/custom_msgs/share/custom_msgs/cmake/custom_msgs__rosidl_typesupport_cppExport.cmake
[2.458s] -- Up-to-date: /home/tronsoc/baseStation/ARCh2025-BaseStation/ros2_ws/install/custom_msgs/share/custom_msgs/cmake/custom_msgs__rosidl_typesupport_cppExport-noconfig.cmake
[2.459s] -- Up-to-date: /home/tronsoc/baseStation/ARCh2025-BaseStation/ros2_ws/install/custom_msgs/share/custom_msgs/cmake/export_custom_msgs__rosidl_generator_pyExport.cmake
[2.459s] -- Up-to-date: /home/tronsoc/baseStation/ARCh2025-BaseStation/ros2_ws/install/custom_msgs/share/custom_msgs/cmake/export_custom_msgs__rosidl_generator_pyExport-noconfig.cmake
[2.459s] -- Up-to-date: /home/tronsoc/baseStation/ARCh2025-BaseStation/ros2_ws/install/custom_msgs/share/custom_msgs/cmake/rosidl_cmake-extras.cmake
[2.459s] -- Up-to-date: /home/tronsoc/baseStation/ARCh2025-BaseStation/ros2_ws/install/custom_msgs/share/custom_msgs/cmake/ament_cmake_export_include_directories-extras.cmake
[2.459s] -- Up-to-date: /home/tronsoc/baseStation/ARCh2025-BaseStation/ros2_ws/install/custom_msgs/share/custom_msgs/cmake/ament_cmake_export_libraries-extras.cmake
[2.459s] -- Up-to-date: /home/tronsoc/baseStation/ARCh2025-BaseStation/ros2_ws/install/custom_msgs/share/custom_msgs/cmake/ament_cmake_export_targets-extras.cmake
[2.459s] -- Up-to-date: /home/tronsoc/baseStation/ARCh2025-BaseStation/ros2_ws/install/custom_msgs/share/custom_msgs/cmake/rosidl_cmake_export_typesupport_targets-extras.cmake
[2.459s] -- Up-to-date: /home/tronsoc/baseStation/ARCh2025-BaseStation/ros2_ws/install/custom_msgs/share/custom_msgs/cmake/ament_cmake_export_dependencies-extras.cmake
[2.459s] -- Up-to-date: /home/tronsoc/baseStation/ARCh2025-BaseStation/ros2_ws/install/custom_msgs/share/custom_msgs/cmake/rosidl_cmake_export_typesupport_libraries-extras.cmake
[2.459s] -- Up-to-date: /home/tronsoc/baseStation/ARCh2025-BaseStation/ros2_ws/install/custom_msgs/share/custom_msgs/cmake/custom_msgsConfig.cmake
[2.459s] -- Up-to-date: /home/tronsoc/baseStation/ARCh2025-BaseStation/ros2_ws/install/custom_msgs/share/custom_msgs/cmake/custom_msgsConfig-version.cmake
[2.459s] -- Up-to-date: /home/tronsoc/baseStation/ARCh2025-BaseStation/ros2_ws/install/custom_msgs/share/custom_msgs/package.xml
[2.461s] Invoked command in '/home/tronsoc/baseStation/ARCh2025-BaseStation/ros2_ws/build/custom_msgs' returned '0': CMAKE_PREFIX_PATH=/opt/ros/humble /usr/bin/cmake --install /home/tronsoc/baseStation/ARCh2025-BaseStation/ros2_ws/build/custom_msgs
