[0.007s] Invoking command in '/home/tronsoc/baseStation/ARCh2025-BaseStation/ros2_ws/build/custom_msgs': CMAKE_PREFIX_PATH=/home/tronsoc/baseStation/ARCh2025-BaseStation/ros2_ws_py/install/robot_controller:/home/tronsoc/baseStation/ARCh2025-BaseStation/ros2_ws_py/install/custom_msgs:/opt/ros/humble /usr/bin/cmake /home/tronsoc/baseStation/ARCh2025-BaseStation/ros2_ws/src/custom_msgs -DCMAKE_INSTALL_PREFIX=/home/tronsoc/baseStation/ARCh2025-BaseStation/ros2_ws/install/custom_msgs
[0.081s] -- The C compiler identification is GNU 11.4.0
[0.140s] -- The CXX compiler identification is GNU 11.4.0
[0.147s] -- Detecting C compiler ABI info
[0.198s] -- Detecting C compiler ABI info - done
[0.204s] -- Check for working C compiler: /usr/bin/cc - skipped
[0.205s] -- Detecting C compile features
[0.205s] -- Detecting C compile features - done
[0.208s] -- Detecting CXX compiler ABI info
[0.265s] -- Detecting CXX compiler ABI info - done
[0.271s] -- Check for working CXX compiler: /usr/bin/c++ - skipped
[0.271s] -- Detecting CXX compile features
[0.271s] -- Detecting CXX compile features - done
[0.274s] -- Found ament_cmake: 1.3.11 (/opt/ros/humble/share/ament_cmake/cmake)
[0.374s] -- Found Python3: /usr/bin/python3 (found version "3.10.12") found components: Interpreter 
[0.439s] -- Found rosidl_default_generators: 1.2.0 (/opt/ros/humble/share/rosidl_default_generators/cmake)
[0.442s] -- Using all available rosidl_typesupport_c: rosidl_typesupport_fastrtps_c;rosidl_typesupport_introspection_c
[0.447s] -- Found rosidl_adapter: 3.1.6 (/opt/ros/humble/share/rosidl_adapter/cmake)
[0.480s] -- Using all available rosidl_typesupport_cpp: rosidl_typesupport_fastrtps_cpp;rosidl_typesupport_introspection_cpp
[0.612s] -- Found Python3: /usr/bin/python3 (found version "3.10.12") found components: Interpreter Development Development.Module Development.Embed 
[0.651s] -- Found Python3: /usr/bin/python3 (found version "3.10.12") found components: Interpreter 
[0.775s] -- Found ament_cmake_ros: 0.10.0 (/opt/ros/humble/share/ament_cmake_ros/cmake)
[0.899s] -- Using all available rosidl_typesupport_c: rosidl_typesupport_fastrtps_c;rosidl_typesupport_introspection_c
[1.056s] -- Using all available rosidl_typesupport_cpp: rosidl_typesupport_fastrtps_cpp;rosidl_typesupport_introspection_cpp
[1.072s] -- Found PythonInterp: /usr/bin/python3 (found suitable version "3.10.12", minimum required is "3.6") 
[1.073s] -- Found python_cmake_module: 0.10.0 (/opt/ros/humble/share/python_cmake_module/cmake)
[1.091s] -- Found PythonLibs: /usr/lib/x86_64-linux-gnu/libpython3.10.so (found suitable version "3.10.12", minimum required is "3.5") 
[1.091s] -- Using PYTHON_EXECUTABLE: /usr/bin/python3
[1.091s] -- Using PYTHON_INCLUDE_DIRS: /usr/include/python3.10
[1.091s] -- Using PYTHON_LIBRARIES: /usr/lib/x86_64-linux-gnu/libpython3.10.so
[1.105s] -- Found PythonExtra: .so  
[1.127s] -- Found ament_lint_auto: 0.12.11 (/opt/ros/humble/share/ament_lint_auto/cmake)
[1.143s] -- Added test 'copyright' to check source files copyright and LICENSE
[1.145s] -- Added test 'lint_cmake' to check CMake code style
[1.145s] -- Added test 'xmllint' to check XML markup files
[1.148s] -- Configuring done
[1.168s] -- Generating done
[1.175s] -- Build files have been written to: /home/tronsoc/baseStation/ARCh2025-BaseStation/ros2_ws/build/custom_msgs
[1.179s] Invoked command in '/home/tronsoc/baseStation/ARCh2025-BaseStation/ros2_ws/build/custom_msgs' returned '0': CMAKE_PREFIX_PATH=/home/tronsoc/baseStation/ARCh2025-BaseStation/ros2_ws_py/install/robot_controller:/home/tronsoc/baseStation/ARCh2025-BaseStation/ros2_ws_py/install/custom_msgs:/opt/ros/humble /usr/bin/cmake /home/tronsoc/baseStation/ARCh2025-BaseStation/ros2_ws/src/custom_msgs -DCMAKE_INSTALL_PREFIX=/home/tronsoc/baseStation/ARCh2025-BaseStation/ros2_ws/install/custom_msgs
[1.181s] Invoking command in '/home/tronsoc/baseStation/ARCh2025-BaseStation/ros2_ws/build/custom_msgs': CMAKE_PREFIX_PATH=/home/tronsoc/baseStation/ARCh2025-BaseStation/ros2_ws_py/install/robot_controller:/home/tronsoc/baseStation/ARCh2025-BaseStation/ros2_ws_py/install/custom_msgs:/opt/ros/humble /usr/bin/cmake --build /home/tronsoc/baseStation/ARCh2025-BaseStation/ros2_ws/build/custom_msgs -- -j16 -l16
[1.210s] [  3%] [34m[1mGenerating C code for ROS interfaces[0m
[1.216s] [  6%] [34m[1mGenerating C++ code for ROS interfaces[0m
[1.221s] [  6%] Built target ament_cmake_python_copy_custom_msgs
[1.370s] [  6%] Built target custom_msgs__cpp
[1.370s] [  9%] [32mBuilding C object CMakeFiles/custom_msgs__rosidl_generator_c.dir/rosidl_generator_c/custom_msgs/msg/detail/custom_message__functions.c.o[0m
[1.376s] [ 16%] [34m[1mGenerating C++ type support dispatch for ROS interfaces[0m
[1.376s] [ 16%] [34m[1mGenerating C++ type support for eProsima Fast-RTPS[0m
[1.376s] [ 19%] [34m[1mGenerating C++ introspection for ROS interfaces[0m
[1.379s] running egg_info
[1.379s] creating custom_msgs.egg-info
[1.379s] writing custom_msgs.egg-info/PKG-INFO
[1.380s] writing dependency_links to custom_msgs.egg-info/dependency_links.txt
[1.380s] writing top-level names to custom_msgs.egg-info/top_level.txt
[1.380s] writing manifest file 'custom_msgs.egg-info/SOURCES.txt'
[1.381s] reading manifest file 'custom_msgs.egg-info/SOURCES.txt'
[1.381s] writing manifest file 'custom_msgs.egg-info/SOURCES.txt'
[1.400s] [ 19%] Built target ament_cmake_python_build_custom_msgs_egg
[1.409s] [ 22%] [32m[1mLinking C shared library libcustom_msgs__rosidl_generator_c.so[0m
[1.435s] [ 22%] Built target custom_msgs__rosidl_generator_c
[1.442s] [ 25%] [34m[1mGenerating C type support for eProsima Fast-RTPS[0m
[1.442s] [ 29%] [34m[1mGenerating C introspection for ROS interfaces[0m
[1.442s] [ 32%] [34m[1mGenerating C type support dispatch for ROS interfaces[0m
[1.534s] [ 35%] [32mBuilding CXX object CMakeFiles/custom_msgs__rosidl_typesupport_introspection_cpp.dir/rosidl_typesupport_introspection_cpp/custom_msgs/msg/detail/custom_message__type_support.cpp.o[0m
[1.546s] [ 41%] [32mBuilding CXX object CMakeFiles/custom_msgs__rosidl_typesupport_fastrtps_cpp.dir/rosidl_typesupport_fastrtps_cpp/custom_msgs/msg/detail/dds_fastrtps/custom_message__type_support.cpp.o[0m
[1.546s] [ 41%] [32mBuilding CXX object CMakeFiles/custom_msgs__rosidl_typesupport_cpp.dir/rosidl_typesupport_cpp/custom_msgs/msg/custom_message__type_support.cpp.o[0m
[1.588s] [ 45%] [32mBuilding CXX object CMakeFiles/custom_msgs__rosidl_typesupport_c.dir/rosidl_typesupport_c/custom_msgs/msg/custom_message__type_support.cpp.o[0m
[1.612s] [ 48%] [32m[1mLinking CXX shared library libcustom_msgs__rosidl_typesupport_c.so[0m
[1.622s] [ 51%] [32mBuilding C object CMakeFiles/custom_msgs__rosidl_typesupport_introspection_c.dir/rosidl_typesupport_introspection_c/custom_msgs/msg/detail/custom_message__type_support.c.o[0m
[1.644s] [ 54%] [32mBuilding CXX object CMakeFiles/custom_msgs__rosidl_typesupport_fastrtps_c.dir/rosidl_typesupport_fastrtps_c/custom_msgs/msg/detail/custom_message__type_support_c.cpp.o[0m
[1.646s] [ 54%] Built target custom_msgs__rosidl_typesupport_c
[1.648s] [ 58%] [32m[1mLinking C shared library libcustom_msgs__rosidl_typesupport_introspection_c.so[0m
[1.675s] [ 58%] Built target custom_msgs__rosidl_typesupport_introspection_c
[1.748s] [ 61%] [32m[1mLinking CXX shared library libcustom_msgs__rosidl_typesupport_cpp.so[0m
[1.778s] [ 61%] Built target custom_msgs__rosidl_typesupport_cpp
[1.832s] [ 64%] [32m[1mLinking CXX shared library libcustom_msgs__rosidl_typesupport_fastrtps_cpp.so[0m
[1.849s] [ 67%] [32m[1mLinking CXX shared library libcustom_msgs__rosidl_typesupport_introspection_cpp.so[0m
[1.871s] [ 70%] [32m[1mLinking CXX shared library libcustom_msgs__rosidl_typesupport_fastrtps_c.so[0m
[1.885s] [ 70%] Built target custom_msgs__rosidl_typesupport_fastrtps_cpp
[1.895s] [ 70%] Built target custom_msgs__rosidl_typesupport_introspection_cpp
[1.921s] [ 70%] Built target custom_msgs__rosidl_typesupport_fastrtps_c
[1.936s] [ 70%] Built target custom_msgs
[1.951s] [ 74%] [34m[1mGenerating Python code for ROS interfaces[0m
[2.142s] [ 74%] Built target custom_msgs__py
[2.155s] [ 77%] [32mBuilding C object CMakeFiles/custom_msgs__rosidl_generator_py.dir/rosidl_generator_py/custom_msgs/msg/_custom_message_s.c.o[0m
[2.230s] [ 80%] [32m[1mLinking C shared library rosidl_generator_py/custom_msgs/libcustom_msgs__rosidl_generator_py.so[0m
[2.257s] [ 80%] Built target custom_msgs__rosidl_generator_py
[2.270s] [ 83%] [32mBuilding C object CMakeFiles/custom_msgs__rosidl_typesupport_fastrtps_c__pyext.dir/rosidl_generator_py/custom_msgs/_custom_msgs_s.ep.rosidl_typesupport_fastrtps_c.c.o[0m
[2.271s] [ 87%] [32mBuilding C object CMakeFiles/custom_msgs__rosidl_typesupport_introspection_c__pyext.dir/rosidl_generator_py/custom_msgs/_custom_msgs_s.ep.rosidl_typesupport_introspection_c.c.o[0m
[2.271s] [ 90%] [32mBuilding C object CMakeFiles/custom_msgs__rosidl_typesupport_c__pyext.dir/rosidl_generator_py/custom_msgs/_custom_msgs_s.ep.rosidl_typesupport_c.c.o[0m
[2.330s] [ 96%] [32m[1mLinking C shared library rosidl_generator_py/custom_msgs/custom_msgs_s__rosidl_typesupport_c.cpython-310-x86_64-linux-gnu.so[0m
[2.330s] [ 96%] [32m[1mLinking C shared library rosidl_generator_py/custom_msgs/custom_msgs_s__rosidl_typesupport_introspection_c.cpython-310-x86_64-linux-gnu.so[0m
[2.332s] [100%] [32m[1mLinking C shared library rosidl_generator_py/custom_msgs/custom_msgs_s__rosidl_typesupport_fastrtps_c.cpython-310-x86_64-linux-gnu.so[0m
[2.352s] [100%] Built target custom_msgs__rosidl_typesupport_c__pyext
[2.352s] [100%] Built target custom_msgs__rosidl_typesupport_introspection_c__pyext
[2.355s] [100%] Built target custom_msgs__rosidl_typesupport_fastrtps_c__pyext
[2.363s] Invoked command in '/home/tronsoc/baseStation/ARCh2025-BaseStation/ros2_ws/build/custom_msgs' returned '0': CMAKE_PREFIX_PATH=/home/tronsoc/baseStation/ARCh2025-BaseStation/ros2_ws_py/install/robot_controller:/home/tronsoc/baseStation/ARCh2025-BaseStation/ros2_ws_py/install/custom_msgs:/opt/ros/humble /usr/bin/cmake --build /home/tronsoc/baseStation/ARCh2025-BaseStation/ros2_ws/build/custom_msgs -- -j16 -l16
[2.370s] Invoking command in '/home/tronsoc/baseStation/ARCh2025-BaseStation/ros2_ws/build/custom_msgs': CMAKE_PREFIX_PATH=/home/tronsoc/baseStation/ARCh2025-BaseStation/ros2_ws_py/install/robot_controller:/home/tronsoc/baseStation/ARCh2025-BaseStation/ros2_ws_py/install/custom_msgs:/opt/ros/humble /usr/bin/cmake --install /home/tronsoc/baseStation/ARCh2025-BaseStation/ros2_ws/build/custom_msgs
[2.375s] -- Install configuration: ""
[2.375s] -- Installing: /home/tronsoc/baseStation/ARCh2025-BaseStation/ros2_ws/install/custom_msgs/share/ament_index/resource_index/rosidl_interfaces/custom_msgs
[2.375s] -- Installing: /home/tronsoc/baseStation/ARCh2025-BaseStation/ros2_ws/install/custom_msgs/include/custom_msgs/custom_msgs
[2.375s] -- Installing: /home/tronsoc/baseStation/ARCh2025-BaseStation/ros2_ws/install/custom_msgs/include/custom_msgs/custom_msgs/msg
[2.375s] -- Installing: /home/tronsoc/baseStation/ARCh2025-BaseStation/ros2_ws/install/custom_msgs/include/custom_msgs/custom_msgs/msg/rosidl_generator_c__visibility_control.h
[2.376s] -- Installing: /home/tronsoc/baseStation/ARCh2025-BaseStation/ros2_ws/install/custom_msgs/include/custom_msgs/custom_msgs/msg/detail
[2.376s] -- Installing: /home/tronsoc/baseStation/ARCh2025-BaseStation/ros2_ws/install/custom_msgs/include/custom_msgs/custom_msgs/msg/detail/custom_message__struct.h
[2.376s] -- Installing: /home/tronsoc/baseStation/ARCh2025-BaseStation/ros2_ws/install/custom_msgs/include/custom_msgs/custom_msgs/msg/detail/custom_message__type_support.h
[2.376s] -- Installing: /home/tronsoc/baseStation/ARCh2025-BaseStation/ros2_ws/install/custom_msgs/include/custom_msgs/custom_msgs/msg/detail/custom_message__functions.c
[2.376s] -- Installing: /home/tronsoc/baseStation/ARCh2025-BaseStation/ros2_ws/install/custom_msgs/include/custom_msgs/custom_msgs/msg/detail/custom_message__functions.h
[2.376s] -- Installing: /home/tronsoc/baseStation/ARCh2025-BaseStation/ros2_ws/install/custom_msgs/include/custom_msgs/custom_msgs/msg/custom_message.h
[2.376s] -- Installing: /home/tronsoc/baseStation/ARCh2025-BaseStation/ros2_ws/install/custom_msgs/share/custom_msgs/environment/library_path.sh
[2.376s] -- Installing: /home/tronsoc/baseStation/ARCh2025-BaseStation/ros2_ws/install/custom_msgs/share/custom_msgs/environment/library_path.dsv
[2.377s] -- Installing: /home/tronsoc/baseStation/ARCh2025-BaseStation/ros2_ws/install/custom_msgs/lib/libcustom_msgs__rosidl_generator_c.so
[2.377s] -- Set runtime path of "/home/tronsoc/baseStation/ARCh2025-BaseStation/ros2_ws/install/custom_msgs/lib/libcustom_msgs__rosidl_generator_c.so" to ""
[2.377s] -- Up-to-date: /home/tronsoc/baseStation/ARCh2025-BaseStation/ros2_ws/install/custom_msgs/include/custom_msgs/custom_msgs
[2.377s] -- Up-to-date: /home/tronsoc/baseStation/ARCh2025-BaseStation/ros2_ws/install/custom_msgs/include/custom_msgs/custom_msgs/msg
[2.377s] -- Installing: /home/tronsoc/baseStation/ARCh2025-BaseStation/ros2_ws/install/custom_msgs/include/custom_msgs/custom_msgs/msg/rosidl_typesupport_fastrtps_c__visibility_control.h
[2.377s] -- Up-to-date: /home/tronsoc/baseStation/ARCh2025-BaseStation/ros2_ws/install/custom_msgs/include/custom_msgs/custom_msgs/msg/detail
[2.377s] -- Installing: /home/tronsoc/baseStation/ARCh2025-BaseStation/ros2_ws/install/custom_msgs/include/custom_msgs/custom_msgs/msg/detail/custom_message__rosidl_typesupport_fastrtps_c.h
[2.377s] -- Installing: /home/tronsoc/baseStation/ARCh2025-BaseStation/ros2_ws/install/custom_msgs/lib/libcustom_msgs__rosidl_typesupport_fastrtps_c.so
[2.378s] -- Set runtime path of "/home/tronsoc/baseStation/ARCh2025-BaseStation/ros2_ws/install/custom_msgs/lib/libcustom_msgs__rosidl_typesupport_fastrtps_c.so" to ""
[2.378s] -- Up-to-date: /home/tronsoc/baseStation/ARCh2025-BaseStation/ros2_ws/install/custom_msgs/include/custom_msgs/custom_msgs
[2.378s] -- Up-to-date: /home/tronsoc/baseStation/ARCh2025-BaseStation/ros2_ws/install/custom_msgs/include/custom_msgs/custom_msgs/msg
[2.378s] -- Installing: /home/tronsoc/baseStation/ARCh2025-BaseStation/ros2_ws/install/custom_msgs/include/custom_msgs/custom_msgs/msg/rosidl_typesupport_introspection_c__visibility_control.h
[2.378s] -- Up-to-date: /home/tronsoc/baseStation/ARCh2025-BaseStation/ros2_ws/install/custom_msgs/include/custom_msgs/custom_msgs/msg/detail
[2.378s] -- Installing: /home/tronsoc/baseStation/ARCh2025-BaseStation/ros2_ws/install/custom_msgs/include/custom_msgs/custom_msgs/msg/detail/custom_message__type_support.c
[2.378s] -- Installing: /home/tronsoc/baseStation/ARCh2025-BaseStation/ros2_ws/install/custom_msgs/include/custom_msgs/custom_msgs/msg/detail/custom_message__rosidl_typesupport_introspection_c.h
[2.378s] -- Installing: /home/tronsoc/baseStation/ARCh2025-BaseStation/ros2_ws/install/custom_msgs/lib/libcustom_msgs__rosidl_typesupport_introspection_c.so
[2.378s] -- Set runtime path of "/home/tronsoc/baseStation/ARCh2025-BaseStation/ros2_ws/install/custom_msgs/lib/libcustom_msgs__rosidl_typesupport_introspection_c.so" to ""
[2.379s] -- Installing: /home/tronsoc/baseStation/ARCh2025-BaseStation/ros2_ws/install/custom_msgs/lib/libcustom_msgs__rosidl_typesupport_c.so
[2.379s] -- Set runtime path of "/home/tronsoc/baseStation/ARCh2025-BaseStation/ros2_ws/install/custom_msgs/lib/libcustom_msgs__rosidl_typesupport_c.so" to ""
[2.379s] -- Up-to-date: /home/tronsoc/baseStation/ARCh2025-BaseStation/ros2_ws/install/custom_msgs/include/custom_msgs/custom_msgs
[2.379s] -- Up-to-date: /home/tronsoc/baseStation/ARCh2025-BaseStation/ros2_ws/install/custom_msgs/include/custom_msgs/custom_msgs/msg
[2.379s] -- Installing: /home/tronsoc/baseStation/ARCh2025-BaseStation/ros2_ws/install/custom_msgs/include/custom_msgs/custom_msgs/msg/custom_message.hpp
[2.379s] -- Up-to-date: /home/tronsoc/baseStation/ARCh2025-BaseStation/ros2_ws/install/custom_msgs/include/custom_msgs/custom_msgs/msg/detail
[2.379s] -- Installing: /home/tronsoc/baseStation/ARCh2025-BaseStation/ros2_ws/install/custom_msgs/include/custom_msgs/custom_msgs/msg/detail/custom_message__struct.hpp
[2.379s] -- Installing: /home/tronsoc/baseStation/ARCh2025-BaseStation/ros2_ws/install/custom_msgs/include/custom_msgs/custom_msgs/msg/detail/custom_message__type_support.hpp
[2.379s] -- Installing: /home/tronsoc/baseStation/ARCh2025-BaseStation/ros2_ws/install/custom_msgs/include/custom_msgs/custom_msgs/msg/detail/custom_message__builder.hpp
[2.379s] -- Installing: /home/tronsoc/baseStation/ARCh2025-BaseStation/ros2_ws/install/custom_msgs/include/custom_msgs/custom_msgs/msg/detail/custom_message__traits.hpp
[2.380s] -- Installing: /home/tronsoc/baseStation/ARCh2025-BaseStation/ros2_ws/install/custom_msgs/include/custom_msgs/custom_msgs/msg/rosidl_generator_cpp__visibility_control.hpp
[2.380s] -- Up-to-date: /home/tronsoc/baseStation/ARCh2025-BaseStation/ros2_ws/install/custom_msgs/include/custom_msgs/custom_msgs
[2.380s] -- Up-to-date: /home/tronsoc/baseStation/ARCh2025-BaseStation/ros2_ws/install/custom_msgs/include/custom_msgs/custom_msgs/msg
[2.380s] -- Up-to-date: /home/tronsoc/baseStation/ARCh2025-BaseStation/ros2_ws/install/custom_msgs/include/custom_msgs/custom_msgs/msg/detail
[2.380s] -- Installing: /home/tronsoc/baseStation/ARCh2025-BaseStation/ros2_ws/install/custom_msgs/include/custom_msgs/custom_msgs/msg/detail/dds_fastrtps
[2.380s] -- Installing: /home/tronsoc/baseStation/ARCh2025-BaseStation/ros2_ws/install/custom_msgs/include/custom_msgs/custom_msgs/msg/detail/custom_message__rosidl_typesupport_fastrtps_cpp.hpp
[2.380s] -- Installing: /home/tronsoc/baseStation/ARCh2025-BaseStation/ros2_ws/install/custom_msgs/include/custom_msgs/custom_msgs/msg/rosidl_typesupport_fastrtps_cpp__visibility_control.h
[2.380s] -- Installing: /home/tronsoc/baseStation/ARCh2025-BaseStation/ros2_ws/install/custom_msgs/lib/libcustom_msgs__rosidl_typesupport_fastrtps_cpp.so
[2.380s] -- Set runtime path of "/home/tronsoc/baseStation/ARCh2025-BaseStation/ros2_ws/install/custom_msgs/lib/libcustom_msgs__rosidl_typesupport_fastrtps_cpp.so" to ""
[2.380s] -- Up-to-date: /home/tronsoc/baseStation/ARCh2025-BaseStation/ros2_ws/install/custom_msgs/include/custom_msgs/custom_msgs
[2.381s] -- Up-to-date: /home/tronsoc/baseStation/ARCh2025-BaseStation/ros2_ws/install/custom_msgs/include/custom_msgs/custom_msgs/msg
[2.381s] -- Up-to-date: /home/tronsoc/baseStation/ARCh2025-BaseStation/ros2_ws/install/custom_msgs/include/custom_msgs/custom_msgs/msg/detail
[2.381s] -- Installing: /home/tronsoc/baseStation/ARCh2025-BaseStation/ros2_ws/install/custom_msgs/include/custom_msgs/custom_msgs/msg/detail/custom_message__type_support.cpp
[2.381s] -- Installing: /home/tronsoc/baseStation/ARCh2025-BaseStation/ros2_ws/install/custom_msgs/include/custom_msgs/custom_msgs/msg/detail/custom_message__rosidl_typesupport_introspection_cpp.hpp
[2.381s] -- Installing: /home/tronsoc/baseStation/ARCh2025-BaseStation/ros2_ws/install/custom_msgs/lib/libcustom_msgs__rosidl_typesupport_introspection_cpp.so
[2.381s] -- Set runtime path of "/home/tronsoc/baseStation/ARCh2025-BaseStation/ros2_ws/install/custom_msgs/lib/libcustom_msgs__rosidl_typesupport_introspection_cpp.so" to ""
[2.381s] -- Installing: /home/tronsoc/baseStation/ARCh2025-BaseStation/ros2_ws/install/custom_msgs/lib/libcustom_msgs__rosidl_typesupport_cpp.so
[2.382s] -- Set runtime path of "/home/tronsoc/baseStation/ARCh2025-BaseStation/ros2_ws/install/custom_msgs/lib/libcustom_msgs__rosidl_typesupport_cpp.so" to ""
[2.382s] -- Installing: /home/tronsoc/baseStation/ARCh2025-BaseStation/ros2_ws/install/custom_msgs/share/custom_msgs/environment/pythonpath.sh
[2.382s] -- Installing: /home/tronsoc/baseStation/ARCh2025-BaseStation/ros2_ws/install/custom_msgs/share/custom_msgs/environment/pythonpath.dsv
[2.382s] -- Installing: /home/tronsoc/baseStation/ARCh2025-BaseStation/ros2_ws/install/custom_msgs/local/lib/python3.10/dist-packages/custom_msgs-0.0.0-py3.10.egg-info
[2.382s] -- Installing: /home/tronsoc/baseStation/ARCh2025-BaseStation/ros2_ws/install/custom_msgs/local/lib/python3.10/dist-packages/custom_msgs-0.0.0-py3.10.egg-info/SOURCES.txt
[2.382s] -- Installing: /home/tronsoc/baseStation/ARCh2025-BaseStation/ros2_ws/install/custom_msgs/local/lib/python3.10/dist-packages/custom_msgs-0.0.0-py3.10.egg-info/PKG-INFO
[2.382s] -- Installing: /home/tronsoc/baseStation/ARCh2025-BaseStation/ros2_ws/install/custom_msgs/local/lib/python3.10/dist-packages/custom_msgs-0.0.0-py3.10.egg-info/dependency_links.txt
[2.382s] -- Installing: /home/tronsoc/baseStation/ARCh2025-BaseStation/ros2_ws/install/custom_msgs/local/lib/python3.10/dist-packages/custom_msgs-0.0.0-py3.10.egg-info/top_level.txt
[2.383s] -- Installing: /home/tronsoc/baseStation/ARCh2025-BaseStation/ros2_ws/install/custom_msgs/local/lib/python3.10/dist-packages/custom_msgs
[2.383s] -- Installing: /home/tronsoc/baseStation/ARCh2025-BaseStation/ros2_ws/install/custom_msgs/local/lib/python3.10/dist-packages/custom_msgs/__init__.py
[2.383s] -- Installing: /home/tronsoc/baseStation/ARCh2025-BaseStation/ros2_ws/install/custom_msgs/local/lib/python3.10/dist-packages/custom_msgs/_custom_msgs_s.ep.rosidl_typesupport_introspection_c.c
[2.383s] -- Installing: /home/tronsoc/baseStation/ARCh2025-BaseStation/ros2_ws/install/custom_msgs/local/lib/python3.10/dist-packages/custom_msgs/_custom_msgs_s.ep.rosidl_typesupport_fastrtps_c.c
[2.383s] -- Installing: /home/tronsoc/baseStation/ARCh2025-BaseStation/ros2_ws/install/custom_msgs/local/lib/python3.10/dist-packages/custom_msgs/libcustom_msgs__rosidl_generator_py.so
[2.383s] -- Installing: /home/tronsoc/baseStation/ARCh2025-BaseStation/ros2_ws/install/custom_msgs/local/lib/python3.10/dist-packages/custom_msgs/custom_msgs_s__rosidl_typesupport_introspection_c.cpython-310-x86_64-linux-gnu.so
[2.383s] -- Installing: /home/tronsoc/baseStation/ARCh2025-BaseStation/ros2_ws/install/custom_msgs/local/lib/python3.10/dist-packages/custom_msgs/custom_msgs_s__rosidl_typesupport_c.cpython-310-x86_64-linux-gnu.so
[2.383s] -- Installing: /home/tronsoc/baseStation/ARCh2025-BaseStation/ros2_ws/install/custom_msgs/local/lib/python3.10/dist-packages/custom_msgs/_custom_msgs_s.ep.rosidl_typesupport_c.c
[2.383s] -- Installing: /home/tronsoc/baseStation/ARCh2025-BaseStation/ros2_ws/install/custom_msgs/local/lib/python3.10/dist-packages/custom_msgs/custom_msgs_s__rosidl_typesupport_fastrtps_c.cpython-310-x86_64-linux-gnu.so
[2.384s] -- Installing: /home/tronsoc/baseStation/ARCh2025-BaseStation/ros2_ws/install/custom_msgs/local/lib/python3.10/dist-packages/custom_msgs/msg
[2.384s] -- Installing: /home/tronsoc/baseStation/ARCh2025-BaseStation/ros2_ws/install/custom_msgs/local/lib/python3.10/dist-packages/custom_msgs/msg/__init__.py
[2.384s] -- Installing: /home/tronsoc/baseStation/ARCh2025-BaseStation/ros2_ws/install/custom_msgs/local/lib/python3.10/dist-packages/custom_msgs/msg/_custom_message.py
[2.384s] -- Installing: /home/tronsoc/baseStation/ARCh2025-BaseStation/ros2_ws/install/custom_msgs/local/lib/python3.10/dist-packages/custom_msgs/msg/_custom_message_s.c
[2.407s] Listing '/home/tronsoc/baseStation/ARCh2025-BaseStation/ros2_ws/install/custom_msgs/local/lib/python3.10/dist-packages/custom_msgs'...
[2.407s] Compiling '/home/tronsoc/baseStation/ARCh2025-BaseStation/ros2_ws/install/custom_msgs/local/lib/python3.10/dist-packages/custom_msgs/__init__.py'...
[2.407s] Listing '/home/tronsoc/baseStation/ARCh2025-BaseStation/ros2_ws/install/custom_msgs/local/lib/python3.10/dist-packages/custom_msgs/msg'...
[2.407s] Compiling '/home/tronsoc/baseStation/ARCh2025-BaseStation/ros2_ws/install/custom_msgs/local/lib/python3.10/dist-packages/custom_msgs/msg/__init__.py'...
[2.407s] Compiling '/home/tronsoc/baseStation/ARCh2025-BaseStation/ros2_ws/install/custom_msgs/local/lib/python3.10/dist-packages/custom_msgs/msg/_custom_message.py'...
[2.409s] -- Installing: /home/tronsoc/baseStation/ARCh2025-BaseStation/ros2_ws/install/custom_msgs/local/lib/python3.10/dist-packages/custom_msgs/custom_msgs_s__rosidl_typesupport_fastrtps_c.cpython-310-x86_64-linux-gnu.so
[2.410s] -- Set runtime path of "/home/tronsoc/baseStation/ARCh2025-BaseStation/ros2_ws/install/custom_msgs/local/lib/python3.10/dist-packages/custom_msgs/custom_msgs_s__rosidl_typesupport_fastrtps_c.cpython-310-x86_64-linux-gnu.so" to ""
[2.410s] -- Installing: /home/tronsoc/baseStation/ARCh2025-BaseStation/ros2_ws/install/custom_msgs/local/lib/python3.10/dist-packages/custom_msgs/custom_msgs_s__rosidl_typesupport_introspection_c.cpython-310-x86_64-linux-gnu.so
[2.410s] -- Set runtime path of "/home/tronsoc/baseStation/ARCh2025-BaseStation/ros2_ws/install/custom_msgs/local/lib/python3.10/dist-packages/custom_msgs/custom_msgs_s__rosidl_typesupport_introspection_c.cpython-310-x86_64-linux-gnu.so" to ""
[2.410s] -- Installing: /home/tronsoc/baseStation/ARCh2025-BaseStation/ros2_ws/install/custom_msgs/local/lib/python3.10/dist-packages/custom_msgs/custom_msgs_s__rosidl_typesupport_c.cpython-310-x86_64-linux-gnu.so
[2.411s] -- Set runtime path of "/home/tronsoc/baseStation/ARCh2025-BaseStation/ros2_ws/install/custom_msgs/local/lib/python3.10/dist-packages/custom_msgs/custom_msgs_s__rosidl_typesupport_c.cpython-310-x86_64-linux-gnu.so" to ""
[2.411s] -- Installing: /home/tronsoc/baseStation/ARCh2025-BaseStation/ros2_ws/install/custom_msgs/lib/libcustom_msgs__rosidl_generator_py.so
[2.411s] -- Set runtime path of "/home/tronsoc/baseStation/ARCh2025-BaseStation/ros2_ws/install/custom_msgs/lib/libcustom_msgs__rosidl_generator_py.so" to ""
[2.411s] -- Installing: /home/tronsoc/baseStation/ARCh2025-BaseStation/ros2_ws/install/custom_msgs/share/custom_msgs/msg/CustomMessage.idl
[2.411s] -- Installing: /home/tronsoc/baseStation/ARCh2025-BaseStation/ros2_ws/install/custom_msgs/share/custom_msgs/msg/CustomMessage.msg
[2.411s] -- Installing: /home/tronsoc/baseStation/ARCh2025-BaseStation/ros2_ws/install/custom_msgs/share/ament_index/resource_index/package_run_dependencies/custom_msgs
[2.412s] -- Installing: /home/tronsoc/baseStation/ARCh2025-BaseStation/ros2_ws/install/custom_msgs/share/ament_index/resource_index/parent_prefix_path/custom_msgs
[2.412s] -- Installing: /home/tronsoc/baseStation/ARCh2025-BaseStation/ros2_ws/install/custom_msgs/share/custom_msgs/environment/ament_prefix_path.sh
[2.412s] -- Installing: /home/tronsoc/baseStation/ARCh2025-BaseStation/ros2_ws/install/custom_msgs/share/custom_msgs/environment/ament_prefix_path.dsv
[2.412s] -- Installing: /home/tronsoc/baseStation/ARCh2025-BaseStation/ros2_ws/install/custom_msgs/share/custom_msgs/environment/path.sh
[2.412s] -- Installing: /home/tronsoc/baseStation/ARCh2025-BaseStation/ros2_ws/install/custom_msgs/share/custom_msgs/environment/path.dsv
[2.412s] -- Installing: /home/tronsoc/baseStation/ARCh2025-BaseStation/ros2_ws/install/custom_msgs/share/custom_msgs/local_setup.bash
[2.412s] -- Installing: /home/tronsoc/baseStation/ARCh2025-BaseStation/ros2_ws/install/custom_msgs/share/custom_msgs/local_setup.sh
[2.412s] -- Installing: /home/tronsoc/baseStation/ARCh2025-BaseStation/ros2_ws/install/custom_msgs/share/custom_msgs/local_setup.zsh
[2.413s] -- Installing: /home/tronsoc/baseStation/ARCh2025-BaseStation/ros2_ws/install/custom_msgs/share/custom_msgs/local_setup.dsv
[2.413s] -- Installing: /home/tronsoc/baseStation/ARCh2025-BaseStation/ros2_ws/install/custom_msgs/share/custom_msgs/package.dsv
[2.413s] -- Installing: /home/tronsoc/baseStation/ARCh2025-BaseStation/ros2_ws/install/custom_msgs/share/ament_index/resource_index/packages/custom_msgs
[2.413s] -- Installing: /home/tronsoc/baseStation/ARCh2025-BaseStation/ros2_ws/install/custom_msgs/share/custom_msgs/cmake/export_custom_msgs__rosidl_generator_cExport.cmake
[2.413s] -- Installing: /home/tronsoc/baseStation/ARCh2025-BaseStation/ros2_ws/install/custom_msgs/share/custom_msgs/cmake/export_custom_msgs__rosidl_generator_cExport-noconfig.cmake
[2.413s] -- Installing: /home/tronsoc/baseStation/ARCh2025-BaseStation/ros2_ws/install/custom_msgs/share/custom_msgs/cmake/export_custom_msgs__rosidl_typesupport_fastrtps_cExport.cmake
[2.413s] -- Installing: /home/tronsoc/baseStation/ARCh2025-BaseStation/ros2_ws/install/custom_msgs/share/custom_msgs/cmake/export_custom_msgs__rosidl_typesupport_fastrtps_cExport-noconfig.cmake
[2.414s] -- Installing: /home/tronsoc/baseStation/ARCh2025-BaseStation/ros2_ws/install/custom_msgs/share/custom_msgs/cmake/custom_msgs__rosidl_typesupport_introspection_cExport.cmake
[2.414s] -- Installing: /home/tronsoc/baseStation/ARCh2025-BaseStation/ros2_ws/install/custom_msgs/share/custom_msgs/cmake/custom_msgs__rosidl_typesupport_introspection_cExport-noconfig.cmake
[2.414s] -- Installing: /home/tronsoc/baseStation/ARCh2025-BaseStation/ros2_ws/install/custom_msgs/share/custom_msgs/cmake/custom_msgs__rosidl_typesupport_cExport.cmake
[2.414s] -- Installing: /home/tronsoc/baseStation/ARCh2025-BaseStation/ros2_ws/install/custom_msgs/share/custom_msgs/cmake/custom_msgs__rosidl_typesupport_cExport-noconfig.cmake
[2.414s] -- Installing: /home/tronsoc/baseStation/ARCh2025-BaseStation/ros2_ws/install/custom_msgs/share/custom_msgs/cmake/export_custom_msgs__rosidl_generator_cppExport.cmake
[2.414s] -- Installing: /home/tronsoc/baseStation/ARCh2025-BaseStation/ros2_ws/install/custom_msgs/share/custom_msgs/cmake/export_custom_msgs__rosidl_typesupport_fastrtps_cppExport.cmake
[2.414s] -- Installing: /home/tronsoc/baseStation/ARCh2025-BaseStation/ros2_ws/install/custom_msgs/share/custom_msgs/cmake/export_custom_msgs__rosidl_typesupport_fastrtps_cppExport-noconfig.cmake
[2.414s] -- Installing: /home/tronsoc/baseStation/ARCh2025-BaseStation/ros2_ws/install/custom_msgs/share/custom_msgs/cmake/custom_msgs__rosidl_typesupport_introspection_cppExport.cmake
[2.415s] -- Installing: /home/tronsoc/baseStation/ARCh2025-BaseStation/ros2_ws/install/custom_msgs/share/custom_msgs/cmake/custom_msgs__rosidl_typesupport_introspection_cppExport-noconfig.cmake
[2.415s] -- Installing: /home/tronsoc/baseStation/ARCh2025-BaseStation/ros2_ws/install/custom_msgs/share/custom_msgs/cmake/custom_msgs__rosidl_typesupport_cppExport.cmake
[2.415s] -- Installing: /home/tronsoc/baseStation/ARCh2025-BaseStation/ros2_ws/install/custom_msgs/share/custom_msgs/cmake/custom_msgs__rosidl_typesupport_cppExport-noconfig.cmake
[2.415s] -- Installing: /home/tronsoc/baseStation/ARCh2025-BaseStation/ros2_ws/install/custom_msgs/share/custom_msgs/cmake/export_custom_msgs__rosidl_generator_pyExport.cmake
[2.415s] -- Installing: /home/tronsoc/baseStation/ARCh2025-BaseStation/ros2_ws/install/custom_msgs/share/custom_msgs/cmake/export_custom_msgs__rosidl_generator_pyExport-noconfig.cmake
[2.415s] -- Installing: /home/tronsoc/baseStation/ARCh2025-BaseStation/ros2_ws/install/custom_msgs/share/custom_msgs/cmake/rosidl_cmake-extras.cmake
[2.415s] -- Installing: /home/tronsoc/baseStation/ARCh2025-BaseStation/ros2_ws/install/custom_msgs/share/custom_msgs/cmake/ament_cmake_export_include_directories-extras.cmake
[2.416s] -- Installing: /home/tronsoc/baseStation/ARCh2025-BaseStation/ros2_ws/install/custom_msgs/share/custom_msgs/cmake/ament_cmake_export_libraries-extras.cmake
[2.416s] -- Installing: /home/tronsoc/baseStation/ARCh2025-BaseStation/ros2_ws/install/custom_msgs/share/custom_msgs/cmake/ament_cmake_export_targets-extras.cmake
[2.416s] -- Installing: /home/tronsoc/baseStation/ARCh2025-BaseStation/ros2_ws/install/custom_msgs/share/custom_msgs/cmake/rosidl_cmake_export_typesupport_targets-extras.cmake
[2.416s] -- Installing: /home/tronsoc/baseStation/ARCh2025-BaseStation/ros2_ws/install/custom_msgs/share/custom_msgs/cmake/ament_cmake_export_dependencies-extras.cmake
[2.416s] -- Installing: /home/tronsoc/baseStation/ARCh2025-BaseStation/ros2_ws/install/custom_msgs/share/custom_msgs/cmake/rosidl_cmake_export_typesupport_libraries-extras.cmake
[2.416s] -- Installing: /home/tronsoc/baseStation/ARCh2025-BaseStation/ros2_ws/install/custom_msgs/share/custom_msgs/cmake/custom_msgsConfig.cmake
[2.416s] -- Installing: /home/tronsoc/baseStation/ARCh2025-BaseStation/ros2_ws/install/custom_msgs/share/custom_msgs/cmake/custom_msgsConfig-version.cmake
[2.416s] -- Installing: /home/tronsoc/baseStation/ARCh2025-BaseStation/ros2_ws/install/custom_msgs/share/custom_msgs/package.xml
[2.418s] Invoked command in '/home/tronsoc/baseStation/ARCh2025-BaseStation/ros2_ws/build/custom_msgs' returned '0': CMAKE_PREFIX_PATH=/home/tronsoc/baseStation/ARCh2025-BaseStation/ros2_ws_py/install/robot_controller:/home/tronsoc/baseStation/ARCh2025-BaseStation/ros2_ws_py/install/custom_msgs:/opt/ros/humble /usr/bin/cmake --install /home/tronsoc/baseStation/ARCh2025-BaseStation/ros2_ws/build/custom_msgs
