[0.008s] Invoking command in '/home/tronsoc/baseStation/ARCh2025-BaseStation/ros2_ws/build/custom_msgs': CMAKE_PREFIX_PATH=/opt/ros/humble /usr/bin/cmake --build /home/tronsoc/baseStation/ARCh2025-BaseStation/ros2_ws/build/custom_msgs -- -j16 -l16
[0.043s] -- Found ament_cmake: 1.3.11 (/opt/ros/humble/share/ament_cmake/cmake)
[0.129s] -- Found rosidl_default_generators: 1.2.0 (/opt/ros/humble/share/rosidl_default_generators/cmake)
[0.130s] -- Using all available rosidl_typesupport_c: rosidl_typesupport_fastrtps_c;rosidl_typesupport_introspection_c
[0.133s] -- Found rosidl_adapter: 3.1.6 (/opt/ros/humble/share/rosidl_adapter/cmake)
[0.156s] -- Using all available rosidl_typesupport_cpp: rosidl_typesupport_fastrtps_cpp;rosidl_typesupport_introspection_cpp
[0.212s] -- Found Python3: /usr/bin/python3 (found version "3.10.12") found components: Interpreter Development Development.Module Development.Embed 
[0.250s] -- Found Python3: /usr/bin/python3 (found version "3.10.12") found components: Interpreter 
[0.380s] -- Found ament_cmake_ros: 0.10.0 (/opt/ros/humble/share/ament_cmake_ros/cmake)
[0.500s] -- Using all available rosidl_typesupport_c: rosidl_typesupport_fastrtps_c;rosidl_typesupport_introspection_c
[0.652s] -- Using all available rosidl_typesupport_cpp: rosidl_typesupport_fastrtps_cpp;rosidl_typesupport_introspection_cpp
[0.667s] -- Found python_cmake_module: 0.10.0 (/opt/ros/humble/share/python_cmake_module/cmake)
[0.682s] -- Using PYTHON_EXECUTABLE: /usr/bin/python3
[0.682s] -- Using PYTHON_INCLUDE_DIRS: /usr/include/python3.10
[0.682s] -- Using PYTHON_LIBRARIES: /usr/lib/x86_64-linux-gnu/libpython3.10.so
[0.689s] -- Found ament_lint_auto: 0.12.11 (/opt/ros/humble/share/ament_lint_auto/cmake)
[0.698s] -- Added test 'copyright' to check source files copyright and LICENSE
[0.699s] -- Added test 'lint_cmake' to check CMake code style
[0.699s] -- Added test 'xmllint' to check XML markup files
[0.701s] -- Configuring done
[0.733s] -- Generating done
[0.741s] -- Build files have been written to: /home/tronsoc/baseStation/ARCh2025-BaseStation/ros2_ws/build/custom_msgs
[0.759s] [  1%] [34m[1mGenerating C code for ROS interfaces[0m
[0.766s] [  3%] [34m[1mGenerating C++ code for ROS interfaces[0m
[0.774s] [  3%] Built target ament_cmake_python_copy_custom_msgs
[0.926s] running egg_info
[0.927s] writing custom_msgs.egg-info/PKG-INFO
[0.927s] writing dependency_links to custom_msgs.egg-info/dependency_links.txt
[0.927s] writing top-level names to custom_msgs.egg-info/top_level.txt
[0.929s] reading manifest file 'custom_msgs.egg-info/SOURCES.txt'
[0.929s] writing manifest file 'custom_msgs.egg-info/SOURCES.txt'
[0.946s] [  3%] Built target ament_cmake_python_build_custom_msgs_egg
[1.015s] [35m[1mConsolidate compiler generated dependencies of target custom_msgs__rosidl_generator_c[0m
[1.021s] [  3%] Built target custom_msgs__cpp
[1.025s] [  7%] [32mBuilding C object CMakeFiles/custom_msgs__rosidl_generator_c.dir/rosidl_generator_c/custom_msgs/msg/detail/science_feedback__functions.c.o[0m
[1.025s] [  7%] [32mBuilding C object CMakeFiles/custom_msgs__rosidl_generator_c.dir/rosidl_generator_c/custom_msgs/msg/detail/drivetrain_feedback__functions.c.o[0m
[1.025s] [ 10%] [32mBuilding C object CMakeFiles/custom_msgs__rosidl_generator_c.dir/rosidl_generator_c/custom_msgs/msg/detail/drivetrain_control__functions.c.o[0m
[1.025s] [ 10%] [32mBuilding C object CMakeFiles/custom_msgs__rosidl_generator_c.dir/rosidl_generator_c/custom_msgs/msg/detail/science_control__functions.c.o[0m
[1.027s] [ 12%] [34m[1mGenerating C++ type support dispatch for ROS interfaces[0m
[1.028s] [ 16%] [34m[1mGenerating C++ introspection for ROS interfaces[0m
[1.028s] [ 16%] [34m[1mGenerating C++ type support for eProsima Fast-RTPS[0m
[1.080s] [ 18%] [32m[1mLinking C shared library libcustom_msgs__rosidl_generator_c.so[0m
[1.110s] [ 18%] Built target custom_msgs__rosidl_generator_c
[1.117s] [ 23%] [34m[1mGenerating C type support for eProsima Fast-RTPS[0m
[1.117s] [ 23%] [34m[1mGenerating C type support dispatch for ROS interfaces[0m
[1.117s] [ 23%] [34m[1mGenerating C introspection for ROS interfaces[0m
[1.205s] [35m[1mConsolidate compiler generated dependencies of target custom_msgs__rosidl_typesupport_cpp[0m
[1.222s] [ 27%] [32mBuilding CXX object CMakeFiles/custom_msgs__rosidl_typesupport_cpp.dir/rosidl_typesupport_cpp/custom_msgs/msg/drivetrain_feedback__type_support.cpp.o[0m
[1.222s] [ 27%] [32mBuilding CXX object CMakeFiles/custom_msgs__rosidl_typesupport_cpp.dir/rosidl_typesupport_cpp/custom_msgs/msg/science_control__type_support.cpp.o[0m
[1.222s] [ 29%] [32mBuilding CXX object CMakeFiles/custom_msgs__rosidl_typesupport_cpp.dir/rosidl_typesupport_cpp/custom_msgs/msg/drivetrain_control__type_support.cpp.o[0m
[1.223s] [ 30%] [32mBuilding CXX object CMakeFiles/custom_msgs__rosidl_typesupport_cpp.dir/rosidl_typesupport_cpp/custom_msgs/msg/science_feedback__type_support.cpp.o[0m
[1.240s] [35m[1mConsolidate compiler generated dependencies of target custom_msgs__rosidl_typesupport_introspection_cpp[0m
[1.254s] [ 32%] [32mBuilding CXX object CMakeFiles/custom_msgs__rosidl_typesupport_introspection_cpp.dir/rosidl_typesupport_introspection_cpp/custom_msgs/msg/detail/drivetrain_control__type_support.cpp.o[0m
[1.255s] [ 34%] [32mBuilding CXX object CMakeFiles/custom_msgs__rosidl_typesupport_introspection_cpp.dir/rosidl_typesupport_introspection_cpp/custom_msgs/msg/detail/drivetrain_feedback__type_support.cpp.o[0m
[1.255s] [ 36%] [32mBuilding CXX object CMakeFiles/custom_msgs__rosidl_typesupport_introspection_cpp.dir/rosidl_typesupport_introspection_cpp/custom_msgs/msg/detail/science_feedback__type_support.cpp.o[0m
[1.255s] [ 38%] [32mBuilding CXX object CMakeFiles/custom_msgs__rosidl_typesupport_introspection_cpp.dir/rosidl_typesupport_introspection_cpp/custom_msgs/msg/detail/science_control__type_support.cpp.o[0m
[1.282s] [35m[1mConsolidate compiler generated dependencies of target custom_msgs__rosidl_typesupport_fastrtps_cpp[0m
[1.296s] [ 40%] [32mBuilding CXX object CMakeFiles/custom_msgs__rosidl_typesupport_fastrtps_cpp.dir/rosidl_typesupport_fastrtps_cpp/custom_msgs/msg/detail/dds_fastrtps/science_control__type_support.cpp.o[0m
[1.296s] [ 41%] [32mBuilding CXX object CMakeFiles/custom_msgs__rosidl_typesupport_fastrtps_cpp.dir/rosidl_typesupport_fastrtps_cpp/custom_msgs/msg/detail/dds_fastrtps/drivetrain_feedback__type_support.cpp.o[0m
[1.296s] [ 43%] [32mBuilding CXX object CMakeFiles/custom_msgs__rosidl_typesupport_fastrtps_cpp.dir/rosidl_typesupport_fastrtps_cpp/custom_msgs/msg/detail/dds_fastrtps/drivetrain_control__type_support.cpp.o[0m
[1.296s] [ 45%] [32mBuilding CXX object CMakeFiles/custom_msgs__rosidl_typesupport_fastrtps_cpp.dir/rosidl_typesupport_fastrtps_cpp/custom_msgs/msg/detail/dds_fastrtps/science_feedback__type_support.cpp.o[0m
[1.388s] [35m[1mConsolidate compiler generated dependencies of target custom_msgs__rosidl_typesupport_c[0m
[1.403s] [ 49%] [32mBuilding CXX object CMakeFiles/custom_msgs__rosidl_typesupport_c.dir/rosidl_typesupport_c/custom_msgs/msg/drivetrain_control__type_support.cpp.o[0m
[1.403s] [ 49%] [32mBuilding CXX object CMakeFiles/custom_msgs__rosidl_typesupport_c.dir/rosidl_typesupport_c/custom_msgs/msg/drivetrain_feedback__type_support.cpp.o[0m
[1.445s] [ 50%] [32mBuilding CXX object CMakeFiles/custom_msgs__rosidl_typesupport_c.dir/rosidl_typesupport_c/custom_msgs/msg/science_feedback__type_support.cpp.o[0m
[1.459s] [ 52%] [32mBuilding CXX object CMakeFiles/custom_msgs__rosidl_typesupport_c.dir/rosidl_typesupport_c/custom_msgs/msg/science_control__type_support.cpp.o[0m
[1.498s] [ 54%] [32m[1mLinking CXX shared library libcustom_msgs__rosidl_typesupport_c.so[0m
[1.506s] [35m[1mConsolidate compiler generated dependencies of target custom_msgs__rosidl_typesupport_introspection_c[0m
[1.523s] [ 56%] [32mBuilding C object CMakeFiles/custom_msgs__rosidl_typesupport_introspection_c.dir/rosidl_typesupport_introspection_c/custom_msgs/msg/detail/drivetrain_control__type_support.c.o[0m
[1.532s] [ 58%] [32mBuilding C object CMakeFiles/custom_msgs__rosidl_typesupport_introspection_c.dir/rosidl_typesupport_introspection_c/custom_msgs/msg/detail/drivetrain_feedback__type_support.c.o[0m
[1.538s] [ 60%] [32mBuilding C object CMakeFiles/custom_msgs__rosidl_typesupport_introspection_c.dir/rosidl_typesupport_introspection_c/custom_msgs/msg/detail/science_feedback__type_support.c.o[0m
[1.538s] [ 61%] [32mBuilding C object CMakeFiles/custom_msgs__rosidl_typesupport_introspection_c.dir/rosidl_typesupport_introspection_c/custom_msgs/msg/detail/science_control__type_support.c.o[0m
[1.539s] [35m[1mConsolidate compiler generated dependencies of target custom_msgs__rosidl_typesupport_fastrtps_c[0m
[1.545s] [ 63%] [32m[1mLinking CXX shared library libcustom_msgs__rosidl_typesupport_cpp.so[0m
[1.558s] [ 65%] [32mBuilding CXX object CMakeFiles/custom_msgs__rosidl_typesupport_fastrtps_c.dir/rosidl_typesupport_fastrtps_c/custom_msgs/msg/detail/drivetrain_control__type_support_c.cpp.o[0m
[1.559s] [ 67%] [32mBuilding CXX object CMakeFiles/custom_msgs__rosidl_typesupport_fastrtps_c.dir/rosidl_typesupport_fastrtps_c/custom_msgs/msg/detail/drivetrain_feedback__type_support_c.cpp.o[0m
[1.559s] [ 67%] Built target custom_msgs__rosidl_typesupport_c
[1.562s] [ 69%] [32mBuilding CXX object CMakeFiles/custom_msgs__rosidl_typesupport_fastrtps_c.dir/rosidl_typesupport_fastrtps_c/custom_msgs/msg/detail/science_feedback__type_support_c.cpp.o[0m
[1.573s] [ 70%] [32mBuilding CXX object CMakeFiles/custom_msgs__rosidl_typesupport_fastrtps_c.dir/rosidl_typesupport_fastrtps_c/custom_msgs/msg/detail/science_control__type_support_c.cpp.o[0m
[1.576s] [ 72%] [32m[1mLinking C shared library libcustom_msgs__rosidl_typesupport_introspection_c.so[0m
[1.597s] [ 72%] Built target custom_msgs__rosidl_typesupport_cpp
[1.603s] [ 72%] Built target custom_msgs__rosidl_typesupport_introspection_c
[1.681s] [ 74%] [32m[1mLinking CXX shared library libcustom_msgs__rosidl_typesupport_introspection_cpp.so[0m
[1.716s] [ 76%] [32m[1mLinking CXX shared library libcustom_msgs__rosidl_typesupport_fastrtps_cpp.so[0m
[1.734s] [ 76%] Built target custom_msgs__rosidl_typesupport_introspection_cpp
[1.768s] [ 76%] Built target custom_msgs__rosidl_typesupport_fastrtps_cpp
[1.864s] [ 78%] [32m[1mLinking CXX shared library libcustom_msgs__rosidl_typesupport_fastrtps_c.so[0m
[1.911s] [ 78%] Built target custom_msgs__rosidl_typesupport_fastrtps_c
[1.925s] [ 78%] Built target custom_msgs
[1.938s] [ 80%] [34m[1mGenerating Python code for ROS interfaces[0m
[2.278s] [ 80%] Built target custom_msgs__py
[2.285s] [35m[1mConsolidate compiler generated dependencies of target custom_msgs__rosidl_generator_py[0m
[2.297s] [ 81%] [32mBuilding C object CMakeFiles/custom_msgs__rosidl_generator_py.dir/rosidl_generator_py/custom_msgs/msg/_drivetrain_control_s.c.o[0m
[2.297s] [ 83%] [32mBuilding C object CMakeFiles/custom_msgs__rosidl_generator_py.dir/rosidl_generator_py/custom_msgs/msg/_drivetrain_feedback_s.c.o[0m
[2.298s] [ 85%] [32mBuilding C object CMakeFiles/custom_msgs__rosidl_generator_py.dir/rosidl_generator_py/custom_msgs/msg/_science_control_s.c.o[0m
[2.298s] [ 87%] [32mBuilding C object CMakeFiles/custom_msgs__rosidl_generator_py.dir/rosidl_generator_py/custom_msgs/msg/_science_feedback_s.c.o[0m
[2.377s] [ 89%] [32m[1mLinking C shared library rosidl_generator_py/custom_msgs/libcustom_msgs__rosidl_generator_py.so[0m
[2.404s] [ 89%] Built target custom_msgs__rosidl_generator_py
[2.411s] [35m[1mConsolidate compiler generated dependencies of target custom_msgs__rosidl_typesupport_c__pyext[0m
[2.412s] [35m[1mConsolidate compiler generated dependencies of target custom_msgs__rosidl_typesupport_introspection_c__pyext[0m
[2.412s] [35m[1mConsolidate compiler generated dependencies of target custom_msgs__rosidl_typesupport_fastrtps_c__pyext[0m
[2.421s] [ 90%] [32mBuilding C object CMakeFiles/custom_msgs__rosidl_typesupport_introspection_c__pyext.dir/rosidl_generator_py/custom_msgs/_custom_msgs_s.ep.rosidl_typesupport_introspection_c.c.o[0m
[2.421s] [ 94%] [32mBuilding C object CMakeFiles/custom_msgs__rosidl_typesupport_fastrtps_c__pyext.dir/rosidl_generator_py/custom_msgs/_custom_msgs_s.ep.rosidl_typesupport_fastrtps_c.c.o[0m
[2.421s] [ 94%] [32mBuilding C object CMakeFiles/custom_msgs__rosidl_typesupport_c__pyext.dir/rosidl_generator_py/custom_msgs/_custom_msgs_s.ep.rosidl_typesupport_c.c.o[0m
[2.486s] [ 98%] [32m[1mLinking C shared library rosidl_generator_py/custom_msgs/custom_msgs_s__rosidl_typesupport_introspection_c.cpython-310-x86_64-linux-gnu.so[0m
[2.486s] [ 98%] [32m[1mLinking C shared library rosidl_generator_py/custom_msgs/custom_msgs_s__rosidl_typesupport_c.cpython-310-x86_64-linux-gnu.so[0m
[2.487s] [100%] [32m[1mLinking C shared library rosidl_generator_py/custom_msgs/custom_msgs_s__rosidl_typesupport_fastrtps_c.cpython-310-x86_64-linux-gnu.so[0m
[2.509s] [100%] Built target custom_msgs__rosidl_typesupport_introspection_c__pyext
[2.509s] [100%] Built target custom_msgs__rosidl_typesupport_c__pyext
[2.510s] [100%] Built target custom_msgs__rosidl_typesupport_fastrtps_c__pyext
[2.519s] Invoked command in '/home/tronsoc/baseStation/ARCh2025-BaseStation/ros2_ws/build/custom_msgs' returned '0': CMAKE_PREFIX_PATH=/opt/ros/humble /usr/bin/cmake --build /home/tronsoc/baseStation/ARCh2025-BaseStation/ros2_ws/build/custom_msgs -- -j16 -l16
[2.526s] Invoking command in '/home/tronsoc/baseStation/ARCh2025-BaseStation/ros2_ws/build/custom_msgs': CMAKE_PREFIX_PATH=/opt/ros/humble /usr/bin/cmake --install /home/tronsoc/baseStation/ARCh2025-BaseStation/ros2_ws/build/custom_msgs
[2.531s] -- Install configuration: ""
[2.531s] -- Up-to-date: /home/tronsoc/baseStation/ARCh2025-BaseStation/ros2_ws/install/custom_msgs/share/ament_index/resource_index/rosidl_interfaces/custom_msgs
[2.532s] -- Up-to-date: /home/tronsoc/baseStation/ARCh2025-BaseStation/ros2_ws/install/custom_msgs/include/custom_msgs/custom_msgs
[2.532s] -- Up-to-date: /home/tronsoc/baseStation/ARCh2025-BaseStation/ros2_ws/install/custom_msgs/include/custom_msgs/custom_msgs/msg
[2.532s] -- Up-to-date: /home/tronsoc/baseStation/ARCh2025-BaseStation/ros2_ws/install/custom_msgs/include/custom_msgs/custom_msgs/msg/rosidl_generator_c__visibility_control.h
[2.532s] -- Installing: /home/tronsoc/baseStation/ARCh2025-BaseStation/ros2_ws/install/custom_msgs/include/custom_msgs/custom_msgs/msg/drivetrain_feedback.h
[2.532s] -- Up-to-date: /home/tronsoc/baseStation/ARCh2025-BaseStation/ros2_ws/install/custom_msgs/include/custom_msgs/custom_msgs/msg/detail
[2.532s] -- Installing: /home/tronsoc/baseStation/ARCh2025-BaseStation/ros2_ws/install/custom_msgs/include/custom_msgs/custom_msgs/msg/detail/drivetrain_feedback__functions.c
[2.532s] -- Installing: /home/tronsoc/baseStation/ARCh2025-BaseStation/ros2_ws/install/custom_msgs/include/custom_msgs/custom_msgs/msg/detail/science_control__functions.h
[2.532s] -- Installing: /home/tronsoc/baseStation/ARCh2025-BaseStation/ros2_ws/install/custom_msgs/include/custom_msgs/custom_msgs/msg/detail/drivetrain_feedback__struct.h
[2.532s] -- Installing: /home/tronsoc/baseStation/ARCh2025-BaseStation/ros2_ws/install/custom_msgs/include/custom_msgs/custom_msgs/msg/detail/drivetrain_control__type_support.h
[2.532s] -- Installing: /home/tronsoc/baseStation/ARCh2025-BaseStation/ros2_ws/install/custom_msgs/include/custom_msgs/custom_msgs/msg/detail/science_feedback__struct.h
[2.532s] -- Installing: /home/tronsoc/baseStation/ARCh2025-BaseStation/ros2_ws/install/custom_msgs/include/custom_msgs/custom_msgs/msg/detail/drivetrain_control__functions.h
[2.532s] -- Up-to-date: /home/tronsoc/baseStation/ARCh2025-BaseStation/ros2_ws/install/custom_msgs/include/custom_msgs/custom_msgs/msg/detail/custom_message__struct.h
[2.533s] -- Installing: /home/tronsoc/baseStation/ARCh2025-BaseStation/ros2_ws/install/custom_msgs/include/custom_msgs/custom_msgs/msg/detail/drivetrain_control__functions.c
[2.533s] -- Up-to-date: /home/tronsoc/baseStation/ARCh2025-BaseStation/ros2_ws/install/custom_msgs/include/custom_msgs/custom_msgs/msg/detail/custom_message__type_support.h
[2.533s] -- Installing: /home/tronsoc/baseStation/ARCh2025-BaseStation/ros2_ws/install/custom_msgs/include/custom_msgs/custom_msgs/msg/detail/science_control__struct.h
[2.533s] -- Installing: /home/tronsoc/baseStation/ARCh2025-BaseStation/ros2_ws/install/custom_msgs/include/custom_msgs/custom_msgs/msg/detail/science_control__functions.c
[2.533s] -- Installing: /home/tronsoc/baseStation/ARCh2025-BaseStation/ros2_ws/install/custom_msgs/include/custom_msgs/custom_msgs/msg/detail/science_feedback__functions.h
[2.533s] -- Installing: /home/tronsoc/baseStation/ARCh2025-BaseStation/ros2_ws/install/custom_msgs/include/custom_msgs/custom_msgs/msg/detail/drivetrain_control__struct.h
[2.533s] -- Installing: /home/tronsoc/baseStation/ARCh2025-BaseStation/ros2_ws/install/custom_msgs/include/custom_msgs/custom_msgs/msg/detail/science_control__type_support.h
[2.533s] -- Installing: /home/tronsoc/baseStation/ARCh2025-BaseStation/ros2_ws/install/custom_msgs/include/custom_msgs/custom_msgs/msg/detail/drivetrain_feedback__functions.h
[2.533s] -- Installing: /home/tronsoc/baseStation/ARCh2025-BaseStation/ros2_ws/install/custom_msgs/include/custom_msgs/custom_msgs/msg/detail/science_feedback__type_support.h
[2.533s] -- Installing: /home/tronsoc/baseStation/ARCh2025-BaseStation/ros2_ws/install/custom_msgs/include/custom_msgs/custom_msgs/msg/detail/science_feedback__functions.c
[2.534s] -- Up-to-date: /home/tronsoc/baseStation/ARCh2025-BaseStation/ros2_ws/install/custom_msgs/include/custom_msgs/custom_msgs/msg/detail/custom_message__functions.c
[2.534s] -- Up-to-date: /home/tronsoc/baseStation/ARCh2025-BaseStation/ros2_ws/install/custom_msgs/include/custom_msgs/custom_msgs/msg/detail/custom_message__functions.h
[2.534s] -- Installing: /home/tronsoc/baseStation/ARCh2025-BaseStation/ros2_ws/install/custom_msgs/include/custom_msgs/custom_msgs/msg/detail/drivetrain_feedback__type_support.h
[2.534s] -- Up-to-date: /home/tronsoc/baseStation/ARCh2025-BaseStation/ros2_ws/install/custom_msgs/include/custom_msgs/custom_msgs/msg/custom_message.h
[2.534s] -- Installing: /home/tronsoc/baseStation/ARCh2025-BaseStation/ros2_ws/install/custom_msgs/include/custom_msgs/custom_msgs/msg/science_feedback.h
[2.534s] -- Installing: /home/tronsoc/baseStation/ARCh2025-BaseStation/ros2_ws/install/custom_msgs/include/custom_msgs/custom_msgs/msg/science_control.h
[2.534s] -- Installing: /home/tronsoc/baseStation/ARCh2025-BaseStation/ros2_ws/install/custom_msgs/include/custom_msgs/custom_msgs/msg/drivetrain_control.h
[2.534s] -- Up-to-date: /home/tronsoc/baseStation/ARCh2025-BaseStation/ros2_ws/install/custom_msgs/share/custom_msgs/environment/library_path.sh
[2.534s] -- Installing: /home/tronsoc/baseStation/ARCh2025-BaseStation/ros2_ws/install/custom_msgs/share/custom_msgs/environment/library_path.dsv
[2.534s] -- Installing: /home/tronsoc/baseStation/ARCh2025-BaseStation/ros2_ws/install/custom_msgs/lib/libcustom_msgs__rosidl_generator_c.so
[2.535s] -- Set runtime path of "/home/tronsoc/baseStation/ARCh2025-BaseStation/ros2_ws/install/custom_msgs/lib/libcustom_msgs__rosidl_generator_c.so" to ""
[2.535s] -- Up-to-date: /home/tronsoc/baseStation/ARCh2025-BaseStation/ros2_ws/install/custom_msgs/include/custom_msgs/custom_msgs
[2.535s] -- Up-to-date: /home/tronsoc/baseStation/ARCh2025-BaseStation/ros2_ws/install/custom_msgs/include/custom_msgs/custom_msgs/msg
[2.535s] -- Up-to-date: /home/tronsoc/baseStation/ARCh2025-BaseStation/ros2_ws/install/custom_msgs/include/custom_msgs/custom_msgs/msg/rosidl_typesupport_fastrtps_c__visibility_control.h
[2.535s] -- Up-to-date: /home/tronsoc/baseStation/ARCh2025-BaseStation/ros2_ws/install/custom_msgs/include/custom_msgs/custom_msgs/msg/detail
[2.535s] -- Installing: /home/tronsoc/baseStation/ARCh2025-BaseStation/ros2_ws/install/custom_msgs/include/custom_msgs/custom_msgs/msg/detail/science_control__rosidl_typesupport_fastrtps_c.h
[2.535s] -- Installing: /home/tronsoc/baseStation/ARCh2025-BaseStation/ros2_ws/install/custom_msgs/include/custom_msgs/custom_msgs/msg/detail/science_feedback__rosidl_typesupport_fastrtps_c.h
[2.535s] -- Up-to-date: /home/tronsoc/baseStation/ARCh2025-BaseStation/ros2_ws/install/custom_msgs/include/custom_msgs/custom_msgs/msg/detail/custom_message__rosidl_typesupport_fastrtps_c.h
[2.535s] -- Installing: /home/tronsoc/baseStation/ARCh2025-BaseStation/ros2_ws/install/custom_msgs/include/custom_msgs/custom_msgs/msg/detail/drivetrain_control__rosidl_typesupport_fastrtps_c.h
[2.535s] -- Installing: /home/tronsoc/baseStation/ARCh2025-BaseStation/ros2_ws/install/custom_msgs/include/custom_msgs/custom_msgs/msg/detail/drivetrain_feedback__rosidl_typesupport_fastrtps_c.h
[2.536s] -- Installing: /home/tronsoc/baseStation/ARCh2025-BaseStation/ros2_ws/install/custom_msgs/lib/libcustom_msgs__rosidl_typesupport_fastrtps_c.so
[2.536s] -- Set runtime path of "/home/tronsoc/baseStation/ARCh2025-BaseStation/ros2_ws/install/custom_msgs/lib/libcustom_msgs__rosidl_typesupport_fastrtps_c.so" to ""
[2.536s] -- Up-to-date: /home/tronsoc/baseStation/ARCh2025-BaseStation/ros2_ws/install/custom_msgs/include/custom_msgs/custom_msgs
[2.536s] -- Up-to-date: /home/tronsoc/baseStation/ARCh2025-BaseStation/ros2_ws/install/custom_msgs/include/custom_msgs/custom_msgs/msg
[2.536s] -- Up-to-date: /home/tronsoc/baseStation/ARCh2025-BaseStation/ros2_ws/install/custom_msgs/include/custom_msgs/custom_msgs/msg/rosidl_typesupport_introspection_c__visibility_control.h
[2.536s] -- Up-to-date: /home/tronsoc/baseStation/ARCh2025-BaseStation/ros2_ws/install/custom_msgs/include/custom_msgs/custom_msgs/msg/detail
[2.536s] -- Installing: /home/tronsoc/baseStation/ARCh2025-BaseStation/ros2_ws/install/custom_msgs/include/custom_msgs/custom_msgs/msg/detail/drivetrain_control__type_support.c
[2.536s] -- Installing: /home/tronsoc/baseStation/ARCh2025-BaseStation/ros2_ws/install/custom_msgs/include/custom_msgs/custom_msgs/msg/detail/science_feedback__type_support.c
[2.536s] -- Up-to-date: /home/tronsoc/baseStation/ARCh2025-BaseStation/ros2_ws/install/custom_msgs/include/custom_msgs/custom_msgs/msg/detail/custom_message__type_support.c
[2.536s] -- Up-to-date: /home/tronsoc/baseStation/ARCh2025-BaseStation/ros2_ws/install/custom_msgs/include/custom_msgs/custom_msgs/msg/detail/custom_message__rosidl_typesupport_introspection_c.h
[2.536s] -- Installing: /home/tronsoc/baseStation/ARCh2025-BaseStation/ros2_ws/install/custom_msgs/include/custom_msgs/custom_msgs/msg/detail/science_feedback__rosidl_typesupport_introspection_c.h
[2.536s] -- Installing: /home/tronsoc/baseStation/ARCh2025-BaseStation/ros2_ws/install/custom_msgs/include/custom_msgs/custom_msgs/msg/detail/science_control__rosidl_typesupport_introspection_c.h
[2.537s] -- Installing: /home/tronsoc/baseStation/ARCh2025-BaseStation/ros2_ws/install/custom_msgs/include/custom_msgs/custom_msgs/msg/detail/drivetrain_feedback__rosidl_typesupport_introspection_c.h
[2.537s] -- Installing: /home/tronsoc/baseStation/ARCh2025-BaseStation/ros2_ws/install/custom_msgs/include/custom_msgs/custom_msgs/msg/detail/science_control__type_support.c
[2.537s] -- Installing: /home/tronsoc/baseStation/ARCh2025-BaseStation/ros2_ws/install/custom_msgs/include/custom_msgs/custom_msgs/msg/detail/drivetrain_control__rosidl_typesupport_introspection_c.h
[2.537s] -- Installing: /home/tronsoc/baseStation/ARCh2025-BaseStation/ros2_ws/install/custom_msgs/include/custom_msgs/custom_msgs/msg/detail/drivetrain_feedback__type_support.c
[2.537s] -- Installing: /home/tronsoc/baseStation/ARCh2025-BaseStation/ros2_ws/install/custom_msgs/lib/libcustom_msgs__rosidl_typesupport_introspection_c.so
[2.538s] -- Set runtime path of "/home/tronsoc/baseStation/ARCh2025-BaseStation/ros2_ws/install/custom_msgs/lib/libcustom_msgs__rosidl_typesupport_introspection_c.so" to ""
[2.538s] -- Installing: /home/tronsoc/baseStation/ARCh2025-BaseStation/ros2_ws/install/custom_msgs/lib/libcustom_msgs__rosidl_typesupport_c.so
[2.538s] -- Set runtime path of "/home/tronsoc/baseStation/ARCh2025-BaseStation/ros2_ws/install/custom_msgs/lib/libcustom_msgs__rosidl_typesupport_c.so" to ""
[2.538s] -- Up-to-date: /home/tronsoc/baseStation/ARCh2025-BaseStation/ros2_ws/install/custom_msgs/include/custom_msgs/custom_msgs
[2.538s] -- Up-to-date: /home/tronsoc/baseStation/ARCh2025-BaseStation/ros2_ws/install/custom_msgs/include/custom_msgs/custom_msgs/msg
[2.538s] -- Up-to-date: /home/tronsoc/baseStation/ARCh2025-BaseStation/ros2_ws/install/custom_msgs/include/custom_msgs/custom_msgs/msg/custom_message.hpp
[2.538s] -- Up-to-date: /home/tronsoc/baseStation/ARCh2025-BaseStation/ros2_ws/install/custom_msgs/include/custom_msgs/custom_msgs/msg/detail
[2.538s] -- Installing: /home/tronsoc/baseStation/ARCh2025-BaseStation/ros2_ws/install/custom_msgs/include/custom_msgs/custom_msgs/msg/detail/drivetrain_feedback__type_support.hpp
[2.538s] -- Installing: /home/tronsoc/baseStation/ARCh2025-BaseStation/ros2_ws/install/custom_msgs/include/custom_msgs/custom_msgs/msg/detail/drivetrain_control__type_support.hpp
[2.538s] -- Up-to-date: /home/tronsoc/baseStation/ARCh2025-BaseStation/ros2_ws/install/custom_msgs/include/custom_msgs/custom_msgs/msg/detail/custom_message__struct.hpp
[2.538s] -- Installing: /home/tronsoc/baseStation/ARCh2025-BaseStation/ros2_ws/install/custom_msgs/include/custom_msgs/custom_msgs/msg/detail/science_control__traits.hpp
[2.538s] -- Installing: /home/tronsoc/baseStation/ARCh2025-BaseStation/ros2_ws/install/custom_msgs/include/custom_msgs/custom_msgs/msg/detail/drivetrain_control__builder.hpp
[2.539s] -- Installing: /home/tronsoc/baseStation/ARCh2025-BaseStation/ros2_ws/install/custom_msgs/include/custom_msgs/custom_msgs/msg/detail/drivetrain_feedback__struct.hpp
[2.539s] -- Installing: /home/tronsoc/baseStation/ARCh2025-BaseStation/ros2_ws/install/custom_msgs/include/custom_msgs/custom_msgs/msg/detail/science_feedback__struct.hpp
[2.539s] -- Installing: /home/tronsoc/baseStation/ARCh2025-BaseStation/ros2_ws/install/custom_msgs/include/custom_msgs/custom_msgs/msg/detail/science_feedback__traits.hpp
[2.539s] -- Installing: /home/tronsoc/baseStation/ARCh2025-BaseStation/ros2_ws/install/custom_msgs/include/custom_msgs/custom_msgs/msg/detail/science_feedback__builder.hpp
[2.539s] -- Installing: /home/tronsoc/baseStation/ARCh2025-BaseStation/ros2_ws/install/custom_msgs/include/custom_msgs/custom_msgs/msg/detail/science_control__builder.hpp
[2.539s] -- Installing: /home/tronsoc/baseStation/ARCh2025-BaseStation/ros2_ws/install/custom_msgs/include/custom_msgs/custom_msgs/msg/detail/drivetrain_control__traits.hpp
[2.539s] -- Up-to-date: /home/tronsoc/baseStation/ARCh2025-BaseStation/ros2_ws/install/custom_msgs/include/custom_msgs/custom_msgs/msg/detail/custom_message__type_support.hpp
[2.539s] -- Installing: /home/tronsoc/baseStation/ARCh2025-BaseStation/ros2_ws/install/custom_msgs/include/custom_msgs/custom_msgs/msg/detail/drivetrain_feedback__traits.hpp
[2.539s] -- Installing: /home/tronsoc/baseStation/ARCh2025-BaseStation/ros2_ws/install/custom_msgs/include/custom_msgs/custom_msgs/msg/detail/drivetrain_control__struct.hpp
[2.540s] -- Up-to-date: /home/tronsoc/baseStation/ARCh2025-BaseStation/ros2_ws/install/custom_msgs/include/custom_msgs/custom_msgs/msg/detail/custom_message__builder.hpp
[2.540s] -- Installing: /home/tronsoc/baseStation/ARCh2025-BaseStation/ros2_ws/install/custom_msgs/include/custom_msgs/custom_msgs/msg/detail/science_feedback__type_support.hpp
[2.540s] -- Up-to-date: /home/tronsoc/baseStation/ARCh2025-BaseStation/ros2_ws/install/custom_msgs/include/custom_msgs/custom_msgs/msg/detail/custom_message__traits.hpp
[2.540s] -- Installing: /home/tronsoc/baseStation/ARCh2025-BaseStation/ros2_ws/install/custom_msgs/include/custom_msgs/custom_msgs/msg/detail/drivetrain_feedback__builder.hpp
[2.540s] -- Installing: /home/tronsoc/baseStation/ARCh2025-BaseStation/ros2_ws/install/custom_msgs/include/custom_msgs/custom_msgs/msg/detail/science_control__type_support.hpp
[2.540s] -- Installing: /home/tronsoc/baseStation/ARCh2025-BaseStation/ros2_ws/install/custom_msgs/include/custom_msgs/custom_msgs/msg/detail/science_control__struct.hpp
[2.540s] -- Installing: /home/tronsoc/baseStation/ARCh2025-BaseStation/ros2_ws/install/custom_msgs/include/custom_msgs/custom_msgs/msg/drivetrain_feedback.hpp
[2.540s] -- Installing: /home/tronsoc/baseStation/ARCh2025-BaseStation/ros2_ws/install/custom_msgs/include/custom_msgs/custom_msgs/msg/drivetrain_control.hpp
[2.540s] -- Installing: /home/tronsoc/baseStation/ARCh2025-BaseStation/ros2_ws/install/custom_msgs/include/custom_msgs/custom_msgs/msg/science_control.hpp
[2.541s] -- Installing: /home/tronsoc/baseStation/ARCh2025-BaseStation/ros2_ws/install/custom_msgs/include/custom_msgs/custom_msgs/msg/science_feedback.hpp
[2.541s] -- Up-to-date: /home/tronsoc/baseStation/ARCh2025-BaseStation/ros2_ws/install/custom_msgs/include/custom_msgs/custom_msgs/msg/rosidl_generator_cpp__visibility_control.hpp
[2.541s] -- Up-to-date: /home/tronsoc/baseStation/ARCh2025-BaseStation/ros2_ws/install/custom_msgs/include/custom_msgs/custom_msgs
[2.541s] -- Up-to-date: /home/tronsoc/baseStation/ARCh2025-BaseStation/ros2_ws/install/custom_msgs/include/custom_msgs/custom_msgs/msg
[2.541s] -- Up-to-date: /home/tronsoc/baseStation/ARCh2025-BaseStation/ros2_ws/install/custom_msgs/include/custom_msgs/custom_msgs/msg/detail
[2.541s] -- Up-to-date: /home/tronsoc/baseStation/ARCh2025-BaseStation/ros2_ws/install/custom_msgs/include/custom_msgs/custom_msgs/msg/detail/dds_fastrtps
[2.541s] -- Installing: /home/tronsoc/baseStation/ARCh2025-BaseStation/ros2_ws/install/custom_msgs/include/custom_msgs/custom_msgs/msg/detail/drivetrain_control__rosidl_typesupport_fastrtps_cpp.hpp
[2.541s] -- Installing: /home/tronsoc/baseStation/ARCh2025-BaseStation/ros2_ws/install/custom_msgs/include/custom_msgs/custom_msgs/msg/detail/science_control__rosidl_typesupport_fastrtps_cpp.hpp
[2.541s] -- Installing: /home/tronsoc/baseStation/ARCh2025-BaseStation/ros2_ws/install/custom_msgs/include/custom_msgs/custom_msgs/msg/detail/drivetrain_feedback__rosidl_typesupport_fastrtps_cpp.hpp
[2.541s] -- Installing: /home/tronsoc/baseStation/ARCh2025-BaseStation/ros2_ws/install/custom_msgs/include/custom_msgs/custom_msgs/msg/detail/science_feedback__rosidl_typesupport_fastrtps_cpp.hpp
[2.541s] -- Up-to-date: /home/tronsoc/baseStation/ARCh2025-BaseStation/ros2_ws/install/custom_msgs/include/custom_msgs/custom_msgs/msg/detail/custom_message__rosidl_typesupport_fastrtps_cpp.hpp
[2.541s] -- Up-to-date: /home/tronsoc/baseStation/ARCh2025-BaseStation/ros2_ws/install/custom_msgs/include/custom_msgs/custom_msgs/msg/rosidl_typesupport_fastrtps_cpp__visibility_control.h
[2.542s] -- Installing: /home/tronsoc/baseStation/ARCh2025-BaseStation/ros2_ws/install/custom_msgs/lib/libcustom_msgs__rosidl_typesupport_fastrtps_cpp.so
[2.542s] -- Set runtime path of "/home/tronsoc/baseStation/ARCh2025-BaseStation/ros2_ws/install/custom_msgs/lib/libcustom_msgs__rosidl_typesupport_fastrtps_cpp.so" to ""
[2.542s] -- Up-to-date: /home/tronsoc/baseStation/ARCh2025-BaseStation/ros2_ws/install/custom_msgs/include/custom_msgs/custom_msgs
[2.542s] -- Up-to-date: /home/tronsoc/baseStation/ARCh2025-BaseStation/ros2_ws/install/custom_msgs/include/custom_msgs/custom_msgs/msg
[2.542s] -- Up-to-date: /home/tronsoc/baseStation/ARCh2025-BaseStation/ros2_ws/install/custom_msgs/include/custom_msgs/custom_msgs/msg/detail
[2.542s] -- Installing: /home/tronsoc/baseStation/ARCh2025-BaseStation/ros2_ws/install/custom_msgs/include/custom_msgs/custom_msgs/msg/detail/science_control__rosidl_typesupport_introspection_cpp.hpp
[2.542s] -- Up-to-date: /home/tronsoc/baseStation/ARCh2025-BaseStation/ros2_ws/install/custom_msgs/include/custom_msgs/custom_msgs/msg/detail/custom_message__type_support.cpp
[2.542s] -- Installing: /home/tronsoc/baseStation/ARCh2025-BaseStation/ros2_ws/install/custom_msgs/include/custom_msgs/custom_msgs/msg/detail/science_feedback__rosidl_typesupport_introspection_cpp.hpp
[2.542s] -- Installing: /home/tronsoc/baseStation/ARCh2025-BaseStation/ros2_ws/install/custom_msgs/include/custom_msgs/custom_msgs/msg/detail/drivetrain_feedback__type_support.cpp
[2.543s] -- Installing: /home/tronsoc/baseStation/ARCh2025-BaseStation/ros2_ws/install/custom_msgs/include/custom_msgs/custom_msgs/msg/detail/drivetrain_feedback__rosidl_typesupport_introspection_cpp.hpp
[2.543s] -- Installing: /home/tronsoc/baseStation/ARCh2025-BaseStation/ros2_ws/install/custom_msgs/include/custom_msgs/custom_msgs/msg/detail/science_control__type_support.cpp
[2.543s] -- Installing: /home/tronsoc/baseStation/ARCh2025-BaseStation/ros2_ws/install/custom_msgs/include/custom_msgs/custom_msgs/msg/detail/drivetrain_control__type_support.cpp
[2.543s] -- Up-to-date: /home/tronsoc/baseStation/ARCh2025-BaseStation/ros2_ws/install/custom_msgs/include/custom_msgs/custom_msgs/msg/detail/custom_message__rosidl_typesupport_introspection_cpp.hpp
[2.543s] -- Installing: /home/tronsoc/baseStation/ARCh2025-BaseStation/ros2_ws/install/custom_msgs/include/custom_msgs/custom_msgs/msg/detail/drivetrain_control__rosidl_typesupport_introspection_cpp.hpp
[2.543s] -- Installing: /home/tronsoc/baseStation/ARCh2025-BaseStation/ros2_ws/install/custom_msgs/include/custom_msgs/custom_msgs/msg/detail/science_feedback__type_support.cpp
[2.543s] -- Installing: /home/tronsoc/baseStation/ARCh2025-BaseStation/ros2_ws/install/custom_msgs/lib/libcustom_msgs__rosidl_typesupport_introspection_cpp.so
[2.544s] -- Set runtime path of "/home/tronsoc/baseStation/ARCh2025-BaseStation/ros2_ws/install/custom_msgs/lib/libcustom_msgs__rosidl_typesupport_introspection_cpp.so" to ""
[2.544s] -- Installing: /home/tronsoc/baseStation/ARCh2025-BaseStation/ros2_ws/install/custom_msgs/lib/libcustom_msgs__rosidl_typesupport_cpp.so
[2.544s] -- Set runtime path of "/home/tronsoc/baseStation/ARCh2025-BaseStation/ros2_ws/install/custom_msgs/lib/libcustom_msgs__rosidl_typesupport_cpp.so" to ""
[2.544s] -- Up-to-date: /home/tronsoc/baseStation/ARCh2025-BaseStation/ros2_ws/install/custom_msgs/share/custom_msgs/environment/pythonpath.sh
[2.544s] -- Installing: /home/tronsoc/baseStation/ARCh2025-BaseStation/ros2_ws/install/custom_msgs/share/custom_msgs/environment/pythonpath.dsv
[2.545s] -- Up-to-date: /home/tronsoc/baseStation/ARCh2025-BaseStation/ros2_ws/install/custom_msgs/local/lib/python3.10/dist-packages/custom_msgs-0.0.0-py3.10.egg-info
[2.545s] -- Installing: /home/tronsoc/baseStation/ARCh2025-BaseStation/ros2_ws/install/custom_msgs/local/lib/python3.10/dist-packages/custom_msgs-0.0.0-py3.10.egg-info/SOURCES.txt
[2.545s] -- Installing: /home/tronsoc/baseStation/ARCh2025-BaseStation/ros2_ws/install/custom_msgs/local/lib/python3.10/dist-packages/custom_msgs-0.0.0-py3.10.egg-info/PKG-INFO
[2.545s] -- Installing: /home/tronsoc/baseStation/ARCh2025-BaseStation/ros2_ws/install/custom_msgs/local/lib/python3.10/dist-packages/custom_msgs-0.0.0-py3.10.egg-info/dependency_links.txt
[2.545s] -- Installing: /home/tronsoc/baseStation/ARCh2025-BaseStation/ros2_ws/install/custom_msgs/local/lib/python3.10/dist-packages/custom_msgs-0.0.0-py3.10.egg-info/top_level.txt
[2.545s] -- Up-to-date: /home/tronsoc/baseStation/ARCh2025-BaseStation/ros2_ws/install/custom_msgs/local/lib/python3.10/dist-packages/custom_msgs
[2.545s] -- Installing: /home/tronsoc/baseStation/ARCh2025-BaseStation/ros2_ws/install/custom_msgs/local/lib/python3.10/dist-packages/custom_msgs/__init__.py
[2.545s] -- Installing: /home/tronsoc/baseStation/ARCh2025-BaseStation/ros2_ws/install/custom_msgs/local/lib/python3.10/dist-packages/custom_msgs/_custom_msgs_s.ep.rosidl_typesupport_introspection_c.c
[2.545s] -- Installing: /home/tronsoc/baseStation/ARCh2025-BaseStation/ros2_ws/install/custom_msgs/local/lib/python3.10/dist-packages/custom_msgs/_custom_msgs_s.ep.rosidl_typesupport_fastrtps_c.c
[2.546s] -- Installing: /home/tronsoc/baseStation/ARCh2025-BaseStation/ros2_ws/install/custom_msgs/local/lib/python3.10/dist-packages/custom_msgs/libcustom_msgs__rosidl_generator_py.so
[2.546s] -- Installing: /home/tronsoc/baseStation/ARCh2025-BaseStation/ros2_ws/install/custom_msgs/local/lib/python3.10/dist-packages/custom_msgs/custom_msgs_s__rosidl_typesupport_introspection_c.cpython-310-x86_64-linux-gnu.so
[2.546s] -- Installing: /home/tronsoc/baseStation/ARCh2025-BaseStation/ros2_ws/install/custom_msgs/local/lib/python3.10/dist-packages/custom_msgs/custom_msgs_s__rosidl_typesupport_c.cpython-310-x86_64-linux-gnu.so
[2.546s] -- Installing: /home/tronsoc/baseStation/ARCh2025-BaseStation/ros2_ws/install/custom_msgs/local/lib/python3.10/dist-packages/custom_msgs/_custom_msgs_s.ep.rosidl_typesupport_c.c
[2.546s] -- Installing: /home/tronsoc/baseStation/ARCh2025-BaseStation/ros2_ws/install/custom_msgs/local/lib/python3.10/dist-packages/custom_msgs/custom_msgs_s__rosidl_typesupport_fastrtps_c.cpython-310-x86_64-linux-gnu.so
[2.546s] -- Up-to-date: /home/tronsoc/baseStation/ARCh2025-BaseStation/ros2_ws/install/custom_msgs/local/lib/python3.10/dist-packages/custom_msgs/msg
[2.546s] -- Installing: /home/tronsoc/baseStation/ARCh2025-BaseStation/ros2_ws/install/custom_msgs/local/lib/python3.10/dist-packages/custom_msgs/msg/__init__.py
[2.546s] -- Installing: /home/tronsoc/baseStation/ARCh2025-BaseStation/ros2_ws/install/custom_msgs/local/lib/python3.10/dist-packages/custom_msgs/msg/_drivetrain_control.py
[2.547s] -- Installing: /home/tronsoc/baseStation/ARCh2025-BaseStation/ros2_ws/install/custom_msgs/local/lib/python3.10/dist-packages/custom_msgs/msg/_science_control.py
[2.547s] -- Installing: /home/tronsoc/baseStation/ARCh2025-BaseStation/ros2_ws/install/custom_msgs/local/lib/python3.10/dist-packages/custom_msgs/msg/_drivetrain_feedback_s.c
[2.547s] -- Installing: /home/tronsoc/baseStation/ARCh2025-BaseStation/ros2_ws/install/custom_msgs/local/lib/python3.10/dist-packages/custom_msgs/msg/_science_feedback_s.c
[2.547s] -- Up-to-date: /home/tronsoc/baseStation/ARCh2025-BaseStation/ros2_ws/install/custom_msgs/local/lib/python3.10/dist-packages/custom_msgs/msg/_custom_message.py
[2.547s] -- Installing: /home/tronsoc/baseStation/ARCh2025-BaseStation/ros2_ws/install/custom_msgs/local/lib/python3.10/dist-packages/custom_msgs/msg/_drivetrain_control_s.c
[2.547s] -- Installing: /home/tronsoc/baseStation/ARCh2025-BaseStation/ros2_ws/install/custom_msgs/local/lib/python3.10/dist-packages/custom_msgs/msg/_science_control_s.c
[2.547s] -- Installing: /home/tronsoc/baseStation/ARCh2025-BaseStation/ros2_ws/install/custom_msgs/local/lib/python3.10/dist-packages/custom_msgs/msg/_science_feedback.py
[2.547s] -- Up-to-date: /home/tronsoc/baseStation/ARCh2025-BaseStation/ros2_ws/install/custom_msgs/local/lib/python3.10/dist-packages/custom_msgs/msg/_custom_message_s.c
[2.547s] -- Installing: /home/tronsoc/baseStation/ARCh2025-BaseStation/ros2_ws/install/custom_msgs/local/lib/python3.10/dist-packages/custom_msgs/msg/_drivetrain_feedback.py
[2.568s] Listing '/home/tronsoc/baseStation/ARCh2025-BaseStation/ros2_ws/install/custom_msgs/local/lib/python3.10/dist-packages/custom_msgs'...
[2.568s] Compiling '/home/tronsoc/baseStation/ARCh2025-BaseStation/ros2_ws/install/custom_msgs/local/lib/python3.10/dist-packages/custom_msgs/__init__.py'...
[2.568s] Listing '/home/tronsoc/baseStation/ARCh2025-BaseStation/ros2_ws/install/custom_msgs/local/lib/python3.10/dist-packages/custom_msgs/msg'...
[2.568s] Compiling '/home/tronsoc/baseStation/ARCh2025-BaseStation/ros2_ws/install/custom_msgs/local/lib/python3.10/dist-packages/custom_msgs/msg/__init__.py'...
[2.569s] Compiling '/home/tronsoc/baseStation/ARCh2025-BaseStation/ros2_ws/install/custom_msgs/local/lib/python3.10/dist-packages/custom_msgs/msg/_drivetrain_control.py'...
[2.570s] Compiling '/home/tronsoc/baseStation/ARCh2025-BaseStation/ros2_ws/install/custom_msgs/local/lib/python3.10/dist-packages/custom_msgs/msg/_drivetrain_feedback.py'...
[2.571s] Compiling '/home/tronsoc/baseStation/ARCh2025-BaseStation/ros2_ws/install/custom_msgs/local/lib/python3.10/dist-packages/custom_msgs/msg/_science_control.py'...
[2.571s] Compiling '/home/tronsoc/baseStation/ARCh2025-BaseStation/ros2_ws/install/custom_msgs/local/lib/python3.10/dist-packages/custom_msgs/msg/_science_feedback.py'...
[2.575s] -- Installing: /home/tronsoc/baseStation/ARCh2025-BaseStation/ros2_ws/install/custom_msgs/local/lib/python3.10/dist-packages/custom_msgs/custom_msgs_s__rosidl_typesupport_fastrtps_c.cpython-310-x86_64-linux-gnu.so
[2.575s] -- Set runtime path of "/home/tronsoc/baseStation/ARCh2025-BaseStation/ros2_ws/install/custom_msgs/local/lib/python3.10/dist-packages/custom_msgs/custom_msgs_s__rosidl_typesupport_fastrtps_c.cpython-310-x86_64-linux-gnu.so" to ""
[2.575s] -- Installing: /home/tronsoc/baseStation/ARCh2025-BaseStation/ros2_ws/install/custom_msgs/local/lib/python3.10/dist-packages/custom_msgs/custom_msgs_s__rosidl_typesupport_introspection_c.cpython-310-x86_64-linux-gnu.so
[2.576s] -- Set runtime path of "/home/tronsoc/baseStation/ARCh2025-BaseStation/ros2_ws/install/custom_msgs/local/lib/python3.10/dist-packages/custom_msgs/custom_msgs_s__rosidl_typesupport_introspection_c.cpython-310-x86_64-linux-gnu.so" to ""
[2.576s] -- Installing: /home/tronsoc/baseStation/ARCh2025-BaseStation/ros2_ws/install/custom_msgs/local/lib/python3.10/dist-packages/custom_msgs/custom_msgs_s__rosidl_typesupport_c.cpython-310-x86_64-linux-gnu.so
[2.576s] -- Set runtime path of "/home/tronsoc/baseStation/ARCh2025-BaseStation/ros2_ws/install/custom_msgs/local/lib/python3.10/dist-packages/custom_msgs/custom_msgs_s__rosidl_typesupport_c.cpython-310-x86_64-linux-gnu.so" to ""
[2.576s] -- Installing: /home/tronsoc/baseStation/ARCh2025-BaseStation/ros2_ws/install/custom_msgs/lib/libcustom_msgs__rosidl_generator_py.so
[2.577s] -- Set runtime path of "/home/tronsoc/baseStation/ARCh2025-BaseStation/ros2_ws/install/custom_msgs/lib/libcustom_msgs__rosidl_generator_py.so" to ""
[2.577s] -- Installing: /home/tronsoc/baseStation/ARCh2025-BaseStation/ros2_ws/install/custom_msgs/share/custom_msgs/msg/DrivetrainControl.idl
[2.577s] -- Up-to-date: /home/tronsoc/baseStation/ARCh2025-BaseStation/ros2_ws/install/custom_msgs/share/custom_msgs/msg/DrivetrainFeedback.idl
[2.577s] -- Up-to-date: /home/tronsoc/baseStation/ARCh2025-BaseStation/ros2_ws/install/custom_msgs/share/custom_msgs/msg/ScienceFeedback.idl
[2.577s] -- Up-to-date: /home/tronsoc/baseStation/ARCh2025-BaseStation/ros2_ws/install/custom_msgs/share/custom_msgs/msg/ScienceControl.idl
[2.577s] -- Installing: /home/tronsoc/baseStation/ARCh2025-BaseStation/ros2_ws/install/custom_msgs/share/custom_msgs/msg/DrivetrainControl.msg
[2.577s] -- Up-to-date: /home/tronsoc/baseStation/ARCh2025-BaseStation/ros2_ws/install/custom_msgs/share/custom_msgs/msg/DrivetrainFeedback.msg
[2.577s] -- Up-to-date: /home/tronsoc/baseStation/ARCh2025-BaseStation/ros2_ws/install/custom_msgs/share/custom_msgs/msg/ScienceFeedback.msg
[2.577s] -- Up-to-date: /home/tronsoc/baseStation/ARCh2025-BaseStation/ros2_ws/install/custom_msgs/share/custom_msgs/msg/ScienceControl.msg
[2.577s] -- Up-to-date: /home/tronsoc/baseStation/ARCh2025-BaseStation/ros2_ws/install/custom_msgs/share/ament_index/resource_index/package_run_dependencies/custom_msgs
[2.577s] -- Up-to-date: /home/tronsoc/baseStation/ARCh2025-BaseStation/ros2_ws/install/custom_msgs/share/ament_index/resource_index/parent_prefix_path/custom_msgs
[2.577s] -- Up-to-date: /home/tronsoc/baseStation/ARCh2025-BaseStation/ros2_ws/install/custom_msgs/share/custom_msgs/environment/ament_prefix_path.sh
[2.577s] -- Installing: /home/tronsoc/baseStation/ARCh2025-BaseStation/ros2_ws/install/custom_msgs/share/custom_msgs/environment/ament_prefix_path.dsv
[2.578s] -- Up-to-date: /home/tronsoc/baseStation/ARCh2025-BaseStation/ros2_ws/install/custom_msgs/share/custom_msgs/environment/path.sh
[2.578s] -- Installing: /home/tronsoc/baseStation/ARCh2025-BaseStation/ros2_ws/install/custom_msgs/share/custom_msgs/environment/path.dsv
[2.578s] -- Up-to-date: /home/tronsoc/baseStation/ARCh2025-BaseStation/ros2_ws/install/custom_msgs/share/custom_msgs/local_setup.bash
[2.578s] -- Up-to-date: /home/tronsoc/baseStation/ARCh2025-BaseStation/ros2_ws/install/custom_msgs/share/custom_msgs/local_setup.sh
[2.578s] -- Up-to-date: /home/tronsoc/baseStation/ARCh2025-BaseStation/ros2_ws/install/custom_msgs/share/custom_msgs/local_setup.zsh
[2.578s] -- Installing: /home/tronsoc/baseStation/ARCh2025-BaseStation/ros2_ws/install/custom_msgs/share/custom_msgs/local_setup.dsv
[2.578s] -- Installing: /home/tronsoc/baseStation/ARCh2025-BaseStation/ros2_ws/install/custom_msgs/share/custom_msgs/package.dsv
[2.578s] -- Up-to-date: /home/tronsoc/baseStation/ARCh2025-BaseStation/ros2_ws/install/custom_msgs/share/ament_index/resource_index/packages/custom_msgs
[2.578s] -- Up-to-date: /home/tronsoc/baseStation/ARCh2025-BaseStation/ros2_ws/install/custom_msgs/share/custom_msgs/cmake/export_custom_msgs__rosidl_generator_cExport.cmake
[2.578s] -- Up-to-date: /home/tronsoc/baseStation/ARCh2025-BaseStation/ros2_ws/install/custom_msgs/share/custom_msgs/cmake/export_custom_msgs__rosidl_generator_cExport-noconfig.cmake
[2.578s] -- Up-to-date: /home/tronsoc/baseStation/ARCh2025-BaseStation/ros2_ws/install/custom_msgs/share/custom_msgs/cmake/export_custom_msgs__rosidl_typesupport_fastrtps_cExport.cmake
[2.578s] -- Up-to-date: /home/tronsoc/baseStation/ARCh2025-BaseStation/ros2_ws/install/custom_msgs/share/custom_msgs/cmake/export_custom_msgs__rosidl_typesupport_fastrtps_cExport-noconfig.cmake
[2.579s] -- Up-to-date: /home/tronsoc/baseStation/ARCh2025-BaseStation/ros2_ws/install/custom_msgs/share/custom_msgs/cmake/custom_msgs__rosidl_typesupport_introspection_cExport.cmake
[2.579s] -- Up-to-date: /home/tronsoc/baseStation/ARCh2025-BaseStation/ros2_ws/install/custom_msgs/share/custom_msgs/cmake/custom_msgs__rosidl_typesupport_introspection_cExport-noconfig.cmake
[2.579s] -- Up-to-date: /home/tronsoc/baseStation/ARCh2025-BaseStation/ros2_ws/install/custom_msgs/share/custom_msgs/cmake/custom_msgs__rosidl_typesupport_cExport.cmake
[2.579s] -- Up-to-date: /home/tronsoc/baseStation/ARCh2025-BaseStation/ros2_ws/install/custom_msgs/share/custom_msgs/cmake/custom_msgs__rosidl_typesupport_cExport-noconfig.cmake
[2.579s] -- Up-to-date: /home/tronsoc/baseStation/ARCh2025-BaseStation/ros2_ws/install/custom_msgs/share/custom_msgs/cmake/export_custom_msgs__rosidl_generator_cppExport.cmake
[2.579s] -- Up-to-date: /home/tronsoc/baseStation/ARCh2025-BaseStation/ros2_ws/install/custom_msgs/share/custom_msgs/cmake/export_custom_msgs__rosidl_typesupport_fastrtps_cppExport.cmake
[2.579s] -- Up-to-date: /home/tronsoc/baseStation/ARCh2025-BaseStation/ros2_ws/install/custom_msgs/share/custom_msgs/cmake/export_custom_msgs__rosidl_typesupport_fastrtps_cppExport-noconfig.cmake
[2.579s] -- Up-to-date: /home/tronsoc/baseStation/ARCh2025-BaseStation/ros2_ws/install/custom_msgs/share/custom_msgs/cmake/custom_msgs__rosidl_typesupport_introspection_cppExport.cmake
[2.579s] -- Up-to-date: /home/tronsoc/baseStation/ARCh2025-BaseStation/ros2_ws/install/custom_msgs/share/custom_msgs/cmake/custom_msgs__rosidl_typesupport_introspection_cppExport-noconfig.cmake
[2.579s] -- Up-to-date: /home/tronsoc/baseStation/ARCh2025-BaseStation/ros2_ws/install/custom_msgs/share/custom_msgs/cmake/custom_msgs__rosidl_typesupport_cppExport.cmake
[2.579s] -- Up-to-date: /home/tronsoc/baseStation/ARCh2025-BaseStation/ros2_ws/install/custom_msgs/share/custom_msgs/cmake/custom_msgs__rosidl_typesupport_cppExport-noconfig.cmake
[2.580s] -- Up-to-date: /home/tronsoc/baseStation/ARCh2025-BaseStation/ros2_ws/install/custom_msgs/share/custom_msgs/cmake/export_custom_msgs__rosidl_generator_pyExport.cmake
[2.580s] -- Up-to-date: /home/tronsoc/baseStation/ARCh2025-BaseStation/ros2_ws/install/custom_msgs/share/custom_msgs/cmake/export_custom_msgs__rosidl_generator_pyExport-noconfig.cmake
[2.580s] -- Up-to-date: /home/tronsoc/baseStation/ARCh2025-BaseStation/ros2_ws/install/custom_msgs/share/custom_msgs/cmake/rosidl_cmake-extras.cmake
[2.580s] -- Up-to-date: /home/tronsoc/baseStation/ARCh2025-BaseStation/ros2_ws/install/custom_msgs/share/custom_msgs/cmake/ament_cmake_export_include_directories-extras.cmake
[2.580s] -- Up-to-date: /home/tronsoc/baseStation/ARCh2025-BaseStation/ros2_ws/install/custom_msgs/share/custom_msgs/cmake/ament_cmake_export_libraries-extras.cmake
[2.580s] -- Up-to-date: /home/tronsoc/baseStation/ARCh2025-BaseStation/ros2_ws/install/custom_msgs/share/custom_msgs/cmake/ament_cmake_export_targets-extras.cmake
[2.580s] -- Up-to-date: /home/tronsoc/baseStation/ARCh2025-BaseStation/ros2_ws/install/custom_msgs/share/custom_msgs/cmake/rosidl_cmake_export_typesupport_targets-extras.cmake
[2.580s] -- Up-to-date: /home/tronsoc/baseStation/ARCh2025-BaseStation/ros2_ws/install/custom_msgs/share/custom_msgs/cmake/ament_cmake_export_dependencies-extras.cmake
[2.580s] -- Up-to-date: /home/tronsoc/baseStation/ARCh2025-BaseStation/ros2_ws/install/custom_msgs/share/custom_msgs/cmake/rosidl_cmake_export_typesupport_libraries-extras.cmake
[2.580s] -- Up-to-date: /home/tronsoc/baseStation/ARCh2025-BaseStation/ros2_ws/install/custom_msgs/share/custom_msgs/cmake/custom_msgsConfig.cmake
[2.580s] -- Up-to-date: /home/tronsoc/baseStation/ARCh2025-BaseStation/ros2_ws/install/custom_msgs/share/custom_msgs/cmake/custom_msgsConfig-version.cmake
[2.580s] -- Up-to-date: /home/tronsoc/baseStation/ARCh2025-BaseStation/ros2_ws/install/custom_msgs/share/custom_msgs/package.xml
[2.582s] Invoked command in '/home/tronsoc/baseStation/ARCh2025-BaseStation/ros2_ws/build/custom_msgs' returned '0': CMAKE_PREFIX_PATH=/opt/ros/humble /usr/bin/cmake --install /home/tronsoc/baseStation/ARCh2025-BaseStation/ros2_ws/build/custom_msgs
