[0.522s] Invoking command in '/Users/sohamverma/Documents/Dev/ARCh/ARCh2025-BaseStation/ros2_ws_py/src/robot_controller': CONDA_PROMPT_MODIFIER=(ros_env) PYTHONPATH=/Users/sohamverma/Documents/Dev/ARCh/ARCh2025-BaseStation/ros2_ws_py/build/robot_controller/prefix_override:/opt/anaconda3/envs/ros_env/lib/python3.11/site-packages/colcon_core/task/python/colcon_distutils_commands:/Users/sohamverma/Documents/Dev/ARCh/ARCh2025-BaseStation/ros2_ws_py/install/robot_controller/lib/python3.11/site-packages:${PYTHONPATH} SHLVL=4 _=/opt/anaconda3/envs/ros_env/bin/env /opt/anaconda3/envs/ros_env/bin/python3.11 -W ignore:setup.py install is deprecated setup.py egg_info --egg-base ../../build/robot_controller build --build-base /Users/sohamverma/Documents/Dev/ARCh/ARCh2025-BaseStation/ros2_ws_py/build/robot_controller/build install --record /Users/sohamverma/Documents/Dev/ARCh/ARCh2025-BaseStation/ros2_ws_py/build/robot_controller/install.log --single-version-externally-managed install_data
[0.649s] /opt/anaconda3/envs/ros_env/lib/python3.11/site-packages/setuptools/_distutils/dist.py:270: UserWarning: Unknown distribution option: 'tests_require'
[0.649s]   warnings.warn(msg)
[0.715s] running egg_info
[0.725s] writing ../../build/robot_controller/robot_controller.egg-info/PKG-INFO
[0.726s] writing dependency_links to ../../build/robot_controller/robot_controller.egg-info/dependency_links.txt
[0.726s] writing entry points to ../../build/robot_controller/robot_controller.egg-info/entry_points.txt
[0.726s] writing requirements to ../../build/robot_controller/robot_controller.egg-info/requires.txt
[0.726s] writing top-level names to ../../build/robot_controller/robot_controller.egg-info/top_level.txt
[0.747s] reading manifest file '../../build/robot_controller/robot_controller.egg-info/SOURCES.txt'
[0.748s] writing manifest file '../../build/robot_controller/robot_controller.egg-info/SOURCES.txt'
[0.748s] running build
[0.748s] running build_py
[0.748s] copying robot_controller/command_listener.py -> /Users/sohamverma/Documents/Dev/ARCh/ARCh2025-BaseStation/ros2_ws_py/build/robot_controller/build/lib/robot_controller
[0.748s] copying robot_controller/__init__.py -> /Users/sohamverma/Documents/Dev/ARCh/ARCh2025-BaseStation/ros2_ws_py/build/robot_controller/build/lib/robot_controller
[0.749s] copying robot_controller/custom_message_publisher.py -> /Users/sohamverma/Documents/Dev/ARCh/ARCh2025-BaseStation/ros2_ws_py/build/robot_controller/build/lib/robot_controller
[0.749s] copying robot_controller/controller_node.py -> /Users/sohamverma/Documents/Dev/ARCh/ARCh2025-BaseStation/ros2_ws_py/build/robot_controller/build/lib/robot_controller
[0.749s] copying robot_controller/example_subscriber.py -> /Users/sohamverma/Documents/Dev/ARCh/ARCh2025-BaseStation/ros2_ws_py/build/robot_controller/build/lib/robot_controller
[0.750s] running install
[0.754s] running install_lib
[0.765s] running install_data
[0.765s] copying resource/robot_controller -> /Users/sohamverma/Documents/Dev/ARCh/ARCh2025-BaseStation/ros2_ws_py/install/robot_controller/share/ament_index/resource_index/packages
[0.766s] copying package.xml -> /Users/sohamverma/Documents/Dev/ARCh/ARCh2025-BaseStation/ros2_ws_py/install/robot_controller/share/robot_controller
[0.766s] running install_egg_info
[0.777s] removing '/Users/sohamverma/Documents/Dev/ARCh/ARCh2025-BaseStation/ros2_ws_py/install/robot_controller/lib/python3.11/site-packages/robot_controller-0.0.0-py3.11.egg-info' (and everything under it)
[0.778s] Copying ../../build/robot_controller/robot_controller.egg-info to /Users/sohamverma/Documents/Dev/ARCh/ARCh2025-BaseStation/ros2_ws_py/install/robot_controller/lib/python3.11/site-packages/robot_controller-0.0.0-py3.11.egg-info
[0.780s] running install_scripts
[0.855s] Installing controller_node script to /Users/sohamverma/Documents/Dev/ARCh/ARCh2025-BaseStation/ros2_ws_py/install/robot_controller/lib/robot_controller
[0.855s] writing list of installed files to '/Users/sohamverma/Documents/Dev/ARCh/ARCh2025-BaseStation/ros2_ws_py/build/robot_controller/install.log'
[0.874s] Invoked command in '/Users/sohamverma/Documents/Dev/ARCh/ARCh2025-BaseStation/ros2_ws_py/src/robot_controller' returned '0': CONDA_PROMPT_MODIFIER=(ros_env) PYTHONPATH=/Users/sohamverma/Documents/Dev/ARCh/ARCh2025-BaseStation/ros2_ws_py/build/robot_controller/prefix_override:/opt/anaconda3/envs/ros_env/lib/python3.11/site-packages/colcon_core/task/python/colcon_distutils_commands:/Users/sohamverma/Documents/Dev/ARCh/ARCh2025-BaseStation/ros2_ws_py/install/robot_controller/lib/python3.11/site-packages:${PYTHONPATH} SHLVL=4 _=/opt/anaconda3/envs/ros_env/bin/env /opt/anaconda3/envs/ros_env/bin/python3.11 -W ignore:setup.py install is deprecated setup.py egg_info --egg-base ../../build/robot_controller build --build-base /Users/sohamverma/Documents/Dev/ARCh/ARCh2025-BaseStation/ros2_ws_py/build/robot_controller/build install --record /Users/sohamverma/Documents/Dev/ARCh/ARCh2025-BaseStation/ros2_ws_py/build/robot_controller/install.log --single-version-externally-managed install_data
