/opt/anaconda3/envs/ros_env/lib/python3.11/site-packages/setuptools/_distutils/dist.py:270: UserWarning: Unknown distribution option: 'tests_require'
  warnings.warn(msg)
running egg_info
creating ../../build/robot_controller/robot_controller.egg-info
writing ../../build/robot_controller/robot_controller.egg-info/PKG-INFO
writing dependency_links to ../../build/robot_controller/robot_controller.egg-info/dependency_links.txt
writing requirements to ../../build/robot_controller/robot_controller.egg-info/requires.txt
writing top-level names to ../../build/robot_controller/robot_controller.egg-info/top_level.txt
writing manifest file '../../build/robot_controller/robot_controller.egg-info/SOURCES.txt'
reading manifest file '../../build/robot_controller/robot_controller.egg-info/SOURCES.txt'
writing manifest file '../../build/robot_controller/robot_controller.egg-info/SOURCES.txt'
running build
running build_py
creating /Users/sohamverma/Documents/Dev/ARCh/ARCh2025-BaseStation/ros2_ws_py/build/robot_controller/build/lib/robot_controller
copying robot_controller/command_listener.py -> /Users/sohamverma/Documents/Dev/ARCh/ARCh2025-BaseStation/ros2_ws_py/build/robot_controller/build/lib/robot_controller
copying robot_controller/__init__.py -> /Users/sohamverma/Documents/Dev/ARCh/ARCh2025-BaseStation/ros2_ws_py/build/robot_controller/build/lib/robot_controller
copying robot_controller/custom_message_publisher.py -> /Users/sohamverma/Documents/Dev/ARCh/ARCh2025-BaseStation/ros2_ws_py/build/robot_controller/build/lib/robot_controller
copying robot_controller/example_subscriber.py -> /Users/sohamverma/Documents/Dev/ARCh/ARCh2025-BaseStation/ros2_ws_py/build/robot_controller/build/lib/robot_controller
running install
running install_lib
creating /Users/sohamverma/Documents/Dev/ARCh/ARCh2025-BaseStation/ros2_ws_py/install/robot_controller/lib/python3.11/site-packages/robot_controller
copying /Users/sohamverma/Documents/Dev/ARCh/ARCh2025-BaseStation/ros2_ws_py/build/robot_controller/build/lib/robot_controller/command_listener.py -> /Users/sohamverma/Documents/Dev/ARCh/ARCh2025-BaseStation/ros2_ws_py/install/robot_controller/lib/python3.11/site-packages/robot_controller
copying /Users/sohamverma/Documents/Dev/ARCh/ARCh2025-BaseStation/ros2_ws_py/build/robot_controller/build/lib/robot_controller/__init__.py -> /Users/sohamverma/Documents/Dev/ARCh/ARCh2025-BaseStation/ros2_ws_py/install/robot_controller/lib/python3.11/site-packages/robot_controller
copying /Users/sohamverma/Documents/Dev/ARCh/ARCh2025-BaseStation/ros2_ws_py/build/robot_controller/build/lib/robot_controller/custom_message_publisher.py -> /Users/sohamverma/Documents/Dev/ARCh/ARCh2025-BaseStation/ros2_ws_py/install/robot_controller/lib/python3.11/site-packages/robot_controller
copying /Users/sohamverma/Documents/Dev/ARCh/ARCh2025-BaseStation/ros2_ws_py/build/robot_controller/build/lib/robot_controller/example_subscriber.py -> /Users/sohamverma/Documents/Dev/ARCh/ARCh2025-BaseStation/ros2_ws_py/install/robot_controller/lib/python3.11/site-packages/robot_controller
byte-compiling /Users/sohamverma/Documents/Dev/ARCh/ARCh2025-BaseStation/ros2_ws_py/install/robot_controller/lib/python3.11/site-packages/robot_controller/command_listener.py to command_listener.cpython-311.pyc
byte-compiling /Users/sohamverma/Documents/Dev/ARCh/ARCh2025-BaseStation/ros2_ws_py/install/robot_controller/lib/python3.11/site-packages/robot_controller/__init__.py to __init__.cpython-311.pyc
byte-compiling /Users/sohamverma/Documents/Dev/ARCh/ARCh2025-BaseStation/ros2_ws_py/install/robot_controller/lib/python3.11/site-packages/robot_controller/custom_message_publisher.py to custom_message_publisher.cpython-311.pyc
byte-compiling /Users/sohamverma/Documents/Dev/ARCh/ARCh2025-BaseStation/ros2_ws_py/install/robot_controller/lib/python3.11/site-packages/robot_controller/example_subscriber.py to example_subscriber.cpython-311.pyc
running install_data
creating /Users/sohamverma/Documents/Dev/ARCh/ARCh2025-BaseStation/ros2_ws_py/install/robot_controller/share/ament_index/resource_index/packages
copying resource/robot_controller -> /Users/sohamverma/Documents/Dev/ARCh/ARCh2025-BaseStation/ros2_ws_py/install/robot_controller/share/ament_index/resource_index/packages
copying package.xml -> /Users/sohamverma/Documents/Dev/ARCh/ARCh2025-BaseStation/ros2_ws_py/install/robot_controller/share/robot_controller
running install_egg_info
Copying ../../build/robot_controller/robot_controller.egg-info to /Users/sohamverma/Documents/Dev/ARCh/ARCh2025-BaseStation/ros2_ws_py/install/robot_controller/lib/python3.11/site-packages/robot_controller-0.0.0-py3.11.egg-info
running install_scripts
writing list of installed files to '/Users/sohamverma/Documents/Dev/ARCh/ARCh2025-BaseStation/ros2_ws_py/build/robot_controller/install.log'
