[0.701s] Invoking command in '/Users/sohamverma/Documents/Dev/ARCh/ARCh2025-BaseStation/ros2_ws_py/src/robot_controller': CONDA_PROMPT_MODIFIER=(ros_env) PYTHONPATH=/Users/sohamverma/Documents/Dev/ARCh/ARCh2025-BaseStation/ros2_ws_py/build/robot_controller/prefix_override:/opt/anaconda3/envs/ros_env/lib/python3.11/site-packages/colcon_core/task/python/colcon_distutils_commands:/Users/sohamverma/Documents/Dev/ARCh/ARCh2025-BaseStation/ros2_ws_py/install/robot_controller/lib/python3.11/site-packages:${PYTHONPATH} SHLVL=4 _=/opt/anaconda3/envs/ros_env/bin/env /opt/anaconda3/envs/ros_env/bin/python3.11 -W ignore:setup.py install is deprecated setup.py egg_info --egg-base ../../build/robot_controller build --build-base /Users/sohamverma/Documents/Dev/ARCh/ARCh2025-BaseStation/ros2_ws_py/build/robot_controller/build install --record /Users/sohamverma/Documents/Dev/ARCh/ARCh2025-BaseStation/ros2_ws_py/build/robot_controller/install.log --single-version-externally-managed install_data
[0.828s] /opt/anaconda3/envs/ros_env/lib/python3.11/site-packages/setuptools/_distutils/dist.py:270: UserWarning: Unknown distribution option: 'tests_require'
[0.828s]   warnings.warn(msg)
[0.900s] running egg_info
[0.911s] creating ../../build/robot_controller/robot_controller.egg-info
[0.912s] writing ../../build/robot_controller/robot_controller.egg-info/PKG-INFO
[0.912s] writing dependency_links to ../../build/robot_controller/robot_controller.egg-info/dependency_links.txt
[0.913s] writing requirements to ../../build/robot_controller/robot_controller.egg-info/requires.txt
[0.913s] writing top-level names to ../../build/robot_controller/robot_controller.egg-info/top_level.txt
[0.913s] writing manifest file '../../build/robot_controller/robot_controller.egg-info/SOURCES.txt'
[0.937s] reading manifest file '../../build/robot_controller/robot_controller.egg-info/SOURCES.txt'
[0.937s] writing manifest file '../../build/robot_controller/robot_controller.egg-info/SOURCES.txt'
[0.938s] running build
[0.938s] running build_py
[0.938s] creating /Users/sohamverma/Documents/Dev/ARCh/ARCh2025-BaseStation/ros2_ws_py/build/robot_controller/build/lib/robot_controller
[0.938s] copying robot_controller/command_listener.py -> /Users/sohamverma/Documents/Dev/ARCh/ARCh2025-BaseStation/ros2_ws_py/build/robot_controller/build/lib/robot_controller
[0.939s] copying robot_controller/__init__.py -> /Users/sohamverma/Documents/Dev/ARCh/ARCh2025-BaseStation/ros2_ws_py/build/robot_controller/build/lib/robot_controller
[0.939s] copying robot_controller/custom_message_publisher.py -> /Users/sohamverma/Documents/Dev/ARCh/ARCh2025-BaseStation/ros2_ws_py/build/robot_controller/build/lib/robot_controller
[0.939s] copying robot_controller/example_subscriber.py -> /Users/sohamverma/Documents/Dev/ARCh/ARCh2025-BaseStation/ros2_ws_py/build/robot_controller/build/lib/robot_controller
[0.939s] running install
[0.943s] running install_lib
[0.954s] creating /Users/sohamverma/Documents/Dev/ARCh/ARCh2025-BaseStation/ros2_ws_py/install/robot_controller/lib/python3.11/site-packages/robot_controller
[0.954s] copying /Users/sohamverma/Documents/Dev/ARCh/ARCh2025-BaseStation/ros2_ws_py/build/robot_controller/build/lib/robot_controller/command_listener.py -> /Users/sohamverma/Documents/Dev/ARCh/ARCh2025-BaseStation/ros2_ws_py/install/robot_controller/lib/python3.11/site-packages/robot_controller
[0.955s] copying /Users/sohamverma/Documents/Dev/ARCh/ARCh2025-BaseStation/ros2_ws_py/build/robot_controller/build/lib/robot_controller/__init__.py -> /Users/sohamverma/Documents/Dev/ARCh/ARCh2025-BaseStation/ros2_ws_py/install/robot_controller/lib/python3.11/site-packages/robot_controller
[0.955s] copying /Users/sohamverma/Documents/Dev/ARCh/ARCh2025-BaseStation/ros2_ws_py/build/robot_controller/build/lib/robot_controller/custom_message_publisher.py -> /Users/sohamverma/Documents/Dev/ARCh/ARCh2025-BaseStation/ros2_ws_py/install/robot_controller/lib/python3.11/site-packages/robot_controller
[0.955s] copying /Users/sohamverma/Documents/Dev/ARCh/ARCh2025-BaseStation/ros2_ws_py/build/robot_controller/build/lib/robot_controller/example_subscriber.py -> /Users/sohamverma/Documents/Dev/ARCh/ARCh2025-BaseStation/ros2_ws_py/install/robot_controller/lib/python3.11/site-packages/robot_controller
[0.956s] byte-compiling /Users/sohamverma/Documents/Dev/ARCh/ARCh2025-BaseStation/ros2_ws_py/install/robot_controller/lib/python3.11/site-packages/robot_controller/command_listener.py to command_listener.cpython-311.pyc
[0.957s] byte-compiling /Users/sohamverma/Documents/Dev/ARCh/ARCh2025-BaseStation/ros2_ws_py/install/robot_controller/lib/python3.11/site-packages/robot_controller/__init__.py to __init__.cpython-311.pyc
[0.957s] byte-compiling /Users/sohamverma/Documents/Dev/ARCh/ARCh2025-BaseStation/ros2_ws_py/install/robot_controller/lib/python3.11/site-packages/robot_controller/custom_message_publisher.py to custom_message_publisher.cpython-311.pyc
[0.957s] byte-compiling /Users/sohamverma/Documents/Dev/ARCh/ARCh2025-BaseStation/ros2_ws_py/install/robot_controller/lib/python3.11/site-packages/robot_controller/example_subscriber.py to example_subscriber.cpython-311.pyc
[0.958s] running install_data
[0.958s] creating /Users/sohamverma/Documents/Dev/ARCh/ARCh2025-BaseStation/ros2_ws_py/install/robot_controller/share/ament_index/resource_index/packages
[0.959s] copying resource/robot_controller -> /Users/sohamverma/Documents/Dev/ARCh/ARCh2025-BaseStation/ros2_ws_py/install/robot_controller/share/ament_index/resource_index/packages
[0.959s] copying package.xml -> /Users/sohamverma/Documents/Dev/ARCh/ARCh2025-BaseStation/ros2_ws_py/install/robot_controller/share/robot_controller
[0.960s] running install_egg_info
[0.971s] Copying ../../build/robot_controller/robot_controller.egg-info to /Users/sohamverma/Documents/Dev/ARCh/ARCh2025-BaseStation/ros2_ws_py/install/robot_controller/lib/python3.11/site-packages/robot_controller-0.0.0-py3.11.egg-info
[0.974s] running install_scripts
[1.053s] writing list of installed files to '/Users/sohamverma/Documents/Dev/ARCh/ARCh2025-BaseStation/ros2_ws_py/build/robot_controller/install.log'
[1.085s] Invoked command in '/Users/sohamverma/Documents/Dev/ARCh/ARCh2025-BaseStation/ros2_ws_py/src/robot_controller' returned '0': CONDA_PROMPT_MODIFIER=(ros_env) PYTHONPATH=/Users/sohamverma/Documents/Dev/ARCh/ARCh2025-BaseStation/ros2_ws_py/build/robot_controller/prefix_override:/opt/anaconda3/envs/ros_env/lib/python3.11/site-packages/colcon_core/task/python/colcon_distutils_commands:/Users/sohamverma/Documents/Dev/ARCh/ARCh2025-BaseStation/ros2_ws_py/install/robot_controller/lib/python3.11/site-packages:${PYTHONPATH} SHLVL=4 _=/opt/anaconda3/envs/ros_env/bin/env /opt/anaconda3/envs/ros_env/bin/python3.11 -W ignore:setup.py install is deprecated setup.py egg_info --egg-base ../../build/robot_controller build --build-base /Users/sohamverma/Documents/Dev/ARCh/ARCh2025-BaseStation/ros2_ws_py/build/robot_controller/build install --record /Users/sohamverma/Documents/Dev/ARCh/ARCh2025-BaseStation/ros2_ws_py/build/robot_controller/install.log --single-version-externally-managed install_data
