running egg_info
creating ../../build/custom_msgs/custom_msgs.egg-info
writing ../../build/custom_msgs/custom_msgs.egg-info/PKG-INFO
writing dependency_links to ../../build/custom_msgs/custom_msgs.egg-info/dependency_links.txt
writing requirements to ../../build/custom_msgs/custom_msgs.egg-info/requires.txt
writing top-level names to ../../build/custom_msgs/custom_msgs.egg-info/top_level.txt
writing manifest file '../../build/custom_msgs/custom_msgs.egg-info/SOURCES.txt'
reading manifest file '../../build/custom_msgs/custom_msgs.egg-info/SOURCES.txt'
writing manifest file '../../build/custom_msgs/custom_msgs.egg-info/SOURCES.txt'
running build
running build_py
creating /Users/sohamverma/Documents/Dev/ARCh/ARCh2025-BaseStation/ros2_ws/build/custom_msgs/build/lib/custom_msgs
copying custom_msgs/__init__.py -> /Users/sohamverma/Documents/Dev/ARCh/ARCh2025-BaseStation/ros2_ws/build/custom_msgs/build/lib/custom_msgs
running install
running install_lib
creating /Users/sohamverma/Documents/Dev/ARCh/ARCh2025-BaseStation/ros2_ws/install/custom_msgs/lib/python3.11/site-packages/custom_msgs
copying /Users/sohamverma/Documents/Dev/ARCh/ARCh2025-BaseStation/ros2_ws/build/custom_msgs/build/lib/custom_msgs/__init__.py -> /Users/sohamverma/Documents/Dev/ARCh/ARCh2025-BaseStation/ros2_ws/install/custom_msgs/lib/python3.11/site-packages/custom_msgs
byte-compiling /Users/sohamverma/Documents/Dev/ARCh/ARCh2025-BaseStation/ros2_ws/install/custom_msgs/lib/python3.11/site-packages/custom_msgs/__init__.py to __init__.cpython-311.pyc
running install_data
creating /Users/sohamverma/Documents/Dev/ARCh/ARCh2025-BaseStation/ros2_ws/install/custom_msgs/share/ament_index/resource_index/packages
copying resource/custom_msgs -> /Users/sohamverma/Documents/Dev/ARCh/ARCh2025-BaseStation/ros2_ws/install/custom_msgs/share/ament_index/resource_index/packages
copying package.xml -> /Users/sohamverma/Documents/Dev/ARCh/ARCh2025-BaseStation/ros2_ws/install/custom_msgs/share/custom_msgs
creating /Users/sohamverma/Documents/Dev/ARCh/ARCh2025-BaseStation/ros2_ws/install/custom_msgs/share/custom_msgs/msg
copying msg/CustomMessage.msg -> /Users/sohamverma/Documents/Dev/ARCh/ARCh2025-BaseStation/ros2_ws/install/custom_msgs/share/custom_msgs/msg
running install_egg_info
Copying ../../build/custom_msgs/custom_msgs.egg-info to /Users/sohamverma/Documents/Dev/ARCh/ARCh2025-BaseStation/ros2_ws/install/custom_msgs/lib/python3.11/site-packages/custom_msgs-0.0.0-py3.11.egg-info
running install_scripts
writing list of installed files to '/Users/sohamverma/Documents/Dev/ARCh/ARCh2025-BaseStation/ros2_ws/build/custom_msgs/install.log'
