[0.119s] [34mcolcon[0m [1;30mDEBUG[0m [32mCommand line arguments: ['/opt/anaconda3/envs/ros_env/bin/colcon', 'build', '--packages-select', 'robot_controller'][0m
[0.119s] [34mcolcon[0m [1;30mDEBUG[0m [32mParsed command line arguments: Namespace(log_base=None, log_level=None, verb_name='build', build_base='build', install_base='install', merge_install=False, symlink_install=False, test_result_base=None, continue_on_error=False, executor='parallel', parallel_workers=10, event_handlers=None, ignore_user_meta=False, metas=['./colcon.meta'], base_paths=['.'], packages_ignore=None, packages_ignore_regex=None, paths=None, packages_up_to=None, packages_up_to_regex=None, packages_above=None, packages_above_and_dependencies=None, packages_above_depth=None, packages_select_by_dep=None, packages_skip_by_dep=None, packages_skip_up_to=None, packages_select_build_failed=False, packages_skip_build_finished=False, packages_select_test_failures=False, packages_skip_test_passed=False, packages_select=['robot_controller'], packages_skip=None, packages_select_regex=None, packages_skip_regex=None, packages_start=None, packages_end=None, cmake_args=None, cmake_target=None, cmake_target_skip_unavailable=False, cmake_clean_cache=False, cmake_clean_first=False, cmake_force_configure=False, ament_cmake_args=None, catkin_cmake_args=None, catkin_skip_building_tests=False, verb_parser=<colcon_defaults.argument_parser.defaults.DefaultArgumentsDecorator object at 0x101dc4350>, verb_extension=<colcon_core.verb.build.BuildVerb object at 0x101e7fad0>, main=<bound method BuildVerb.main of <colcon_core.verb.build.BuildVerb object at 0x101e7fad0>>)[0m
[0.145s] [34mcolcon.colcon_core.package_discovery[0m [1;30mLevel 1[0m discover_packages(colcon_meta) check parameters
[0.145s] [34mcolcon.colcon_core.package_discovery[0m [1;30mLevel 1[0m discover_packages(recursive) check parameters
[0.145s] [34mcolcon.colcon_core.package_discovery[0m [1;30mLevel 1[0m discover_packages(ignore) check parameters
[0.145s] [34mcolcon.colcon_core.package_discovery[0m [1;30mLevel 1[0m discover_packages(path) check parameters
[0.145s] [34mcolcon.colcon_core.package_discovery[0m [1;30mLevel 1[0m discover_packages(colcon_meta) discover
[0.145s] [34mcolcon.colcon_core.package_discovery[0m [1;30mLevel 1[0m discover_packages(recursive) discover
[0.145s] [34mcolcon.colcon_core.package_discovery[0m [1;30mINFO[0m Crawling recursively for packages in '/Users/sohamverma/Documents/Dev/ARCh/ARCh2025-BaseStation/ros2_ws_py'
[0.145s] [34mcolcon.colcon_core.package_identification[0m [1;30mLevel 1[0m _identify(.) by extensions ['ignore', 'ignore_ament_install']
[0.145s] [34mcolcon.colcon_core.package_identification[0m [1;30mLevel 1[0m _identify(.) by extension 'ignore'
[0.145s] [34mcolcon.colcon_core.package_identification[0m [1;30mLevel 1[0m _identify(.) by extension 'ignore_ament_install'
[0.145s] [34mcolcon.colcon_core.package_identification[0m [1;30mLevel 1[0m _identify(.) by extensions ['colcon_pkg']
[0.145s] [34mcolcon.colcon_core.package_identification[0m [1;30mLevel 1[0m _identify(.) by extension 'colcon_pkg'
[0.145s] [34mcolcon.colcon_core.package_identification[0m [1;30mLevel 1[0m _identify(.) by extensions ['colcon_meta']
[0.145s] [34mcolcon.colcon_core.package_identification[0m [1;30mLevel 1[0m _identify(.) by extension 'colcon_meta'
[0.145s] [34mcolcon.colcon_core.package_identification[0m [1;30mLevel 1[0m _identify(.) by extensions ['ros']
[0.145s] [34mcolcon.colcon_core.package_identification[0m [1;30mLevel 1[0m _identify(.) by extension 'ros'
[0.162s] [34mcolcon.colcon_core.package_identification[0m [1;30mLevel 1[0m _identify(.) by extensions ['cmake', 'python']
[0.162s] [34mcolcon.colcon_core.package_identification[0m [1;30mLevel 1[0m _identify(.) by extension 'cmake'
[0.162s] [34mcolcon.colcon_core.package_identification[0m [1;30mLevel 1[0m _identify(.) by extension 'python'
[0.162s] [34mcolcon.colcon_core.package_identification[0m [1;30mLevel 1[0m _identify(.) by extensions ['python_setup_py']
[0.162s] [34mcolcon.colcon_core.package_identification[0m [1;30mLevel 1[0m _identify(.) by extension 'python_setup_py'
[0.162s] [34mcolcon.colcon_core.package_identification[0m [1;30mLevel 1[0m _identify(build) by extensions ['ignore', 'ignore_ament_install']
[0.162s] [34mcolcon.colcon_core.package_identification[0m [1;30mLevel 1[0m _identify(build) by extension 'ignore'
[0.162s] [34mcolcon.colcon_core.package_identification[0m [1;30mLevel 1[0m _identify(build) ignored
[0.163s] [34mcolcon.colcon_core.package_identification[0m [1;30mLevel 1[0m _identify(install) by extensions ['ignore', 'ignore_ament_install']
[0.163s] [34mcolcon.colcon_core.package_identification[0m [1;30mLevel 1[0m _identify(install) by extension 'ignore'
[0.163s] [34mcolcon.colcon_core.package_identification[0m [1;30mLevel 1[0m _identify(install) ignored
[0.163s] [34mcolcon.colcon_core.package_identification[0m [1;30mLevel 1[0m _identify(log) by extensions ['ignore', 'ignore_ament_install']
[0.163s] [34mcolcon.colcon_core.package_identification[0m [1;30mLevel 1[0m _identify(log) by extension 'ignore'
[0.163s] [34mcolcon.colcon_core.package_identification[0m [1;30mLevel 1[0m _identify(log) ignored
[0.163s] [34mcolcon.colcon_core.package_identification[0m [1;30mLevel 1[0m _identify(src) by extensions ['ignore', 'ignore_ament_install']
[0.163s] [34mcolcon.colcon_core.package_identification[0m [1;30mLevel 1[0m _identify(src) by extension 'ignore'
[0.163s] [34mcolcon.colcon_core.package_identification[0m [1;30mLevel 1[0m _identify(src) by extension 'ignore_ament_install'
[0.163s] [34mcolcon.colcon_core.package_identification[0m [1;30mLevel 1[0m _identify(src) by extensions ['colcon_pkg']
[0.163s] [34mcolcon.colcon_core.package_identification[0m [1;30mLevel 1[0m _identify(src) by extension 'colcon_pkg'
[0.163s] [34mcolcon.colcon_core.package_identification[0m [1;30mLevel 1[0m _identify(src) by extensions ['colcon_meta']
[0.163s] [34mcolcon.colcon_core.package_identification[0m [1;30mLevel 1[0m _identify(src) by extension 'colcon_meta'
[0.163s] [34mcolcon.colcon_core.package_identification[0m [1;30mLevel 1[0m _identify(src) by extensions ['ros']
[0.163s] [34mcolcon.colcon_core.package_identification[0m [1;30mLevel 1[0m _identify(src) by extension 'ros'
[0.163s] [34mcolcon.colcon_core.package_identification[0m [1;30mLevel 1[0m _identify(src) by extensions ['cmake', 'python']
[0.163s] [34mcolcon.colcon_core.package_identification[0m [1;30mLevel 1[0m _identify(src) by extension 'cmake'
[0.163s] [34mcolcon.colcon_core.package_identification[0m [1;30mLevel 1[0m _identify(src) by extension 'python'
[0.163s] [34mcolcon.colcon_core.package_identification[0m [1;30mLevel 1[0m _identify(src) by extensions ['python_setup_py']
[0.163s] [34mcolcon.colcon_core.package_identification[0m [1;30mLevel 1[0m _identify(src) by extension 'python_setup_py'
[0.163s] [34mcolcon.colcon_core.package_identification[0m [1;30mLevel 1[0m _identify(src/custom_msgs) by extensions ['ignore', 'ignore_ament_install']
[0.163s] [34mcolcon.colcon_core.package_identification[0m [1;30mLevel 1[0m _identify(src/custom_msgs) by extension 'ignore'
[0.163s] [34mcolcon.colcon_core.package_identification[0m [1;30mLevel 1[0m _identify(src/custom_msgs) by extension 'ignore_ament_install'
[0.163s] [34mcolcon.colcon_core.package_identification[0m [1;30mLevel 1[0m _identify(src/custom_msgs) by extensions ['colcon_pkg']
[0.163s] [34mcolcon.colcon_core.package_identification[0m [1;30mLevel 1[0m _identify(src/custom_msgs) by extension 'colcon_pkg'
[0.163s] [34mcolcon.colcon_core.package_identification[0m [1;30mLevel 1[0m _identify(src/custom_msgs) by extensions ['colcon_meta']
[0.163s] [34mcolcon.colcon_core.package_identification[0m [1;30mLevel 1[0m _identify(src/custom_msgs) by extension 'colcon_meta'
[0.163s] [34mcolcon.colcon_core.package_identification[0m [1;30mLevel 1[0m _identify(src/custom_msgs) by extensions ['ros']
[0.163s] [34mcolcon.colcon_core.package_identification[0m [1;30mLevel 1[0m _identify(src/custom_msgs) by extension 'ros'
[0.165s] [34mcolcon.colcon_core.package_identification[0m [1;30mDEBUG[0m [32mPackage 'src/custom_msgs' with type 'ros.ament_python' and name 'custom_msgs'[0m
[0.165s] [34mcolcon.colcon_core.package_identification[0m [1;30mLevel 1[0m _identify(src/robot_controller) by extensions ['ignore', 'ignore_ament_install']
[0.165s] [34mcolcon.colcon_core.package_identification[0m [1;30mLevel 1[0m _identify(src/robot_controller) by extension 'ignore'
[0.165s] [34mcolcon.colcon_core.package_identification[0m [1;30mLevel 1[0m _identify(src/robot_controller) by extension 'ignore_ament_install'
[0.165s] [34mcolcon.colcon_core.package_identification[0m [1;30mLevel 1[0m _identify(src/robot_controller) by extensions ['colcon_pkg']
[0.166s] [34mcolcon.colcon_core.package_identification[0m [1;30mLevel 1[0m _identify(src/robot_controller) by extension 'colcon_pkg'
[0.166s] [34mcolcon.colcon_core.package_identification[0m [1;30mLevel 1[0m _identify(src/robot_controller) by extensions ['colcon_meta']
[0.166s] [34mcolcon.colcon_core.package_identification[0m [1;30mLevel 1[0m _identify(src/robot_controller) by extension 'colcon_meta'
[0.166s] [34mcolcon.colcon_core.package_identification[0m [1;30mLevel 1[0m _identify(src/robot_controller) by extensions ['ros']
[0.166s] [34mcolcon.colcon_core.package_identification[0m [1;30mLevel 1[0m _identify(src/robot_controller) by extension 'ros'
[0.166s] [34mcolcon.colcon_core.package_identification[0m [1;30mDEBUG[0m [32mPackage 'src/robot_controller' with type 'ros.ament_python' and name 'robot_controller'[0m
[0.166s] [34mcolcon.colcon_core.package_discovery[0m [1;30mLevel 1[0m discover_packages(recursive) using defaults
[0.166s] [34mcolcon.colcon_core.package_discovery[0m [1;30mLevel 1[0m discover_packages(ignore) discover
[0.166s] [34mcolcon.colcon_core.package_discovery[0m [1;30mLevel 1[0m discover_packages(ignore) using defaults
[0.166s] [34mcolcon.colcon_core.package_discovery[0m [1;30mLevel 1[0m discover_packages(path) discover
[0.166s] [34mcolcon.colcon_core.package_discovery[0m [1;30mLevel 1[0m discover_packages(path) using defaults
[0.177s] [34mcolcon.colcon_core.package_selection[0m [1;30mINFO[0m Skipping not selected package 'custom_msgs' in 'src/custom_msgs'
[0.177s] [34mcolcon.colcon_core.verb[0m [1;30mLevel 5[0m set package 'robot_controller' build argument 'cmake_args' from command line to 'None'
[0.178s] [34mcolcon.colcon_core.verb[0m [1;30mLevel 5[0m set package 'robot_controller' build argument 'cmake_target' from command line to 'None'
[0.178s] [34mcolcon.colcon_core.verb[0m [1;30mLevel 5[0m set package 'robot_controller' build argument 'cmake_target_skip_unavailable' from command line to 'False'
[0.178s] [34mcolcon.colcon_core.verb[0m [1;30mLevel 5[0m set package 'robot_controller' build argument 'cmake_clean_cache' from command line to 'False'
[0.178s] [34mcolcon.colcon_core.verb[0m [1;30mLevel 5[0m set package 'robot_controller' build argument 'cmake_clean_first' from command line to 'False'
[0.178s] [34mcolcon.colcon_core.verb[0m [1;30mLevel 5[0m set package 'robot_controller' build argument 'cmake_force_configure' from command line to 'False'
[0.178s] [34mcolcon.colcon_core.verb[0m [1;30mLevel 5[0m set package 'robot_controller' build argument 'ament_cmake_args' from command line to 'None'
[0.178s] [34mcolcon.colcon_core.verb[0m [1;30mLevel 5[0m set package 'robot_controller' build argument 'catkin_cmake_args' from command line to 'None'
[0.178s] [34mcolcon.colcon_core.verb[0m [1;30mLevel 5[0m set package 'robot_controller' build argument 'catkin_skip_building_tests' from command line to 'False'
[0.178s] [34mcolcon.colcon_core.verb[0m [1;30mDEBUG[0m [32mBuilding package 'robot_controller' with the following arguments: {'ament_cmake_args': None, 'build_base': '/Users/sohamverma/Documents/Dev/ARCh/ARCh2025-BaseStation/ros2_ws_py/build/robot_controller', 'catkin_cmake_args': None, 'catkin_skip_building_tests': False, 'cmake_args': None, 'cmake_clean_cache': False, 'cmake_clean_first': False, 'cmake_force_configure': False, 'cmake_target': None, 'cmake_target_skip_unavailable': False, 'install_base': '/Users/sohamverma/Documents/Dev/ARCh/ARCh2025-BaseStation/ros2_ws_py/install/robot_controller', 'merge_install': False, 'path': '/Users/sohamverma/Documents/Dev/ARCh/ARCh2025-BaseStation/ros2_ws_py/src/robot_controller', 'symlink_install': False, 'test_result_base': None}[0m
[0.178s] [34mcolcon.colcon_core.executor[0m [1;30mINFO[0m Executing jobs using 'parallel' executor
[0.178s] [34mcolcon.colcon_parallel_executor.executor.parallel[0m [1;30mDEBUG[0m [32mrun_until_complete[0m
[0.178s] [34mcolcon.colcon_ros.task.ament_python.build[0m [1;30mINFO[0m Building ROS package in '/Users/sohamverma/Documents/Dev/ARCh/ARCh2025-BaseStation/ros2_ws_py/src/robot_controller' with build type 'ament_python'
[0.178s] [34mcolcon.colcon_core.shell[0m [1;30mLevel 1[0m create_environment_hook('robot_controller', 'ament_prefix_path')
[0.180s] [34mcolcon.colcon_core.plugin_system[0m [1;30mINFO[0m Skipping extension 'colcon_core.shell.bat': Not used on non-Windows systems
[0.180s] [34mcolcon.colcon_core.shell[0m [1;30mINFO[0m Creating environment hook '/Users/sohamverma/Documents/Dev/ARCh/ARCh2025-BaseStation/ros2_ws_py/install/robot_controller/share/robot_controller/hook/ament_prefix_path.ps1'
[0.180s] [34mcolcon.colcon_core.shell[0m [1;30mINFO[0m Creating environment descriptor '/Users/sohamverma/Documents/Dev/ARCh/ARCh2025-BaseStation/ros2_ws_py/install/robot_controller/share/robot_controller/hook/ament_prefix_path.dsv'
[0.181s] [34mcolcon.colcon_core.shell[0m [1;30mINFO[0m Creating environment hook '/Users/sohamverma/Documents/Dev/ARCh/ARCh2025-BaseStation/ros2_ws_py/install/robot_controller/share/robot_controller/hook/ament_prefix_path.sh'
[0.181s] [34mcolcon.colcon_core.shell[0m [1;30mINFO[0m Skip shell extension 'powershell' for command environment: Not usable outside of PowerShell
[0.181s] [34mcolcon.colcon_core.shell[0m [1;30mDEBUG[0m [32mSkip shell extension 'dsv' for command environment[0m
[0.350s] [34mcolcon.colcon_core.task.python.build[0m [1;30mINFO[0m Building Python package in '/Users/sohamverma/Documents/Dev/ARCh/ARCh2025-BaseStation/ros2_ws_py/src/robot_controller'
[0.350s] [34mcolcon.colcon_core.shell[0m [1;30mINFO[0m Skip shell extension 'powershell' for command environment: Not usable outside of PowerShell
[0.350s] [34mcolcon.colcon_core.shell[0m [1;30mDEBUG[0m [32mSkip shell extension 'dsv' for command environment[0m
[0.680s] [34mcolcon.colcon_core.event_handler.log_command[0m [1;30mDEBUG[0m [32mInvoking command in '/Users/sohamverma/Documents/Dev/ARCh/ARCh2025-BaseStation/ros2_ws_py/src/robot_controller': CONDA_PROMPT_MODIFIER=(ros_env) PYTHONPATH=/Users/sohamverma/Documents/Dev/ARCh/ARCh2025-BaseStation/ros2_ws_py/build/robot_controller/prefix_override:/opt/anaconda3/envs/ros_env/lib/python3.11/site-packages/colcon_core/task/python/colcon_distutils_commands:/Users/sohamverma/Documents/Dev/ARCh/ARCh2025-BaseStation/ros2_ws_py/install/robot_controller/lib/python3.11/site-packages:${PYTHONPATH} SHLVL=4 _=/opt/anaconda3/envs/ros_env/bin/env /opt/anaconda3/envs/ros_env/bin/python3.11 -W ignore:setup.py install is deprecated setup.py egg_info --egg-base ../../build/robot_controller build --build-base /Users/sohamverma/Documents/Dev/ARCh/ARCh2025-BaseStation/ros2_ws_py/build/robot_controller/build install --record /Users/sohamverma/Documents/Dev/ARCh/ARCh2025-BaseStation/ros2_ws_py/build/robot_controller/install.log --single-version-externally-managed install_data[0m
[1.031s] [34mcolcon.colcon_core.event_handler.log_command[0m [1;30mDEBUG[0m [32mInvoked command in '/Users/sohamverma/Documents/Dev/ARCh/ARCh2025-BaseStation/ros2_ws_py/src/robot_controller' returned '0': CONDA_PROMPT_MODIFIER=(ros_env) PYTHONPATH=/Users/sohamverma/Documents/Dev/ARCh/ARCh2025-BaseStation/ros2_ws_py/build/robot_controller/prefix_override:/opt/anaconda3/envs/ros_env/lib/python3.11/site-packages/colcon_core/task/python/colcon_distutils_commands:/Users/sohamverma/Documents/Dev/ARCh/ARCh2025-BaseStation/ros2_ws_py/install/robot_controller/lib/python3.11/site-packages:${PYTHONPATH} SHLVL=4 _=/opt/anaconda3/envs/ros_env/bin/env /opt/anaconda3/envs/ros_env/bin/python3.11 -W ignore:setup.py install is deprecated setup.py egg_info --egg-base ../../build/robot_controller build --build-base /Users/sohamverma/Documents/Dev/ARCh/ARCh2025-BaseStation/ros2_ws_py/build/robot_controller/build install --record /Users/sohamverma/Documents/Dev/ARCh/ARCh2025-BaseStation/ros2_ws_py/build/robot_controller/install.log --single-version-externally-managed install_data[0m
[1.033s] [34mcolcon.colcon_core.environment[0m [1;30mLevel 1[0m checking '/Users/sohamverma/Documents/Dev/ARCh/ARCh2025-BaseStation/ros2_ws_py/install/robot_controller' for CMake module files
[1.033s] [34mcolcon.colcon_core.environment[0m [1;30mLevel 1[0m checking '/Users/sohamverma/Documents/Dev/ARCh/ARCh2025-BaseStation/ros2_ws_py/install/robot_controller' for CMake config files
[1.034s] [34mcolcon.colcon_core.environment[0m [1;30mLevel 1[0m checking '/Users/sohamverma/Documents/Dev/ARCh/ARCh2025-BaseStation/ros2_ws_py/install/robot_controller/lib'
[1.034s] [34mcolcon.colcon_core.environment[0m [1;30mLevel 1[0m checking '/Users/sohamverma/Documents/Dev/ARCh/ARCh2025-BaseStation/ros2_ws_py/install/robot_controller/bin'
[1.034s] [34mcolcon.colcon_core.environment[0m [1;30mLevel 1[0m checking '/Users/sohamverma/Documents/Dev/ARCh/ARCh2025-BaseStation/ros2_ws_py/install/robot_controller/lib/pkgconfig/robot_controller.pc'
[1.034s] [34mcolcon.colcon_core.environment[0m [1;30mLevel 1[0m checking '/Users/sohamverma/Documents/Dev/ARCh/ARCh2025-BaseStation/ros2_ws_py/install/robot_controller/lib/python3.11/site-packages'
[1.034s] [34mcolcon.colcon_core.shell[0m [1;30mLevel 1[0m create_environment_hook('robot_controller', 'pythonpath')
[1.034s] [34mcolcon.colcon_core.shell[0m [1;30mINFO[0m Creating environment hook '/Users/sohamverma/Documents/Dev/ARCh/ARCh2025-BaseStation/ros2_ws_py/install/robot_controller/share/robot_controller/hook/pythonpath.ps1'
[1.035s] [34mcolcon.colcon_core.shell[0m [1;30mINFO[0m Creating environment descriptor '/Users/sohamverma/Documents/Dev/ARCh/ARCh2025-BaseStation/ros2_ws_py/install/robot_controller/share/robot_controller/hook/pythonpath.dsv'
[1.035s] [34mcolcon.colcon_core.shell[0m [1;30mINFO[0m Creating environment hook '/Users/sohamverma/Documents/Dev/ARCh/ARCh2025-BaseStation/ros2_ws_py/install/robot_controller/share/robot_controller/hook/pythonpath.sh'
[1.035s] [34mcolcon.colcon_core.environment[0m [1;30mLevel 1[0m checking '/Users/sohamverma/Documents/Dev/ARCh/ARCh2025-BaseStation/ros2_ws_py/install/robot_controller/bin'
[1.035s] [34mcolcon.colcon_core.environment[0m [1;30mLevel 1[0m create_environment_scripts_only(robot_controller)
[1.036s] [34mcolcon.colcon_core.shell[0m [1;30mINFO[0m Creating package script '/Users/sohamverma/Documents/Dev/ARCh/ARCh2025-BaseStation/ros2_ws_py/install/robot_controller/share/robot_controller/package.ps1'
[1.036s] [34mcolcon.colcon_core.shell[0m [1;30mINFO[0m Creating package descriptor '/Users/sohamverma/Documents/Dev/ARCh/ARCh2025-BaseStation/ros2_ws_py/install/robot_controller/share/robot_controller/package.dsv'
[1.036s] [34mcolcon.colcon_core.shell[0m [1;30mINFO[0m Creating package script '/Users/sohamverma/Documents/Dev/ARCh/ARCh2025-BaseStation/ros2_ws_py/install/robot_controller/share/robot_controller/package.sh'
[1.037s] [34mcolcon.colcon_core.shell[0m [1;30mINFO[0m Creating package script '/Users/sohamverma/Documents/Dev/ARCh/ARCh2025-BaseStation/ros2_ws_py/install/robot_controller/share/robot_controller/package.bash'
[1.037s] [34mcolcon.colcon_core.shell[0m [1;30mINFO[0m Creating package script '/Users/sohamverma/Documents/Dev/ARCh/ARCh2025-BaseStation/ros2_ws_py/install/robot_controller/share/robot_controller/package.zsh'
[1.038s] [34mcolcon.colcon_core.environment[0m [1;30mLevel 1[0m create_file_with_runtime_dependencies(/Users/sohamverma/Documents/Dev/ARCh/ARCh2025-BaseStation/ros2_ws_py/install/robot_controller/share/colcon-core/packages/robot_controller)
[1.038s] [34mcolcon.colcon_parallel_executor.executor.parallel[0m [1;30mDEBUG[0m [32mclosing loop[0m
[1.038s] [34mcolcon.colcon_parallel_executor.executor.parallel[0m [1;30mDEBUG[0m [32mloop closed[0m
[1.038s] [34mcolcon.colcon_parallel_executor.executor.parallel[0m [1;30mDEBUG[0m [32mrun_until_complete finished with '0'[0m
[1.038s] [34mcolcon.colcon_core.event_reactor[0m [1;30mDEBUG[0m [32mjoining thread[0m
[1.039s] [34mcolcon.colcon_core.event_reactor[0m [1;30mDEBUG[0m [32mjoined thread[0m
[1.039s] [34mcolcon.colcon_core.shell[0m [1;30mINFO[0m Creating prefix script '/Users/sohamverma/Documents/Dev/ARCh/ARCh2025-BaseStation/ros2_ws_py/install/local_setup.ps1'
[1.039s] [34mcolcon.colcon_core.shell[0m [1;30mINFO[0m Creating prefix util module '/Users/sohamverma/Documents/Dev/ARCh/ARCh2025-BaseStation/ros2_ws_py/install/_local_setup_util_ps1.py'
[1.040s] [34mcolcon.colcon_core.shell[0m [1;30mINFO[0m Creating prefix chain script '/Users/sohamverma/Documents/Dev/ARCh/ARCh2025-BaseStation/ros2_ws_py/install/setup.ps1'
[1.041s] [34mcolcon.colcon_core.shell[0m [1;30mINFO[0m Creating prefix script '/Users/sohamverma/Documents/Dev/ARCh/ARCh2025-BaseStation/ros2_ws_py/install/local_setup.sh'
[1.041s] [34mcolcon.colcon_core.shell[0m [1;30mINFO[0m Creating prefix util module '/Users/sohamverma/Documents/Dev/ARCh/ARCh2025-BaseStation/ros2_ws_py/install/_local_setup_util_sh.py'
[1.041s] [34mcolcon.colcon_core.shell[0m [1;30mINFO[0m Creating prefix chain script '/Users/sohamverma/Documents/Dev/ARCh/ARCh2025-BaseStation/ros2_ws_py/install/setup.sh'
[1.042s] [34mcolcon.colcon_core.shell[0m [1;30mINFO[0m Creating prefix script '/Users/sohamverma/Documents/Dev/ARCh/ARCh2025-BaseStation/ros2_ws_py/install/local_setup.bash'
[1.042s] [34mcolcon.colcon_core.shell[0m [1;30mINFO[0m Creating prefix chain script '/Users/sohamverma/Documents/Dev/ARCh/ARCh2025-BaseStation/ros2_ws_py/install/setup.bash'
[1.043s] [34mcolcon.colcon_core.shell[0m [1;30mINFO[0m Creating prefix script '/Users/sohamverma/Documents/Dev/ARCh/ARCh2025-BaseStation/ros2_ws_py/install/local_setup.zsh'
[1.043s] [34mcolcon.colcon_core.shell[0m [1;30mINFO[0m Creating prefix chain script '/Users/sohamverma/Documents/Dev/ARCh/ARCh2025-BaseStation/ros2_ws_py/install/setup.zsh'
